============================= test session starts ==============================
platform linux -- Python 3.12.2, pytest-9.0.3, pluggy-1.6.0 -- /arf/home/scolakoglu/NLP_Project/.venv-audit/bin/python
cachedir: .pytest_cache
rootdir: /arf/home/scolakoglu/NLP_Project
configfile: pyproject.toml
plugins: cov-7.1.0, hydra-core-1.3.2, anyio-4.13.0
collecting ... collected 943 items / 2 deselected / 1 skipped / 941 selected

tests/annotation/test_auto_accept.py::TestAutoAccept::test_unambiguous_high_conf_accepted PASSED [  0%]
tests/annotation/test_auto_accept.py::TestAutoAccept::test_ambiguous_low_conf_not_accepted PASSED [  0%]
tests/annotation/test_auto_accept.py::TestAutoAccept::test_already_labeled_preserved PASSED [  0%]
tests/annotation/test_merge.py::TestMerge::test_seed_only PASSED         [  0%]
tests/annotation/test_merge.py::TestMerge::test_seed_plus_batch PASSED   [  0%]
tests/annotation/test_merge.py::TestMerge::test_deduplicates_by_sentence_id PASSED [  0%]
tests/benchmark/test_checklist_morpho.py::test_mft_covers_six_cases_and_six_persons PASSED [  0%]
tests/benchmark/test_checklist_morpho.py::test_mft_includes_negation_and_harmony PASSED [  0%]
tests/benchmark/test_checklist_morpho.py::test_inv_nonempty PASSED       [  0%]
tests/benchmark/test_checklist_morpho.py::test_dir_nonempty PASSED       [  1%]
tests/benchmark/test_checklist_morpho.py::test_run_checklist_collects_pass_fail PASSED [  1%]
tests/benchmark/test_competitor_accuracy.py::test_convert_delegates_to_ud_to_canonical PASSED [  1%]
tests/benchmark/test_competitor_accuracy.py::test_convert_empty_feats PASSED [  1%]
tests/benchmark/test_competitor_accuracy.py::test_compare_tags_exact_match PASSED [  1%]
tests/benchmark/test_competitor_accuracy.py::test_compare_tags_different_feats PASSED [  1%]
tests/benchmark/test_competitor_accuracy.py::test_compare_tags_different_pos PASSED [  1%]
tests/benchmark/test_competitor_accuracy.py::test_evaluate_stanza_returns_none_when_missing PASSED [  1%]
tests/benchmark/test_competitor_accuracy.py::test_evaluate_spacy_returns_none_when_missing PASSED [  1%]
tests/benchmark/test_competitor_accuracy.py::test_evaluate_udpipe_returns_none_when_missing PASSED [  2%]
tests/benchmark/test_competitor_accuracy.py::test_competitor_result_dataclass PASSED [  2%]
tests/benchmark/test_competitor_accuracy.py::test_generate_positioning_summary_nonempty PASSED [  2%]
tests/benchmark/test_competitor_accuracy.py::test_generate_positioning_summary_empty_results PASSED [  2%]
tests/benchmark/test_competitor_accuracy.py::test_run_benchmark_writes_table PASSED [  2%]
tests/benchmark/test_compound_eval.py::test_depth_bucket_splits_deep_tail PASSED [  2%]
tests/benchmark/test_compound_eval.py::test_compound_verb_roots_all_in_table PASSED [  2%]
tests/benchmark/test_compound_eval.py::test_evaluate_compound_handling_counts_correctly PASSED [  2%]
tests/benchmark/test_compound_eval.py::test_evaluate_compound_handling_misses_count PASSED [  2%]
tests/benchmark/test_compound_eval.py::test_si_ambiguity_primary_stratum PASSED [  2%]
tests/benchmark/test_compound_eval.py::test_si_ambiguity_compound_context_via_preceding_gen PASSED [  3%]
tests/benchmark/test_corpus_stats.py::TestComputeCorpusStats::test_basic_stats PASSED [  3%]
tests/benchmark/test_corpus_stats.py::TestComputeCorpusStats::test_coverage_at_k_monotonic PASSED [  3%]
tests/benchmark/test_corpus_stats.py::TestComputeCorpusStats::test_zipf_alpha_positive PASSED [  3%]
tests/benchmark/test_corpus_stats.py::TestComputeCorpusStats::test_empty_corpus PASSED [  3%]
tests/benchmark/test_corpus_stats.py::TestComputeCorpusStats::test_frozen_dataclass PASSED [  3%]
tests/benchmark/test_corpus_stats.py::TestRecommendCacheSize::test_returns_reasonable_int PASSED [  3%]
tests/benchmark/test_corpus_stats.py::TestRecommendCacheSize::test_high_target_returns_large PASSED [  3%]
tests/benchmark/test_corpus_stats.py::TestRecommendCacheSize::test_empty_coverage PASSED [  3%]
tests/benchmark/test_corpus_stats.py::TestRecommendCacheSize::test_already_met PASSED [  4%]
tests/benchmark/test_domain_bias.py::TestClassifyDomain::test_boun_source_is_formal PASSED [  4%]
tests/benchmark/test_domain_bias.py::TestClassifyDomain::test_imst_source_is_formal PASSED [  4%]
tests/benchmark/test_domain_bias.py::TestClassifyDomain::test_bounti_source_is_social_media PASSED [  4%]
tests/benchmark/test_domain_bias.py::TestClassifyDomain::test_tweet_source_is_social_media PASSED [  4%]
tests/benchmark/test_domain_bias.py::TestClassifyDomain::test_trendyol_source_is_informal PASSED [  4%]
tests/benchmark/test_domain_bias.py::TestClassifyDomain::test_ttc_source_is_news PASSED [  4%]
tests/benchmark/test_domain_bias.py::TestClassifyDomain::test_hashtag_text_is_social_media PASSED [  4%]
tests/benchmark/test_domain_bias.py::TestClassifyDomain::test_mention_text_is_social_media PASSED [  4%]
tests/benchmark/test_domain_bias.py::TestClassifyDomain::test_default_is_formal PASSED [  4%]
tests/benchmark/test_domain_bias.py::TestMeasureDomainBias::test_perfect_predictions_dpd_zero PASSED [  5%]
tests/benchmark/test_domain_bias.py::TestMeasureDomainBias::test_dpd_computation PASSED [  5%]
tests/benchmark/test_domain_bias.py::TestMeasureDomainBias::test_tpr_disparity_sums_near_zero PASSED [  5%]
tests/benchmark/test_domain_bias.py::TestMeasureDomainBias::test_small_domain_excluded_from_dpd PASSED [  5%]
tests/benchmark/test_domain_bias.py::TestMeasureDomainBias::test_single_domain_dpd_zero PASSED [  5%]
tests/benchmark/test_domain_bias.py::TestMeasureDomainBias::test_predictions_override PASSED [  5%]
tests/benchmark/test_domain_bias.py::TestMeasureDomainBias::test_domain_results_contain_n PASSED [  5%]
tests/benchmark/test_domain_bias.py::TestGenerateBiasSummary::test_returns_string PASSED [  5%]
tests/benchmark/test_domain_bias.py::TestGenerateBiasSummary::test_mentions_dpd PASSED [  5%]
tests/benchmark/test_domain_bias.py::TestGenerateBiasSummary::test_insufficient_data PASSED [  6%]
tests/benchmark/test_domain_bias.py::TestFrozenDataclass::test_domain_bias_report_is_frozen PASSED [  6%]
tests/benchmark/test_ensemble.py::TestMajorityVoteLogic::test_clear_majority PASSED [  6%]
tests/benchmark/test_ensemble.py::TestMajorityVoteLogic::test_unanimous PASSED [  6%]
tests/benchmark/test_ensemble.py::TestMajorityVoteLogic::test_all_different_picks_first_in_counter PASSED [  6%]
tests/benchmark/test_ensemble.py::TestMajorityVoteLogic::test_tie_breaking_by_em PASSED [  6%]
tests/benchmark/test_ensemble.py::TestDecodePrediction::test_decode_stops_at_eos PASSED [  6%]
tests/benchmark/test_ensemble.py::TestDecodePrediction::test_decode_skips_special_tokens PASSED [  6%]
tests/benchmark/test_ensemble.py::TestEnsembleIntegration::test_instantiation SKIPPED [  6%]
tests/benchmark/test_ensemble.py::TestEnsembleIntegration::test_analyze_returns_string SKIPPED [  7%]
tests/benchmark/test_error_analysis.py::test_levenshtein_basic PASSED    [  7%]
tests/benchmark/test_error_analysis.py::test_levenshtein_diacritic_aware PASSED [  7%]
tests/benchmark/test_error_analysis.py::test_classify_root_substitution PASSED [  7%]
tests/benchmark/test_error_analysis.py::test_classify_root_truncation PASSED [  7%]
tests/benchmark/test_error_analysis.py::test_classify_root_extension PASSED [  7%]
tests/benchmark/test_error_analysis.py::test_classify_root_hallucination PASSED [  7%]
tests/benchmark/test_error_analysis.py::test_classify_tag_missing_and_extra PASSED [  7%]
tests/benchmark/test_error_analysis.py::test_classify_exact_match_skipped PASSED [  7%]
tests/benchmark/test_error_analysis.py::test_severity_monotonic_root_worse_than_tag PASSED [  7%]
tests/benchmark/test_error_analysis.py::test_compute_severity_hallucination_weights_1 PASSED [  8%]
tests/benchmark/test_error_analysis.py::test_oracle_projection_arithmetic PASSED [  8%]
tests/benchmark/test_error_analysis.py::test_confusion_matrix_case_shape PASSED [  8%]
tests/benchmark/test_error_analysis.py::test_generate_error_report_writes_files PASSED [  8%]
tests/benchmark/test_intrinsic_eval.py::TestExactMatch::test_perfect PASSED [  8%]
tests/benchmark/test_intrinsic_eval.py::TestExactMatch::test_none PASSED [  8%]
tests/benchmark/test_intrinsic_eval.py::TestExactMatch::test_partial PASSED [  8%]
tests/benchmark/test_intrinsic_eval.py::TestExactMatch::test_empty PASSED [  8%]
tests/benchmark/test_intrinsic_eval.py::TestRootAccuracy::test_correct_roots PASSED [  8%]
tests/benchmark/test_intrinsic_eval.py::TestRootAccuracy::test_wrong_roots PASSED [  9%]
tests/benchmark/test_intrinsic_eval.py::TestTagF1::test_perfect PASSED   [  9%]
tests/benchmark/test_intrinsic_eval.py::TestTagF1::test_partial_overlap PASSED [  9%]
tests/benchmark/test_intrinsic_eval.py::TestTagF1::test_no_tags PASSED   [  9%]
tests/benchmark/test_intrinsic_eval.py::TestAllMetrics::test_with_parse_counts PASSED [  9%]
tests/benchmark/test_llm_baseline.py::test_build_prompt_interpolation PASSED [  9%]
tests/benchmark/test_llm_baseline.py::test_build_prompt_with_context PASSED [  9%]
tests/benchmark/test_llm_baseline.py::test_parse_valid_json PASSED       [  9%]
tests/benchmark/test_llm_baseline.py::test_parse_fenced_json PASSED      [  9%]
tests/benchmark/test_llm_baseline.py::test_parse_fenced_no_lang PASSED   [  9%]
tests/benchmark/test_llm_baseline.py::test_parse_json_with_surrounding_text PASSED [ 10%]
tests/benchmark/test_llm_baseline.py::test_parse_garbage_returns_none PASSED [ 10%]
tests/benchmark/test_llm_baseline.py::test_parse_json_missing_keys_returns_none PASSED [ 10%]
tests/benchmark/test_llm_baseline.py::test_evaluate_anthropic_returns_none_without_key PASSED [ 10%]
tests/benchmark/test_llm_baseline.py::test_evaluate_openai_returns_none_without_key PASSED [ 10%]
tests/benchmark/test_llm_baseline.py::test_generate_prompt_templates_writes_json PASSED [ 10%]
tests/benchmark/test_llm_baseline.py::test_llm_baseline_result_dataclass PASSED [ 10%]
tests/benchmark/test_llm_baseline.py::test_llm_baseline_result_none_cost PASSED [ 10%]
tests/benchmark/test_minimal_pairs.py::test_load_pairs_from_yaml PASSED  [ 10%]
tests/benchmark/test_minimal_pairs.py::test_load_pairs_has_phenomenon_coverage PASSED [ 11%]
tests/benchmark/test_minimal_pairs.py::test_evaluate_oracle_model PASSED [ 11%]
tests/benchmark/test_minimal_pairs.py::test_evaluate_broken_model_fails PASSED [ 11%]
tests/benchmark/test_mis_metric.py::TestEmptyParses::test_compute_mis_empty_list PASSED [ 11%]
tests/benchmark/test_mis_metric.py::TestEmptyParses::test_entropy_empty_returns_zero PASSED [ 11%]
tests/benchmark/test_mis_metric.py::TestEmptyParses::test_density_empty_tags_returns_one PASSED [ 11%]
tests/benchmark/test_mis_metric.py::TestEmptyParses::test_complexity_root_only_returns_zero PASSED [ 11%]
tests/benchmark/test_mis_metric.py::TestSingleParse::test_single_parse_entropy_zero PASSED [ 11%]
tests/benchmark/test_mis_metric.py::TestSingleParse::test_mis_single_unambiguous_parse PASSED [ 11%]
tests/benchmark/test_mis_metric.py::TestEntropyIncreasesWithAmbiguity::test_one_parse_lower_than_two PASSED [ 12%]
tests/benchmark/test_mis_metric.py::TestEntropyIncreasesWithAmbiguity::test_two_parses_lower_than_four PASSED [ 12%]
tests/benchmark/test_mis_metric.py::TestEntropyIncreasesWithAmbiguity::test_entropy_equals_log2_of_n_parses PASSED [ 12%]
tests/benchmark/test_mis_metric.py::TestEntropyIncreasesWithAmbiguity::test_mis_increases_with_more_parses PASSED [ 12%]
tests/benchmark/test_mis_metric.py::TestCanonicalizationDensity::test_loc_tag_uses_count_four PASSED [ 12%]
tests/benchmark/test_mis_metric.py::TestCanonicalizationDensity::test_plu_tag_uses_count_two PASSED [ 12%]
tests/benchmark/test_mis_metric.py::TestCanonicalizationDensity::test_unknown_tag_defaults_to_one PASSED [ 12%]
tests/benchmark/test_mis_metric.py::TestCanonicalizationDensity::test_mean_over_multiple_tags PASSED [ 12%]
tests/benchmark/test_mis_metric.py::TestCanonicalizationDensity::test_mean_over_multiple_parses PASSED [ 12%]
tests/benchmark/test_mis_metric.py::TestStructuralComplexity::test_longer_chain_higher_complexity PASSED [ 12%]
tests/benchmark/test_mis_metric.py::TestStructuralComplexity::test_root_only_zero_complexity PASSED [ 13%]
tests/benchmark/test_mis_metric.py::TestStructuralComplexity::test_single_non_deriv_tag PASSED [ 13%]
tests/benchmark/test_mis_metric.py::TestStructuralComplexity::test_complexity_is_mean_over_parses PASSED [ 13%]
tests/benchmark/test_mis_metric.py::TestDerivationalTags::test_derivational_tag_increases_complexity_vs_nonderiv PASSED [ 13%]
tests/benchmark/test_mis_metric.py::TestDerivationalTags::test_all_derivational_tags_in_frozenset PASSED [ 13%]
tests/benchmark/test_mis_metric.py::TestDerivationalTags::test_mixed_deriv_ratio PASSED [ 13%]
tests/benchmark/test_mis_metric.py::TestDerivationalTags::test_full_deriv_chain PASSED [ 13%]
tests/benchmark/test_mis_metric.py::TestComputeMisReturnType::test_returns_float PASSED [ 13%]
tests/benchmark/test_mis_metric.py::TestComputeMisReturnType::test_result_in_unit_range PASSED [ 13%]
tests/benchmark/test_mis_metric.py::TestComputeMisReturnType::test_token_arg_ignored PASSED [ 14%]
tests/benchmark/test_mis_metric.py::TestComputeMisReturnType::test_consistency_with_normalized_components PASSED [ 14%]
tests/benchmark/test_mis_metric.py::TestWeights::test_weights_sum_to_one PASSED [ 14%]
tests/benchmark/test_mis_metric.py::TestWeights::test_individual_weights_positive PASSED [ 14%]
tests/benchmark/test_mis_metric.py::TestWeights::test_allomorph_counts_non_empty PASSED [ 14%]
tests/benchmark/test_robustness.py::test_deasciification_deterministic_with_seed PASSED [ 14%]
tests/benchmark/test_robustness.py::test_deasciification_respects_prob_zero PASSED [ 14%]
tests/benchmark/test_robustness.py::test_casing_turkish_i_rules PASSED   [ 14%]
tests/benchmark/test_robustness.py::test_casing_mode_unknown_raises PASSED [ 14%]
tests/benchmark/test_robustness.py::test_elongation_lengthens_vowels_and_appends_punct PASSED [ 14%]
tests/benchmark/test_robustness.py::test_code_switch_replaces_known_roots PASSED [ 15%]
tests/benchmark/test_robustness.py::test_hashtag_fuses_words PASSED      [ 15%]
tests/benchmark/test_robustness.py::test_run_suite_records_all_attacks PASSED [ 15%]
tests/benchmark/test_significance.py::TestPairedBootstrap::test_identical_systems PASSED [ 15%]
tests/benchmark/test_significance.py::TestPairedBootstrap::test_better_system_significant PASSED [ 15%]
tests/benchmark/test_significance.py::TestPairedBootstrap::test_cohens_d_positive PASSED [ 15%]
tests/benchmark/test_significance.py::TestHolmBonferroni::test_single_pvalue PASSED [ 15%]
tests/benchmark/test_significance.py::TestHolmBonferroni::test_correction_increases_pvalues PASSED [ 15%]
tests/benchmark/test_significance.py::TestHolmBonferroni::test_capped_at_one PASSED [ 15%]
tests/benchmark/test_significance.py::TestHolmBonferroni::test_empty PASSED [ 16%]
tests/benchmark/test_significance.py::test_multi_system_significance_report PASSED [ 16%]
tests/benchmark/test_speed_benchmark.py::test_percentile_basic PASSED    [ 16%]
tests/benchmark/test_speed_benchmark.py::test_percentile_empty_returns_zero PASSED [ 16%]
tests/benchmark/test_speed_benchmark.py::test_benchmark_inference_runs_stub_model PASSED [ 16%]
tests/benchmark/test_speed_benchmark.py::test_benchmark_competitors_skips_missing_gracefully PASSED [ 16%]
tests/benchmark/test_speed_benchmark.py::test_generate_speed_report_writes_markdown PASSED [ 16%]
tests/benchmark/test_standard_benchmarks.py::test_ud_to_canonical_case_and_number PASSED [ 16%]
tests/benchmark/test_standard_benchmarks.py::test_ud_to_canonical_possessive_joins PASSED [ 16%]
tests/benchmark/test_standard_benchmarks.py::test_ud_to_canonical_unknown_feat_skipped PASSED [ 17%]
tests/benchmark/test_standard_benchmarks.py::test_load_trmorph2018 PASSED [ 17%]
tests/benchmark/test_standard_benchmarks.py::test_load_trmorph2018_missing_raises PASSED [ 17%]
tests/benchmark/test_standard_benchmarks.py::test_load_ud_test_split PASSED [ 17%]
tests/benchmark/test_standard_benchmarks.py::test_evaluate_generation_mode_perfect PASSED [ 17%]
tests/benchmark/test_standard_benchmarks.py::test_evaluate_disambiguation_mode_mock_zeyrek PASSED [ 17%]
tests/benchmark/test_standard_benchmarks.py::test_run_standard_benchmarks_writes_report PASSED [ 17%]
tests/benchmark/test_stratified_eval.py::test_morpheme_depth PASSED      [ 17%]
tests/benchmark/test_stratified_eval.py::test_exact_and_f1 PASSED        [ 17%]
tests/benchmark/test_stratified_eval.py::test_per_tag_prf PASSED         [ 17%]
tests/benchmark/test_stratified_eval.py::test_stratify_by_depth PASSED   [ 18%]
tests/benchmark/test_stratified_eval.py::test_top20_confusion_aligned PASSED [ 18%]
tests/benchmark/test_stratified_eval.py::test_build_report_with_balanced PASSED [ 18%]
tests/benchmark/test_stratified_eval.py::test_balanced_subset_builder PASSED [ 18%]
tests/benchmark/test_tag_frequency.py::test_extract_tags_basic PASSED    [ 18%]
tests/benchmark/test_tag_frequency.py::test_count_tags_and_classes PASSED [ 18%]
tests/benchmark/test_tag_frequency.py::test_resolve_corpus_path_fails_loudly PASSED [ 18%]
tests/benchmark/test_tag_frequency.py::test_resolve_corpus_path_picks_jsonl_first PASSED [ 18%]
tests/benchmark/test_tag_frequency.py::test_write_json_roundtrip PASSED  [ 18%]
tests/benchmark/test_tag_frequency.py::test_format_markdown_has_header PASSED [ 19%]
tests/benchmark/test_tag_frequency.py::test_tsv_corpus_last_column PASSED [ 19%]
tests/benchmark/test_training_efficiency.py::TestTimeToThreshold::test_basic PASSED [ 19%]
tests/benchmark/test_training_efficiency.py::TestTimeToThreshold::test_never_reached PASSED [ 19%]
tests/benchmark/test_training_efficiency.py::TestTimeToThreshold::test_empty_history PASSED [ 19%]
tests/benchmark/test_training_efficiency.py::TestTimeToThreshold::test_first_epoch PASSED [ 19%]
tests/benchmark/test_training_efficiency.py::TestTimeToThreshold::test_custom_final_em PASSED [ 19%]
tests/benchmark/test_training_efficiency.py::TestAULC::test_constant PASSED [ 19%]
tests/benchmark/test_training_efficiency.py::TestAULC::test_increasing PASSED [ 19%]
tests/benchmark/test_training_efficiency.py::TestAULC::test_empty PASSED [ 19%]
tests/benchmark/test_training_efficiency.py::TestRelativeEfficiency::test_faster PASSED [ 20%]
tests/benchmark/test_training_efficiency.py::TestRelativeEfficiency::test_same PASSED [ 20%]
tests/benchmark/test_training_efficiency.py::TestRelativeEfficiency::test_slower PASSED [ 20%]
tests/benchmark/test_training_efficiency.py::TestComputeAll::test_basic PASSED [ 20%]
tests/benchmark/test_training_efficiency.py::TestComputeAll::test_with_baseline PASSED [ 20%]
tests/benchmark/test_training_efficiency.py::TestFormatTable::test_output PASSED [ 20%]
tests/benchmark/test_weighted_em.py::test_emma_identical PASSED          [ 20%]
tests/benchmark/test_weighted_em.py::test_emma_disjoint PASSED           [ 20%]
tests/benchmark/test_weighted_em.py::test_emma_empty_both PASSED         [ 20%]
tests/benchmark/test_weighted_em.py::test_emma_family_partial PASSED     [ 21%]
tests/benchmark/test_weighted_em.py::test_weighted_em_perfect PASSED     [ 21%]
tests/benchmark/test_weighted_em.py::test_weighted_em_root_wrong PASSED  [ 21%]
tests/benchmark/test_weighted_em.py::test_weighted_em_tags_wrong PASSED  [ 21%]
tests/benchmark/test_weighted_em.py::test_score_pair_perfect PASSED      [ 21%]
tests/benchmark/test_weighted_em.py::test_corpus_weighted_em PASSED      [ 21%]
tests/benchmark/test_weighted_em.py::test_corpus_weighted_em_mixed PASSED [ 21%]
tests/classify/test_embeddings.py::TestTfidfPipeline::test_tfidf_logreg_basic PASSED [ 21%]
tests/classify/test_morph_features.py::TestFitTransform::test_fit_returns_self PASSED [ 21%]
tests/classify/test_morph_features.py::TestFitTransform::test_transform_returns_ndarray PASSED [ 21%]
tests/classify/test_morph_features.py::TestFitTransform::test_output_shape PASSED [ 22%]
tests/classify/test_morph_features.py::TestFitTransform::test_output_dtype PASSED [ 22%]
tests/classify/test_morph_features.py::TestFeatureValues::test_noun_doc_has_high_noun_ratio PASSED [ 22%]
tests/classify/test_morph_features.py::TestFeatureValues::test_plural_doc_has_high_plu_ratio PASSED [ 22%]
tests/classify/test_morph_features.py::TestFeatureValues::test_lexical_diversity_all_unique PASSED [ 22%]
tests/classify/test_morph_features.py::TestFeatureValues::test_verb_doc_higher_verb_ratio PASSED [ 22%]
tests/classify/test_morph_features.py::TestFeatureNames::test_feature_names_count PASSED [ 22%]
tests/classify/test_morph_features.py::TestFeatureNames::test_feature_names_are_strings PASSED [ 22%]
tests/classify/test_morph_features.py::TestFeatureNames::test_feature_names_include_expected PASSED [ 22%]
tests/core/test_analyzer.py::TestMorphoAnalyzerInit::test_default_backend PASSED [ 23%]
tests/core/test_analyzer.py::TestMorphoAnalyzerInit::test_explicit_zeyrek PASSED [ 23%]
tests/core/test_analyzer.py::TestMorphoAnalyzerInit::test_unknown_backend_raises PASSED [ 23%]
tests/core/test_analyzer.py::TestMorphoAnalyzerAnalyze::test_returns_token_analyses PASSED [ 23%]
tests/core/test_analyzer.py::TestMorphoAnalyzerAnalyze::test_parses_simple_word PASSED [ 23%]
tests/core/test_analyzer.py::TestMorphoAnalyzerAnalyze::test_parses_inflected_word PASSED [ 23%]
tests/core/test_analyzer.py::TestMorphoAnalyzerAnalyze::test_deduplicates_across_backends PASSED [ 23%]
tests/core/test_analyzer.py::TestMorphoAnalyzerCache::test_cache_hit PASSED [ 23%]
tests/core/test_analyzer.py::TestMorphoAnalyzerCache::test_cache_miss PASSED [ 23%]
tests/core/test_analyzer.py::TestMorphoAnalyzerCache::test_cache_returns_same_result PASSED [ 24%]
tests/core/test_analyzer.py::TestMorphoAnalyzerPipe::test_pipe_basic PASSED [ 24%]
tests/core/test_analyzer.py::TestMorphoAnalyzerContextManager::test_context_manager PASSED [ 24%]
tests/core/test_analyzer_cache.py::TestEnableCache::test_enable_cache_replaces PASSED [ 24%]
tests/core/test_analyzer_cache.py::TestEnableCache::test_enable_cache_disk PASSED [ 24%]
tests/core/test_analyzer_cache.py::TestCacheStats::test_cache_stats_property PASSED [ 24%]
tests/core/test_analyzer_cache.py::TestCacheStats::test_cache_stats_after_usage PASSED [ 24%]
tests/core/test_cache.py::TestAnalysisCache::test_put_and_get PASSED     [ 24%]
tests/core/test_cache.py::TestAnalysisCache::test_miss PASSED            [ 24%]
tests/core/test_cache.py::TestAnalysisCache::test_eviction PASSED        [ 24%]
tests/core/test_cache.py::TestAnalysisCache::test_lru_order PASSED       [ 25%]
tests/core/test_cache.py::TestAnalysisCache::test_hit_rate PASSED        [ 25%]
tests/core/test_cache.py::TestAnalysisCache::test_clear PASSED           [ 25%]
tests/core/test_cache.py::TestAnalysisCacheStats::test_stats_keys PASSED [ 25%]
tests/core/test_cache.py::TestAnalysisCacheStats::test_stats_empty PASSED [ 25%]
tests/core/test_cache.py::TestDiskCache::test_disk_roundtrip PASSED      [ 25%]
tests/core/test_cache.py::TestDiskCache::test_disk_miss PASSED           [ 25%]
tests/core/test_cache.py::TestDiskCache::test_disk_promotes_to_memory PASSED [ 25%]
tests/core/test_cache.py::TestDiskCache::test_disk_stats PASSED          [ 25%]
tests/core/test_cache.py::TestDiskCache::test_warm_from_disk PASSED      [ 26%]
tests/core/test_cache.py::TestDiskCache::test_warm_from_disk_no_disk PASSED [ 26%]
tests/core/test_cache.py::TestDiskCache::test_clear_both_tiers PASSED    [ 26%]
tests/core/test_cache.py::TestBackwardCompat::test_no_disk_path PASSED   [ 26%]
tests/core/test_code_switch.py::TestSplitForeignSuffix::test_ascii_apostrophe PASSED [ 26%]
tests/core/test_code_switch.py::TestSplitForeignSuffix::test_unicode_right_quote PASSED [ 26%]
tests/core/test_code_switch.py::TestSplitForeignSuffix::test_unicode_modifier_apostrophe PASSED [ 26%]
tests/core/test_code_switch.py::TestSplitForeignSuffix::test_unicode_left_quote PASSED [ 26%]
tests/core/test_code_switch.py::TestSplitForeignSuffix::test_no_apostrophe PASSED [ 26%]
tests/core/test_code_switch.py::TestSplitForeignSuffix::test_empty PASSED [ 26%]
tests/core/test_code_switch.py::TestSplitForeignSuffix::test_apostrophe_at_start PASSED [ 27%]
tests/core/test_code_switch.py::TestSplitForeignSuffix::test_apostrophe_at_end PASSED [ 27%]
tests/core/test_code_switch.py::TestSplitForeignSuffix::test_iphone PASSED [ 27%]
tests/core/test_code_switch.py::TestSplitForeignSuffix::test_biden PASSED [ 27%]
tests/core/test_code_switch.py::TestSplitForeignSuffix::test_netflix PASSED [ 27%]
tests/core/test_code_switch.py::TestClassifyForeignRoot::test_verb_stem_la PASSED [ 27%]
tests/core/test_code_switch.py::TestClassifyForeignRoot::test_verb_stem_le PASSED [ 27%]
tests/core/test_code_switch.py::TestClassifyForeignRoot::test_proper_noun_uppercase PASSED [ 27%]
tests/core/test_code_switch.py::TestClassifyForeignRoot::test_proper_noun_genitive PASSED [ 27%]
tests/core/test_code_switch.py::TestClassifyForeignRoot::test_noun_lowercase PASSED [ 28%]
tests/core/test_code_switch.py::TestClassifyForeignRoot::test_noun_default PASSED [ 28%]
tests/core/test_code_switch.py::TestDetectCodeSwitch::test_google_ladim PASSED [ 28%]
tests/core/test_code_switch.py::TestDetectCodeSwitch::test_iphone_possessive PASSED [ 28%]
tests/core/test_code_switch.py::TestDetectCodeSwitch::test_biden_dative PASSED [ 28%]
tests/core/test_code_switch.py::TestDetectCodeSwitch::test_netflix_ablative PASSED [ 28%]
tests/core/test_code_switch.py::TestDetectCodeSwitch::test_tweet_verb PASSED [ 28%]
tests/core/test_code_switch.py::TestDetectCodeSwitch::test_abbreviation_defers PASSED [ 28%]
tests/core/test_code_switch.py::TestDetectCodeSwitch::test_abbreviation_ab_defers PASSED [ 28%]
tests/core/test_code_switch.py::TestDetectCodeSwitch::test_no_apostrophe PASSED [ 29%]
tests/core/test_code_switch.py::TestDetectCodeSwitch::test_empty PASSED  [ 29%]
tests/core/test_code_switch.py::TestDetectCodeSwitch::test_turkish_root_defers PASSED [ 29%]
tests/core/test_code_switch.py::TestDetectCodeSwitch::test_original_preserved PASSED [ 29%]
tests/core/test_code_switch.py::TestAnalyzeForeignSuffixes::test_ladim PASSED [ 29%]
tests/core/test_code_switch.py::TestAnalyzeForeignSuffixes::test_ledim PASSED [ 29%]
tests/core/test_code_switch.py::TestAnalyzeForeignSuffixes::test_genitive_un PASSED [ 29%]
tests/core/test_code_switch.py::TestAnalyzeForeignSuffixes::test_genitive_in PASSED [ 29%]
tests/core/test_code_switch.py::TestAnalyzeForeignSuffixes::test_dative_a PASSED [ 29%]
tests/core/test_code_switch.py::TestAnalyzeForeignSuffixes::test_dative_e PASSED [ 29%]
tests/core/test_code_switch.py::TestAnalyzeForeignSuffixes::test_ablative_ten PASSED [ 30%]
tests/core/test_code_switch.py::TestAnalyzeForeignSuffixes::test_ablative_dan PASSED [ 30%]
tests/core/test_code_switch.py::TestAnalyzeForeignSuffixes::test_plural_ler PASSED [ 30%]
tests/core/test_code_switch.py::TestAnalyzeForeignSuffixes::test_plural_lar PASSED [ 30%]
tests/core/test_code_switch.py::TestAnalyzeForeignSuffixes::test_empty_suffix PASSED [ 30%]
tests/core/test_code_switch.py::TestAnalyzeForeignSuffixes::test_none_vowel PASSED [ 30%]
tests/core/test_code_switch.py::TestAnalyzeForeignSuffixes::test_relaxed_harmony_default PASSED [ 30%]
tests/core/test_code_switch.py::TestAnalyzeForeignSuffixes::test_locative_da PASSED [ 30%]
tests/core/test_code_switch.py::TestAnalyzeForeignSuffixes::test_verb_prog PASSED [ 30%]
tests/core/test_code_switch.py::TestAnalyzerCodeSwitchIntegration::test_disabled_by_default PASSED [ 31%]
tests/core/test_code_switch.py::TestAnalyzerCodeSwitchIntegration::test_enabled_detects_foreign PASSED [ 31%]
tests/core/test_code_switch.py::TestAnalyzerCodeSwitchIntegration::test_cache_isolation PASSED [ 31%]
tests/core/test_code_switch.py::TestAnalyzerCodeSwitchIntegration::test_score_is_0_9 PASSED [ 31%]
tests/core/test_code_switch.py::TestAnalyzerCodeSwitchIntegration::test_non_code_switch_falls_through PASSED [ 31%]
tests/core/test_code_switch.py::TestAnalyzerCodeSwitchIntegration::test_abbreviation_not_captured PASSED [ 31%]
tests/core/test_compound_lexicon.py::TestDecomposeFusedLvc::test_known_gemination_form PASSED [ 31%]
tests/core/test_compound_lexicon.py::TestDecomposeFusedLvc::test_known_progressive_form PASSED [ 31%]
tests/core/test_compound_lexicon.py::TestDecomposeFusedLvc::test_known_ol_form PASSED [ 31%]
tests/core/test_compound_lexicon.py::TestDecomposeFusedLvc::test_known_elision_form PASSED [ 31%]
tests/core/test_compound_lexicon.py::TestDecomposeFusedLvc::test_non_fused_returns_none PASSED [ 32%]
tests/core/test_compound_lexicon.py::TestDecomposeFusedLvc::test_empty_input PASSED [ 32%]
tests/core/test_compound_lexicon.py::TestDecomposeFusedLvc::test_longest_prefix_match_wins PASSED [ 32%]
tests/core/test_compound_lexicon.py::TestDecomposeFusedLvc::test_case_insensitive PASSED [ 32%]
tests/core/test_compound_lexicon.py::TestDecomposeFusedLvc::test_is_fused_lvc PASSED [ 32%]
tests/core/test_compound_lexicon.py::TestMorphophonologicalFilter::test_gemination_accepted PASSED [ 32%]
tests/core/test_compound_lexicon.py::TestMorphophonologicalFilter::test_elision_accepted PASSED [ 32%]
tests/core/test_compound_lexicon.py::TestMorphophonologicalFilter::test_voicing_accepted PASSED [ 32%]
tests/core/test_compound_lexicon.py::TestMorphophonologicalFilter::test_plain_concatenation_rejected PASSED [ 32%]
tests/core/test_compound_lexicon.py::TestMorphophonologicalFilter::test_unrelated_rejected PASSED [ 33%]
tests/core/test_compound_lexicon.py::TestRestoreCandidates::test_degemination_candidate PASSED [ 33%]
tests/core/test_compound_lexicon.py::TestRestoreCandidates::test_devoicing_candidate PASSED [ 33%]
tests/core/test_compound_lexicon.py::TestMineCorpus::test_mining_smoke_skips_normal_verbs PASSED [ 33%]
tests/core/test_compound_lexicon.py::TestMineCorpus::test_mining_handles_zeyrek_exceptions PASSED [ 33%]
tests/core/test_compound_lexicon.py::test_table_entries_are_well_formed PASSED [ 33%]
tests/core/test_compound_lexicon.py::test_analyzer_decompose_lvc_flag PASSED [ 33%]
tests/core/test_constants.py::TestZeyrekToCanonical::test_all_canonical_tags_follow_format PASSED [ 33%]
tests/core/test_constants.py::TestZeyrekToCanonical::test_no_none_values PASSED [ 33%]
tests/core/test_constants.py::TestZeyrekToCanonical::test_case_suffixes_present PASSED [ 34%]
tests/core/test_constants.py::TestZeyrekToCanonical::test_possession_paradigm_complete PASSED [ 34%]
tests/core/test_constants.py::TestZeyrekToCanonical::test_tense_tags_present PASSED [ 34%]
tests/core/test_constants.py::TestZeyrekToCanonical::test_known_mappings PASSED [ 34%]
tests/core/test_constants.py::TestZeyrekToCanonical::test_unmarked_features_are_empty PASSED [ 34%]
tests/core/test_constants.py::TestZeyrekToCanonical::test_has_sufficient_mappings PASSED [ 34%]
tests/core/test_constants.py::TestTRMorphToCanonical::test_all_canonical_tags_follow_format PASSED [ 34%]
tests/core/test_constants.py::TestTRMorphToCanonical::test_canonical_alignment PASSED [ 34%]
tests/core/test_constants.py::TestUnmarkedFeatures::test_unmarked_set_populated PASSED [ 34%]
tests/core/test_datatypes.py::TestMorpheme::test_creation PASSED         [ 34%]
tests/core/test_datatypes.py::TestMorpheme::test_frozen PASSED           [ 35%]
tests/core/test_datatypes.py::TestMorpheme::test_equality PASSED         [ 35%]
tests/core/test_datatypes.py::TestMorpheme::test_hashable PASSED         [ 35%]
tests/core/test_datatypes.py::TestMorphologicalAnalysis::test_creation PASSED [ 35%]
tests/core/test_datatypes.py::TestMorphologicalAnalysis::test_frozen PASSED [ 35%]
tests/core/test_datatypes.py::TestMorphologicalAnalysis::test_lemma PASSED [ 35%]
tests/core/test_datatypes.py::TestMorphologicalAnalysis::test_to_str PASSED [ 35%]
tests/core/test_datatypes.py::TestMorphologicalAnalysis::test_to_str_root_only PASSED [ 35%]
tests/core/test_datatypes.py::TestMorphologicalAnalysis::test_tag_order_preserved PASSED [ 35%]
tests/core/test_datatypes.py::TestMorphologicalAnalysis::test_to_conllu PASSED [ 36%]
tests/core/test_datatypes.py::TestMorphologicalAnalysis::test_parse_identity PASSED [ 36%]
tests/core/test_datatypes.py::TestMorphologicalAnalysis::test_different_parses_different_identity PASSED [ 36%]
tests/core/test_datatypes.py::TestTokenAnalyses::test_ambiguous PASSED   [ 36%]
tests/core/test_datatypes.py::TestTokenAnalyses::test_unambiguous PASSED [ 36%]
tests/core/test_datatypes.py::TestTokenAnalyses::test_empty PASSED       [ 36%]
tests/core/test_datatypes.py::TestTokenAnalyses::test_best PASSED        [ 36%]
tests/core/test_output_formats.py::TestOutputFormatterInit::test_valid_modes PASSED [ 36%]
tests/core/test_output_formats.py::TestOutputFormatterInit::test_invalid_mode_raises PASSED [ 36%]
tests/core/test_output_formats.py::TestTextMode::test_contains_surface_and_tags PASSED [ 36%]
tests/core/test_output_formats.py::TestTextMode::test_empty_analyses PASSED [ 37%]
tests/core/test_output_formats.py::TestJsonMode::test_valid_json PASSED  [ 37%]
tests/core/test_output_formats.py::TestJsonMode::test_root_and_tags PASSED [ 37%]
tests/core/test_output_formats.py::TestJsonMode::test_turkish_chars_preserved PASSED [ 37%]
tests/core/test_output_formats.py::TestJsonMode::test_empty_analyses PASSED [ 37%]
tests/core/test_output_formats.py::TestMinimalMode::test_no_ansi_codes PASSED [ 37%]
tests/core/test_output_formats.py::TestMinimalMode::test_tab_separated PASSED [ 37%]
tests/core/test_output_formats.py::TestMinimalMode::test_empty_analyses PASSED [ 37%]
tests/core/test_output_formats.py::TestBatchFormatting::test_json_batch_valid PASSED [ 37%]
tests/core/test_output_formats.py::TestBatchFormatting::test_text_batch_newline_separated PASSED [ 38%]
tests/core/test_output_formats.py::TestBatchFormatting::test_empty_batch PASSED [ 38%]
tests/core/test_output_formats.py::TestBatchFormatting::test_minimal_batch PASSED [ 38%]
tests/core/test_phonology.py::TestLastVowel::test_simple PASSED          [ 38%]
tests/core/test_phonology.py::TestLastVowel::test_no_vowels PASSED       [ 38%]
tests/core/test_phonology.py::TestLastVowel::test_turkish_vowels PASSED  [ 38%]
tests/core/test_phonology.py::TestVowelHarmony::test_front PASSED        [ 38%]
tests/core/test_phonology.py::TestVowelHarmony::test_back PASSED         [ 38%]
tests/core/test_phonology.py::TestVowelHarmony::test_rounded PASSED      [ 38%]
tests/core/test_special_tokens.py::TestAbbreviations::test_acronym_word_pronunciation PASSED [ 39%]
tests/core/test_special_tokens.py::TestAbbreviations::test_letter_pronunciation_for_initialism PASSED [ 39%]
tests/core/test_special_tokens.py::TestAbbreviations::test_unknown_letter_returns_none_or_vowel PASSED [ 39%]
tests/core/test_special_tokens.py::TestAbbreviations::test_split_apostrophe PASSED [ 39%]
tests/core/test_special_tokens.py::TestAbbreviations::test_split_period_ending PASSED [ 39%]
tests/core/test_special_tokens.py::TestAbbreviations::test_split_missing_apostrophe PASSED [ 39%]
tests/core/test_special_tokens.py::TestAbbreviations::test_dispatch_natonu PASSED [ 39%]
tests/core/test_special_tokens.py::TestAbbreviations::test_dispatch_tdkye PASSED [ 39%]
tests/core/test_special_tokens.py::TestNumerics::test_1990_doksan_back_vowel PASSED [ 39%]
tests/core/test_special_tokens.py::TestNumerics::test_3_uc_front_rounded PASSED [ 39%]
tests/core/test_special_tokens.py::TestNumerics::test_split_1990larda PASSED [ 40%]
tests/core/test_special_tokens.py::TestNumerics::test_split_3un PASSED   [ 40%]
tests/core/test_special_tokens.py::TestNumerics::test_dispatch_1990larda PASSED [ 40%]
tests/core/test_special_tokens.py::TestNumerics::test_dispatch_bare_2024 PASSED [ 40%]
tests/core/test_special_tokens.py::TestReduplication::test_lexicon_masmavi PASSED [ 40%]
tests/core/test_special_tokens.py::TestReduplication::test_lexicon_tertemiz PASSED [ 40%]
tests/core/test_special_tokens.py::TestReduplication::test_non_redup_returns_none PASSED [ 40%]
tests/core/test_special_tokens.py::TestReduplication::test_dispatch_masmavi PASSED [ 40%]
tests/core/test_special_tokens.py::TestDispatcherFallthrough::test_normal_word_returns_none PASSED [ 40%]
tests/core/test_special_tokens.py::TestDispatcherFallthrough::test_empty_returns_none PASSED [ 41%]
tests/core/test_special_tokens.py::test_analyzer_handle_special_tokens_flag PASSED [ 41%]
tests/data/test_acquisition.py::TestMAD::test_single_parse_returns_zero PASSED [ 41%]
tests/data/test_acquisition.py::TestMAD::test_zero_parses_returns_zero PASSED [ 41%]
tests/data/test_acquisition.py::TestMAD::test_multiple_parses_positive PASSED [ 41%]
tests/data/test_acquisition.py::TestMAD::test_max_parses_returns_one PASSED [ 41%]
tests/data/test_acquisition.py::TestMAD::test_more_parses_higher_score PASSED [ 41%]
tests/data/test_acquisition.py::TestBALD::test_returns_zero_without_model PASSED [ 41%]
tests/data/test_acquisition.py::TestCONF::test_returns_zero_when_disabled PASSED [ 41%]
tests/data/test_acquisition.py::TestCONF::test_returns_zero_when_single_backend PASSED [ 41%]
tests/data/test_acquisition.py::TestCONF::test_agreement_returns_zero PASSED [ 42%]
tests/data/test_acquisition.py::TestCONF::test_disagreement_returns_one PASSED [ 42%]
tests/data/test_acquisition.py::TestSentenceScoring::test_empty_sentence_zero PASSED [ 42%]
tests/data/test_acquisition.py::TestSentenceScoring::test_unambiguous_sentence_low PASSED [ 42%]
tests/data/test_acquisition.py::TestSentenceScoring::test_ambiguous_sentence_higher PASSED [ 42%]
tests/data/test_acquisition.py::TestSentenceScoring::test_mad_only_mode PASSED [ 42%]
tests/data/test_acquisition.py::TestBatchSelection::test_selects_correct_count PASSED [ 42%]
tests/data/test_acquisition.py::TestBatchSelection::test_excludes_annotated PASSED [ 42%]
tests/data/test_acquisition.py::TestBatchSelection::test_highest_scored_first PASSED [ 42%]
tests/data/test_acquisition.py::TestWeightedLabelModel::test_confidence_in_range PASSED [ 43%]
tests/data/test_char_augmentation.py::test_keyboard_identity_when_prob_zero PASSED [ 43%]
tests/data/test_char_augmentation.py::test_keyboard_only_substitutes_adjacent_keys PASSED [ 43%]
tests/data/test_char_augmentation.py::test_keyboard_handles_turkish_chars PASSED [ 43%]
tests/data/test_char_augmentation.py::test_diacritic_strip_mode PASSED   [ 43%]
tests/data/test_char_augmentation.py::test_diacritic_identity_when_prob_zero PASSED [ 43%]
tests/data/test_char_augmentation.py::test_diacritic_harmony_safe_swap PASSED [ 43%]
tests/data/test_char_augmentation.py::test_stemcorrupt_tags_unchanged PASSED [ 43%]
tests/data/test_char_augmentation.py::test_stemcorrupt_noop_when_prob_zero PASSED [ 43%]
tests/data/test_char_augmentation.py::test_composite_chains_augmenters PASSED [ 43%]
tests/data/test_char_augmentation.py::test_composite_probability_zero_skips PASSED [ 44%]
tests/data/test_char_augmentation.py::test_empty_and_single_char PASSED  [ 44%]
tests/data/test_char_augmentation.py::test_turkish_qwerty_coords_shape PASSED [ 44%]
tests/data/test_corpus_builder.py::TestCorpusBuilder::test_builds_three_tiers PASSED [ 44%]
tests/data/test_corpus_builder.py::TestCorpusBuilder::test_gold_excluded_from_silver PASSED [ 44%]
tests/data/test_corpus_builder_v2.py::TestExtractPos::test_noun PASSED   [ 44%]
tests/data/test_corpus_builder_v2.py::TestExtractPos::test_verb PASSED   [ 44%]
tests/data/test_corpus_builder_v2.py::TestExtractPos::test_no_tag_returns_default PASSED [ 44%]
tests/data/test_corpus_builder_v2.py::TestExtractPos::test_punctuation PASSED [ 44%]
tests/data/test_corpus_builder_v2.py::TestPosThresholds::test_is_dict PASSED [ 45%]
tests/data/test_corpus_builder_v2.py::TestPosThresholds::test_values_are_float_pairs PASSED [ 45%]
tests/data/test_corpus_builder_v2.py::TestPosThresholds::test_has_default PASSED [ 45%]
tests/data/test_corpus_builder_v2.py::TestPosThresholds::test_verb_higher_than_noun PASSED [ 45%]
tests/data/test_corpus_builder_v2.py::TestCorpusBuilderPosThresholds::test_pos_thresholds_reject_low_verb PASSED [ 45%]
tests/data/test_corpus_builder_v2.py::TestCorpusBuilderPosThresholds::test_flat_thresholds_accept_verb PASSED [ 45%]
tests/data/test_corpus_builder_v2.py::TestCorpusBuilderPosThresholds::test_gold_tokens_never_filtered PASSED [ 45%]
tests/data/test_labeling_functions.py::TestLfZeyrekUnambiguous::test_single_parse_returns_index PASSED [ 45%]
tests/data/test_labeling_functions.py::TestLfZeyrekUnambiguous::test_multiple_parses_abstains PASSED [ 45%]
tests/data/test_labeling_functions.py::TestLfZeyrekUnambiguous::test_no_zeyrek_parses_abstains PASSED [ 46%]
tests/data/test_labeling_functions.py::TestLfZeyrekUnambiguous::test_empty_analyses_abstains PASSED [ 46%]
tests/data/test_labeling_functions.py::TestLfTRMorphUnambiguous::test_single_trmorph_returns_index PASSED [ 46%]
tests/data/test_labeling_functions.py::TestLfTRMorphUnambiguous::test_no_trmorph_abstains PASSED [ 46%]
tests/data/test_labeling_functions.py::TestLfSuffixRegex::test_ablative_suffix PASSED [ 46%]
tests/data/test_labeling_functions.py::TestLfSuffixRegex::test_locative_suffix PASSED [ 46%]
tests/data/test_labeling_functions.py::TestLfSuffixRegex::test_evidential_suffix PASSED [ 46%]
tests/data/test_labeling_functions.py::TestLfSuffixRegex::test_ambiguous_suffix_abstains PASSED [ 46%]
tests/data/test_labeling_functions.py::TestLfSuffixRegex::test_no_suffix_match_abstains PASSED [ 46%]
tests/data/test_labeling_functions.py::TestLfPosBigram::test_det_followed_by_noun PASSED [ 46%]
tests/data/test_labeling_functions.py::TestLfPosBigram::test_no_prev_pos_abstains PASSED [ 47%]
tests/data/test_labeling_functions.py::TestLfGazetteer::test_known_propn_votes_noun FAILED [ 47%]
tests/data/test_labeling_functions.py::TestLfGazetteer::test_unknown_word_abstains PASSED [ 47%]
tests/data/test_labeling_functions.py::TestLfNeuralDraft::test_always_abstains PASSED [ 47%]
tests/data/test_labeling_functions.py::TestBuildLabelMatrix::test_matrix_shape PASSED [ 47%]
tests/data/test_labeling_functions.py::TestBuildLabelMatrix::test_all_lfs_registered PASSED [ 47%]
tests/data/test_noise_audit.py::test_adapter_shapes_and_softmax_normalised PASSED [ 47%]
tests/data/test_noise_audit.py::test_adapter_strips_padding_positions PASSED [ 47%]
tests/data/test_noise_audit.py::test_adapter_handles_length_mismatch PASSED [ 47%]
tests/data/test_noise_audit.py::test_run_cleanlab_token_audit_writes_payload PASSED [ 48%]
tests/data/test_noise_audit.py::test_run_cleanlab_token_audit_assertion_on_mismatched_input PASSED [ 48%]
tests/data/test_paradigm_augmentation.py::test_attach_suffix_vowel_harmony_basic PASSED [ 48%]
tests/data/test_paradigm_augmentation.py::test_attach_suffix_buffer_consonants PASSED [ 48%]
tests/data/test_paradigm_augmentation.py::test_attach_suffix_voicing_alternation PASSED [ 48%]
tests/data/test_paradigm_augmentation.py::test_attach_suffix_ben_dan PASSED [ 48%]
tests/data/test_paradigm_augmentation.py::test_attach_suffix_su_da PASSED [ 48%]
tests/data/test_paradigm_augmentation.py::test_mine_voicing_alternations PASSED [ 48%]
tests/data/test_paradigm_augmentation.py::test_augmentation_budget_rarity_rule PASSED [ 48%]
tests/data/test_paradigm_augmentation.py::test_generate_paradigm_nominal PASSED [ 48%]
tests/data/test_paradigm_augmentation.py::test_augment_corpus_writes_synthetic_tier PASSED [ 49%]
tests/data/test_paradigm_augmentation.py::test_augment_corpus_validator_discard PASSED [ 49%]
tests/data/test_pii_scan.py::TestRegexPatterns::test_tc_kimlik_matches_11_digits PASSED [ 49%]
tests/data/test_pii_scan.py::TestRegexPatterns::test_tc_kimlik_no_match_10_digits PASSED [ 49%]
tests/data/test_pii_scan.py::TestRegexPatterns::test_tc_kimlik_no_match_12_digits PASSED [ 49%]
tests/data/test_pii_scan.py::TestRegexPatterns::test_tc_kimlik_word_boundary PASSED [ 49%]
tests/data/test_pii_scan.py::TestRegexPatterns::test_phone_plus90_format PASSED [ 49%]
tests/data/test_pii_scan.py::TestRegexPatterns::test_phone_plus90_compact PASSED [ 49%]
tests/data/test_pii_scan.py::TestRegexPatterns::test_phone_zero_prefix PASSED [ 49%]
tests/data/test_pii_scan.py::TestRegexPatterns::test_phone_no_match_short PASSED [ 50%]
tests/data/test_pii_scan.py::TestRegexPatterns::test_email_standard PASSED [ 50%]
tests/data/test_pii_scan.py::TestRegexPatterns::test_email_with_dots PASSED [ 50%]
tests/data/test_pii_scan.py::TestRegexPatterns::test_email_no_match_incomplete PASSED [ 50%]
tests/data/test_pii_scan.py::TestRegexPatterns::test_iban_turkish_compact PASSED [ 50%]
tests/data/test_pii_scan.py::TestRegexPatterns::test_iban_turkish_with_spaces PASSED [ 50%]
tests/data/test_pii_scan.py::TestRegexPatterns::test_iban_no_match_non_tr PASSED [ 50%]
tests/data/test_pii_scan.py::TestScanFile::test_finds_email_in_file PASSED [ 50%]
tests/data/test_pii_scan.py::TestScanFile::test_finds_multiple_types PASSED [ 50%]
tests/data/test_pii_scan.py::TestScanFile::test_empty_file_returns_empty PASSED [ 51%]
tests/data/test_pii_scan.py::TestScanFile::test_context_contains_match PASSED [ 51%]
tests/data/test_pii_scan.py::TestScanCorpus::test_recursive_scan PASSED  [ 51%]
tests/data/test_pii_scan.py::TestScanCorpus::test_skips_non_matching_extensions PASSED [ 51%]
tests/data/test_pii_scan.py::TestCountProperNouns::test_counts_propn_tags PASSED [ 51%]
tests/data/test_pii_scan.py::TestCountProperNouns::test_empty_corpus PASSED [ 51%]
tests/data/test_pii_scan.py::TestGenerateReport::test_report_contains_summary PASSED [ 51%]
tests/data/test_pii_scan.py::TestGenerateReport::test_report_writes_file PASSED [ 51%]
tests/data/test_pii_scan.py::TestGenerateReport::test_empty_findings_report PASSED [ 51%]
tests/data/test_pii_scan.py::TestFrozenDataclass::test_pii_finding_is_frozen PASSED [ 51%]
tests/data/test_silver_correction.py::test_rule1_poss_on_verb_forces_noun PASSED [ 52%]
tests/data/test_silver_correction.py::test_rule2_adj_gazetteer_next_noun PASSED [ 52%]
tests/data/test_silver_correction.py::test_rule3_flags_only_no_mutation PASSED [ 52%]
tests/data/test_silver_correction.py::test_apply_corrections_skips_gold PASSED [ 52%]
tests/data/test_silver_correction.py::test_gold_sanity_check_high_agreement PASSED [ 52%]
tests/data/test_silver_correction.py::test_build_adj_gazetteer_from_fallback PASSED [ 52%]
tests/data/test_silver_correction.py::test_generate_human_audit_sample PASSED [ 52%]
tests/data/test_split_corpus.py::TestSplitCorpus::test_proportions PASSED [ 52%]
tests/data/test_split_corpus.py::TestSplitCorpus::test_no_sentence_overlap PASSED [ 52%]
tests/models/test_contextual_dual_head.py::TestPOSBigramContext::test_shape PASSED [ 53%]
tests/models/test_contextual_dual_head.py::TestPOSBigramContext::test_padding_zeros PASSED [ 53%]
tests/models/test_contextual_dual_head.py::TestPOSBigramContext::test_output_dim_property PASSED [ 53%]
tests/models/test_contextual_dual_head.py::TestWord2VecContext::test_shape PASSED [ 53%]
tests/models/test_contextual_dual_head.py::TestWord2VecContext::test_pretrained_weights_frozen PASSED [ 53%]
tests/models/test_contextual_dual_head.py::TestWord2VecContext::test_output_dim_property PASSED [ 53%]
tests/models/test_contextual_dual_head.py::TestSentenceBiGRUContext::test_shape PASSED [ 53%]
tests/models/test_contextual_dual_head.py::TestSentenceBiGRUContext::test_different_positions_differ PASSED [ 53%]
tests/models/test_contextual_dual_head.py::TestSentenceBiGRUContext::test_output_dim_property PASSED [ 53%]
tests/models/test_contextual_dual_head.py::TestBERTurkContext::test_shape PASSED [ 53%]
tests/models/test_contextual_dual_head.py::TestBERTurkContext::test_output_dim_property PASSED [ 54%]
tests/models/test_contextual_dual_head.py::TestBERTurkContext::test_bert_not_called_before_forward PASSED [ 54%]
tests/models/test_contextual_dual_head.py::TestContextualDualHeadAtomizerForward::test_shapes_with_word2vec_context PASSED [ 54%]
tests/models/test_contextual_dual_head.py::TestContextualDualHeadAtomizerForward::test_shapes_with_tuple_context PASSED [ 54%]
tests/models/test_contextual_dual_head.py::TestContextAffectsOutput::test_different_context_different_root_logits PASSED [ 54%]
tests/models/test_contextual_dual_head.py::TestContextualLossDecreases::test_loss_decreases PASSED [ 54%]
tests/models/test_contextual_dual_head.py::TestContextualGreedyDecode::test_decode_produces_strings PASSED [ 54%]
tests/models/test_contextual_dual_head.py::TestContextualGreedyDecode::test_decode_without_vocab_inv PASSED [ 54%]
tests/models/test_contrastive_root.py::test_build_prefix_groups_shared_prefix PASSED [ 54%]
tests/models/test_contrastive_root.py::test_contrastive_head_forward_shapes PASSED [ 55%]
tests/models/test_contrastive_root.py::test_contrastive_head_loss_drops_with_training PASSED [ 55%]
tests/models/test_contrastive_root.py::test_contrastive_head_no_gold_returns_distances_only PASSED [ 55%]
tests/models/test_contrastive_root.py::test_polysemous_roots_yaml_loader PASSED [ 55%]
tests/models/test_contrastive_root.py::test_dual_head_default_mlp_state_dict_unchanged PASSED [ 55%]
tests/models/test_contrastive_root.py::test_dual_head_contrastive_mode_creates_extra_params PASSED [ 55%]
tests/models/test_contrastive_root.py::test_dual_head_contrastive_forward_caches_loss PASSED [ 55%]
tests/models/test_contrastive_root.py::test_v2_checkpoint_backward_compat SKIPPED [ 55%]
tests/models/test_contrastive_root.py::test_evaluate_polysemy_basic PASSED [ 55%]
tests/models/test_disambiguator.py::TestCandidateEncoder::test_output_shape PASSED [ 56%]
tests/models/test_disambiguator.py::TestCandidateEncoder::test_output_dim_property PASSED [ 56%]
tests/models/test_disambiguator.py::TestCandidateEncoder::test_padding_idx_zero PASSED [ 56%]
tests/models/test_disambiguator.py::TestBERTurkDisambiguator::test_forward_shape PASSED [ 56%]
tests/models/test_disambiguator.py::TestBERTurkDisambiguator::test_forward_no_loss_without_gold PASSED [ 56%]
tests/models/test_disambiguator.py::TestBERTurkDisambiguator::test_cached_bert_embeds PASSED [ 56%]
tests/models/test_disambiguator.py::TestScoreMasking::test_invalid_candidates_masked PASSED [ 56%]
tests/models/test_disambiguator.py::TestScoreMasking::test_argmax_ignores_masked PASSED [ 56%]
tests/models/test_disambiguator.py::TestSingleCandidate::test_single_candidate_always_selected PASSED [ 56%]
tests/models/test_disambiguator.py::TestTraining::test_loss_decreases PASSED [ 56%]
tests/models/test_disambiguator.py::TestGoldMatching::test_to_str_format_matches_gold PASSED [ 57%]
tests/models/test_disambiguator.py::TestGoldMatching::test_root_only_format PASSED [ 57%]
tests/models/test_disambiguator.py::TestOOVHandling::test_oov_gold_added_as_candidate PASSED [ 57%]
tests/models/test_grammar.py::TestVowelHarmony::test_valid_front PASSED  [ 57%]
tests/models/test_grammar.py::TestVowelHarmony::test_valid_back PASSED   [ 57%]
tests/models/test_grammar.py::TestVowelHarmony::test_two_way_violation PASSED [ 57%]
tests/models/test_grammar.py::TestVowelHarmony::test_four_way_warning PASSED [ 57%]
tests/models/test_grammar.py::TestVowelHarmony::test_single_vowel PASSED [ 57%]
tests/models/test_grammar.py::TestSpellChecker::test_deasciify_guzel PASSED [ 57%]
tests/models/test_grammar.py::TestSpellChecker::test_casing_istanbul PASSED [ 58%]
tests/models/test_grammar.py::TestSpellChecker::test_apostrophe_turkiyede PASSED [ 58%]
tests/models/test_grammar.py::TestSpellChecker::test_correct_applies_high_confidence PASSED [ 58%]
tests/models/test_grammar.py::TestSpellChecker::test_valid_word_no_suggestion PASSED [ 58%]
tests/models/test_grammar.py::TestGrammarChecker::test_genitive_possessive PASSED [ 58%]
tests/models/test_grammar.py::TestGrammarChecker::test_no_false_positive_possessive PASSED [ 58%]
tests/models/test_grammar.py::TestGrammarChecker::test_de_da_voiceless_rule PASSED [ 58%]
tests/models/test_grammar.py::TestGrammarChecker::test_well_formed_sentence PASSED [ 58%]
tests/models/test_grammar.py::TestPunctuationLabels::test_label_count PASSED [ 58%]
tests/models/test_grammar.py::TestPunctuationLabels::test_symbol_mapping PASSED [ 58%]
tests/models/test_grammar.py::TestPunctuationRestorer::test_forward_shape PASSED [ 59%]
tests/models/test_grammar.py::TestPunctuationRestorer::test_forward_with_labels PASSED [ 59%]
tests/models/test_grammar.py::TestPunctuationRestorer::test_loss_decreases PASSED [ 59%]
tests/models/test_grammar.py::TestUnifiedGrammarChecker::test_check_aggregates PASSED [ 59%]
tests/models/test_grammar.py::TestUnifiedGrammarChecker::test_correct_returns_fixed PASSED [ 59%]
tests/models/test_grammar.py::TestUnifiedGrammarChecker::test_result_dataclass PASSED [ 59%]
tests/models/test_grammar.py::TestUnifiedGrammarChecker::test_disabled_modules_skipped PASSED [ 59%]
tests/models/test_morphotactic_mask.py::test_full_canonical_coverage PASSED [ 59%]
tests/models/test_morphotactic_mask.py::test_legal_chain_passes PASSED   [ 59%]
tests/models/test_morphotactic_mask.py::test_case_after_case_blocked PASSED [ 60%]
tests/models/test_morphotactic_mask.py::test_inflectional_before_derivational_allowed_via_state PASSED [ 60%]
tests/models/test_morphotactic_mask.py::test_pad_never_allowed PASSED    [ 60%]
tests/models/test_morphotactic_mask.py::test_sos_only_allowed_in_start PASSED [ 60%]
tests/models/test_morphotactic_mask.py::test_batch_independent_state PASSED [ 60%]
tests/models/test_morphotactic_mask.py::test_reset_between_words PASSED  [ 60%]
tests/models/test_morphotactic_mask.py::test_voice_to_deriv_allowed PASSED [ 60%]
tests/models/test_variational_dropout.py::test_variational_dropout_identity_when_p_zero PASSED [ 60%]
tests/models/test_variational_dropout.py::test_variational_dropout_identity_in_eval PASSED [ 60%]
tests/models/test_variational_dropout.py::test_variational_dropout_mask_locked_across_time PASSED [ 60%]
tests/models/test_variational_dropout.py::test_variational_dropout_scaling_preserves_mean PASSED [ 61%]
tests/models/test_variational_dropout.py::test_weight_dropout_drops_during_train_restores_in_eval PASSED [ 61%]
tests/models/test_variational_dropout.py::test_weight_dropout_zero_is_noop PASSED [ 61%]
tests/regression/test_golden.py::test_golden_root_present[gold_001] PASSED [ 61%]
tests/regression/test_golden.py::test_golden_root_present[gold_002] PASSED [ 61%]
tests/regression/test_golden.py::test_golden_root_present[gold_003] PASSED [ 61%]
tests/regression/test_golden.py::test_golden_root_present[gold_004] PASSED [ 61%]
tests/regression/test_golden.py::test_golden_root_present[gold_005] PASSED [ 61%]
tests/regression/test_golden.py::test_golden_root_present[gold_006] PASSED [ 61%]
tests/regression/test_golden.py::test_golden_root_present[gold_007] PASSED [ 62%]
tests/regression/test_golden.py::test_golden_root_present[gold_008] PASSED [ 62%]
tests/regression/test_golden.py::test_golden_root_present[gold_009] PASSED [ 62%]
tests/regression/test_golden.py::test_golden_root_present[gold_010] PASSED [ 62%]
tests/regression/test_golden.py::test_golden_root_present[gold_011] PASSED [ 62%]
tests/regression/test_golden.py::test_golden_root_present[gold_012] PASSED [ 62%]
tests/regression/test_golden.py::test_golden_root_present[gold_013] PASSED [ 62%]
tests/regression/test_golden.py::test_golden_root_present[gold_014] PASSED [ 62%]
tests/regression/test_golden.py::test_golden_root_present[gold_015] PASSED [ 62%]
tests/regression/test_golden.py::test_golden_root_present[gold_016] PASSED [ 63%]
tests/regression/test_golden.py::test_golden_root_present[gold_017] PASSED [ 63%]
tests/regression/test_golden.py::test_golden_root_present[gold_018] PASSED [ 63%]
tests/regression/test_golden.py::test_golden_root_present[gold_019] PASSED [ 63%]
tests/regression/test_golden.py::test_golden_root_present[gold_020] PASSED [ 63%]
tests/regression/test_golden.py::test_golden_root_present[gold_021] PASSED [ 63%]
tests/regression/test_golden.py::test_golden_root_present[gold_022] PASSED [ 63%]
tests/regression/test_golden.py::test_golden_root_present[gold_023] PASSED [ 63%]
tests/regression/test_golden.py::test_golden_root_present[gold_024] PASSED [ 63%]
tests/regression/test_golden.py::test_golden_root_present[gold_025] PASSED [ 63%]
tests/regression/test_golden.py::test_golden_root_present[gold_026] PASSED [ 64%]
tests/regression/test_golden.py::test_golden_root_present[gold_027] PASSED [ 64%]
tests/regression/test_golden.py::test_golden_root_present[gold_028] PASSED [ 64%]
tests/regression/test_golden.py::test_golden_root_present[gold_029] PASSED [ 64%]
tests/regression/test_golden.py::test_golden_root_present[gold_030] PASSED [ 64%]
tests/regression/test_golden.py::test_golden_root_present[gold_031] PASSED [ 64%]
tests/regression/test_golden.py::test_golden_root_present[gold_032] PASSED [ 64%]
tests/regression/test_golden.py::test_golden_root_present[gold_033] PASSED [ 64%]
tests/regression/test_golden.py::test_golden_root_present[gold_034] PASSED [ 64%]
tests/regression/test_golden.py::test_golden_root_present[gold_035] PASSED [ 65%]
tests/regression/test_golden.py::test_golden_root_present[gold_036] PASSED [ 65%]
tests/regression/test_golden.py::test_golden_root_present[gold_037] PASSED [ 65%]
tests/regression/test_golden.py::test_golden_root_present[gold_038] PASSED [ 65%]
tests/regression/test_golden.py::test_golden_root_present[gold_039] PASSED [ 65%]
tests/regression/test_golden.py::test_golden_root_present[gold_040] PASSED [ 65%]
tests/regression/test_golden.py::test_golden_root_present[gold_041] PASSED [ 65%]
tests/regression/test_golden.py::test_golden_root_present[gold_042] PASSED [ 65%]
tests/regression/test_golden.py::test_golden_root_present[gold_043] PASSED [ 65%]
tests/regression/test_golden.py::test_golden_root_present[gold_044] PASSED [ 65%]
tests/regression/test_golden.py::test_golden_root_present[gold_045] PASSED [ 66%]
tests/regression/test_golden.py::test_golden_root_present[gold_046] PASSED [ 66%]
tests/regression/test_golden.py::test_golden_root_present[gold_047] PASSED [ 66%]
tests/regression/test_golden.py::test_golden_root_present[gold_048] PASSED [ 66%]
tests/regression/test_golden.py::test_golden_root_present[gold_049] PASSED [ 66%]
tests/regression/test_golden.py::test_golden_root_present[gold_050] PASSED [ 66%]
tests/regression/test_golden.py::test_golden_root_present[gold_051] PASSED [ 66%]
tests/regression/test_golden.py::test_golden_root_present[gold_052] PASSED [ 66%]
tests/regression/test_golden.py::test_golden_tags_present[gold_001] PASSED [ 66%]
tests/regression/test_golden.py::test_golden_tags_present[gold_002] PASSED [ 67%]
tests/regression/test_golden.py::test_golden_tags_present[gold_003] PASSED [ 67%]
tests/regression/test_golden.py::test_golden_tags_present[gold_004] PASSED [ 67%]
tests/regression/test_golden.py::test_golden_tags_present[gold_005] PASSED [ 67%]
tests/regression/test_golden.py::test_golden_tags_present[gold_006] PASSED [ 67%]
tests/regression/test_golden.py::test_golden_tags_present[gold_007] PASSED [ 67%]
tests/regression/test_golden.py::test_golden_tags_present[gold_008] PASSED [ 67%]
tests/regression/test_golden.py::test_golden_tags_present[gold_009] PASSED [ 67%]
tests/regression/test_golden.py::test_golden_tags_present[gold_010] PASSED [ 67%]
tests/regression/test_golden.py::test_golden_tags_present[gold_011] PASSED [ 68%]
tests/regression/test_golden.py::test_golden_tags_present[gold_012] PASSED [ 68%]
tests/regression/test_golden.py::test_golden_tags_present[gold_013] PASSED [ 68%]
tests/regression/test_golden.py::test_golden_tags_present[gold_014] PASSED [ 68%]
tests/regression/test_golden.py::test_golden_tags_present[gold_015] PASSED [ 68%]
tests/regression/test_golden.py::test_golden_tags_present[gold_016] PASSED [ 68%]
tests/regression/test_golden.py::test_golden_tags_present[gold_017] PASSED [ 68%]
tests/regression/test_golden.py::test_golden_tags_present[gold_018] PASSED [ 68%]
tests/regression/test_golden.py::test_golden_tags_present[gold_019] PASSED [ 68%]
tests/regression/test_golden.py::test_golden_tags_present[gold_020] PASSED [ 68%]
tests/regression/test_golden.py::test_golden_tags_present[gold_021] PASSED [ 69%]
tests/regression/test_golden.py::test_golden_tags_present[gold_022] PASSED [ 69%]
tests/regression/test_golden.py::test_golden_tags_present[gold_023] PASSED [ 69%]
tests/regression/test_golden.py::test_golden_tags_present[gold_024] PASSED [ 69%]
tests/regression/test_golden.py::test_golden_tags_present[gold_025] PASSED [ 69%]
tests/regression/test_golden.py::test_golden_tags_present[gold_026] PASSED [ 69%]
tests/regression/test_golden.py::test_golden_tags_present[gold_027] PASSED [ 69%]
tests/regression/test_golden.py::test_golden_tags_present[gold_028] PASSED [ 69%]
tests/regression/test_golden.py::test_golden_tags_present[gold_029] PASSED [ 69%]
tests/regression/test_golden.py::test_golden_tags_present[gold_030] PASSED [ 70%]
tests/regression/test_golden.py::test_golden_tags_present[gold_031] PASSED [ 70%]
tests/regression/test_golden.py::test_golden_tags_present[gold_032] PASSED [ 70%]
tests/regression/test_golden.py::test_golden_tags_present[gold_033] PASSED [ 70%]
tests/regression/test_golden.py::test_golden_tags_present[gold_034] PASSED [ 70%]
tests/regression/test_golden.py::test_golden_tags_present[gold_035] PASSED [ 70%]
tests/regression/test_golden.py::test_golden_tags_present[gold_036] PASSED [ 70%]
tests/regression/test_golden.py::test_golden_tags_present[gold_037] PASSED [ 70%]
tests/regression/test_golden.py::test_golden_tags_present[gold_038] PASSED [ 70%]
tests/regression/test_golden.py::test_golden_tags_present[gold_039] PASSED [ 70%]
tests/regression/test_golden.py::test_golden_tags_present[gold_040] PASSED [ 71%]
tests/regression/test_golden.py::test_golden_tags_present[gold_041] PASSED [ 71%]
tests/regression/test_golden.py::test_golden_tags_present[gold_042] PASSED [ 71%]
tests/regression/test_golden.py::test_golden_tags_present[gold_043] PASSED [ 71%]
tests/regression/test_golden.py::test_golden_tags_present[gold_044] PASSED [ 71%]
tests/regression/test_golden.py::test_golden_tags_present[gold_045] PASSED [ 71%]
tests/regression/test_golden.py::test_golden_tags_present[gold_046] PASSED [ 71%]
tests/regression/test_golden.py::test_golden_tags_present[gold_047] PASSED [ 71%]
tests/regression/test_golden.py::test_golden_tags_present[gold_048] PASSED [ 71%]
tests/regression/test_golden.py::test_golden_tags_present[gold_049] PASSED [ 72%]
tests/regression/test_golden.py::test_golden_tags_present[gold_050] PASSED [ 72%]
tests/regression/test_golden.py::test_golden_tags_present[gold_051] PASSED [ 72%]
tests/regression/test_golden.py::test_golden_tags_present[gold_052] PASSED [ 72%]
tests/regression/test_known_analyses.py::TestAmbiguousWords::test_yuz_ambiguity PASSED [ 72%]
tests/regression/test_known_analyses.py::TestAmbiguousWords::test_yazar_ambiguity PASSED [ 72%]
tests/regression/test_known_analyses.py::TestAmbiguousWords::test_alan_ambiguity PASSED [ 72%]
tests/regression/test_known_analyses.py::TestInflectedWords::test_evlerinden PASSED [ 72%]
tests/regression/test_known_analyses.py::TestInflectedWords::test_gidiyorum PASSED [ 72%]
tests/regression/test_known_analyses.py::TestInflectedWords::test_kitabi PASSED [ 73%]
tests/regression/test_known_analyses.py::TestInflectedWords::test_okudum PASSED [ 73%]
tests/regression/test_known_analyses.py::TestSuffixTypes::test_plural PASSED [ 73%]
tests/regression/test_known_analyses.py::TestSuffixTypes::test_locative PASSED [ 73%]
tests/regression/test_known_analyses.py::TestSuffixTypes::test_dative PASSED [ 73%]
tests/regression/test_known_analyses.py::TestSuffixTypes::test_genitive PASSED [ 73%]
tests/regression/test_known_analyses.py::TestSuffixTypes::test_ablative PASSED [ 73%]
tests/regression/test_known_analyses.py::TestSuffixTypes::test_instrumental PASSED [ 73%]
tests/regression/test_known_analyses.py::TestSuffixTypes::test_possessive PASSED [ 73%]
tests/regression/test_known_analyses.py::TestSuffixTypes::test_past_tense PASSED [ 73%]
tests/regression/test_known_analyses.py::TestSuffixTypes::test_future_tense PASSED [ 74%]
tests/regression/test_known_analyses.py::TestSuffixTypes::test_negative PASSED [ 74%]
tests/regression/test_known_analyses.py::TestSuffixTypes::test_causative PASSED [ 74%]
tests/regression/test_known_analyses.py::TestEdgeCases::test_single_char PASSED [ 74%]
tests/regression/test_known_analyses.py::TestEdgeCases::test_empty_string PASSED [ 74%]
tests/regression/test_known_analyses.py::TestEdgeCases::test_unknown_word PASSED [ 74%]
tests/regression/test_known_analyses.py::TestEdgeCases::test_proper_noun PASSED [ 74%]
tests/resource/test_boundary_extractor.py::TestExtractBoundaries::test_simple_plural PASSED [ 74%]
tests/resource/test_boundary_extractor.py::TestExtractBoundaries::test_accusative PASSED [ 74%]
tests/resource/test_boundary_extractor.py::TestExtractBoundaries::test_dative PASSED [ 75%]
tests/resource/test_boundary_extractor.py::TestExtractBoundaries::test_locative PASSED [ 75%]
tests/resource/test_boundary_extractor.py::TestExtractBoundaries::test_ablative PASSED [ 75%]
tests/resource/test_boundary_extractor.py::TestExtractBoundaries::test_genitive PASSED [ 75%]
tests/resource/test_boundary_extractor.py::TestExtractBoundaries::test_multi_suffix PASSED [ 75%]
tests/resource/test_boundary_extractor.py::TestExtractBoundaries::test_no_suffix_bare_root PASSED [ 75%]
tests/resource/test_boundary_extractor.py::TestExtractBoundaries::test_nominative_zero_morph PASSED [ 75%]
tests/resource/test_boundary_extractor.py::TestExtractBoundaries::test_empty_canonical PASSED [ 75%]
tests/resource/test_boundary_extractor.py::TestConsonantMutation::test_kitap_to_kitab PASSED [ 75%]
tests/resource/test_boundary_extractor.py::TestConsonantMutation::test_find_root_end_mutation PASSED [ 75%]
tests/resource/test_boundary_extractor.py::TestVowelDeletion::test_find_root_end_default PASSED [ 76%]
tests/resource/test_boundary_extractor.py::TestEdgeCases::test_empty_surface PASSED [ 76%]
tests/resource/test_boundary_extractor.py::TestEdgeCases::test_root_longer_than_surface PASSED [ 76%]
tests/resource/test_importers.py::TestParseConllu::test_returns_morph_entries PASSED [ 76%]
tests/resource/test_importers.py::TestParseConllu::test_skips_punct PASSED [ 76%]
tests/resource/test_importers.py::TestParseConllu::test_entry_source PASSED [ 76%]
tests/resource/test_importers.py::TestParseConllu::test_entry_tier PASSED [ 76%]
tests/resource/test_importers.py::TestImportBoun::test_raises_if_dir_missing PASSED [ 76%]
tests/resource/test_importers.py::TestImportBoun::test_imports_to_db PASSED [ 76%]
tests/resource/test_importers.py::TestTagMappings::test_ud_noun_loc PASSED [ 77%]
tests/resource/test_importers.py::TestTagMappings::test_ud_verb_past PASSED [ 77%]
tests/resource/test_importers.py::TestTagMappings::test_unimorph_noun_pl_abl PASSED [ 77%]
tests/resource/test_importers.py::TestTagMappings::test_ud_feats_starts_with_lemma PASSED [ 77%]
tests/resource/test_quality_check.py::TestAssignResourceTier::test_boun_source_is_gold PASSED [ 77%]
tests/resource/test_quality_check.py::TestAssignResourceTier::test_imst_source_is_gold PASSED [ 77%]
tests/resource/test_quality_check.py::TestAssignResourceTier::test_boun_overrides_disagreement PASSED [ 77%]
tests/resource/test_quality_check.py::TestAssignResourceTier::test_unimorph_zeyrek_agree_is_silver PASSED [ 77%]
tests/resource/test_quality_check.py::TestAssignResourceTier::test_zeyrek_only_is_bronze PASSED [ 77%]
tests/resource/test_quality_check.py::TestAssignResourceTier::test_disagreement_is_bronze PASSED [ 78%]
tests/resource/test_quality_check.py::TestComputeAgreement::test_single_source_is_1 PASSED [ 78%]
tests/resource/test_quality_check.py::TestComputeAgreement::test_all_agree_is_1 PASSED [ 78%]
tests/resource/test_quality_check.py::TestComputeAgreement::test_partial_agreement PASSED [ 78%]
tests/resource/test_quality_check.py::TestComputeAgreement::test_empty_is_0 PASSED [ 78%]
tests/resource/test_quality_check.py::TestTierFromEntries::test_boun_entry_gives_gold PASSED [ 78%]
tests/resource/test_quality_check.py::TestTierFromEntries::test_two_sources_agree_gives_silver PASSED [ 78%]
tests/resource/test_schema.py::TestMorphEntry::test_frozen PASSED        [ 78%]
tests/resource/test_schema.py::TestMorphEntry::test_fields PASSED        [ 78%]
tests/resource/test_schema.py::TestMorphDatabase::test_insert_and_query PASSED [ 78%]
tests/resource/test_schema.py::TestMorphDatabase::test_duplicate_insert_ignored PASSED [ 79%]
tests/resource/test_schema.py::TestMorphDatabase::test_different_sources_both_stored PASSED [ 79%]
tests/resource/test_schema.py::TestMorphDatabase::test_get_stats PASSED  [ 79%]
tests/resource/test_schema.py::TestMorphDatabase::test_export_jsonl PASSED [ 79%]
tests/resource/test_schema.py::TestMorphDatabase::test_update_tier PASSED [ 79%]
tests/resource/test_training_bridge.py::TestExportTrainingData::test_export_creates_file PASSED [ 79%]
tests/resource/test_training_bridge.py::TestExportTrainingData::test_tier_mapping PASSED [ 79%]
tests/resource/test_training_bridge.py::TestExportTrainingData::test_record_format PASSED [ 79%]
tests/resource/test_training_bridge.py::TestExportTrainingData::test_max_bronze_limit PASSED [ 79%]
tests/test_ariturk.py::test_imports PASSED                               [ 80%]
tests/test_ariturk.py::test_version PASSED                               [ 80%]
tests/test_ariturk.py::TestTurkishLower::test_dotless_i PASSED           [ 80%]
tests/test_ariturk.py::TestTurkishLower::test_dotted_i PASSED            [ 80%]
tests/test_ariturk.py::TestTurkishLower::test_turkce PASSED              [ 80%]
tests/test_ariturk.py::TestTurkishLower::test_mixed PASSED               [ 80%]
tests/test_ariturk.py::TestTurkishUpper::test_dotted_i PASSED            [ 80%]
tests/test_ariturk.py::TestTurkishUpper::test_dotless_i PASSED           [ 80%]
tests/test_ariturk.py::TestNormalize::test_strip_whitespace PASSED       [ 80%]
tests/test_ariturk.py::TestNormalize::test_collapse_internal_spaces PASSED [ 80%]
tests/test_ariturk.py::TestIsValidTurkish::test_valid PASSED             [ 81%]
tests/test_ariturk.py::TestIsValidTurkish::test_invalid_special_chars PASSED [ 81%]
tests/test_ariturk.py::TestTextCleaner::test_basic_clean PASSED          [ 81%]
tests/test_ariturk.py::TestTextCleaner::test_no_lowercase PASSED         [ 81%]
tests/test_ariturk.py::TestTextCleaner::test_remove_punctuation PASSED   [ 81%]
tests/test_ariturk.py::TestTextCleaner::test_min_word_length PASSED      [ 81%]
tests/test_ariturk.py::TestTextCleaner::test_clean_batch PASSED          [ 81%]
tests/test_ariturk.py::TestTextCleaner::test_is_clean PASSED             [ 81%]
tests/test_ariturk.py::TestQualityChecker::test_gold_from_boun PASSED    [ 81%]
tests/test_ariturk.py::TestQualityChecker::test_gold_from_imst PASSED    [ 82%]
tests/test_ariturk.py::TestQualityChecker::test_silver PASSED            [ 82%]
tests/test_ariturk.py::TestQualityChecker::test_bronze_single_source PASSED [ 82%]
tests/test_ariturk.py::TestQualityChecker::test_bronze_disagree PASSED   [ 82%]
tests/test_ariturk.py::TestQualityChecker::test_validate_ok PASSED       [ 82%]
tests/test_ariturk.py::TestQualityChecker::test_validate_missing_prefix PASSED [ 82%]
tests/test_ariturk.py::TestQualityChecker::test_validate_empty PASSED    [ 82%]
tests/test_ariturk.py::TestBoundaryExtractor::test_simple_plural PASSED  [ 82%]
tests/test_ariturk.py::TestBoundaryExtractor::test_possessive_ablative PASSED [ 82%]
tests/test_ariturk.py::TestBoundaryExtractor::test_no_suffix PASSED      [ 82%]
tests/test_ariturk.py::TestBoundaryExtractor::test_extract_batch PASSED  [ 83%]
tests/test_kokturk.py::test_atomizer_import PASSED                       [ 83%]
tests/test_kokturk.py::test_analysis_result_import PASSED                [ 83%]
tests/test_kokturk.py::test_version PASSED                               [ 83%]
tests/test_kokturk.py::test_atomizer_analyze PASSED                      [ 83%]
tests/test_kokturk.py::test_atomizer_analyze_all PASSED                  [ 83%]
tests/test_kokturk.py::test_to_canonical PASSED                          [ 83%]
tests/test_kokturk.py::test_analyze_batch PASSED                         [ 83%]
tests/test_kokturk.py::test_unknown_word_returns_string PASSED           [ 83%]
tests/train/test_bucket_batching.py::TestBucketBatchSampler::test_all_indices_covered PASSED [ 84%]
tests/train/test_bucket_batching.py::TestBucketBatchSampler::test_batch_size_respected PASSED [ 84%]
tests/train/test_bucket_batching.py::TestBucketBatchSampler::test_drop_last PASSED [ 84%]
tests/train/test_bucket_batching.py::TestBucketBatchSampler::test_len PASSED [ 84%]
tests/train/test_bucket_batching.py::TestBucketBatchSampler::test_subset_indices PASSED [ 84%]
tests/train/test_bucket_batching.py::TestBucketBatchSampler::test_shuffle_changes_order PASSED [ 84%]
tests/train/test_bucket_batching.py::TestBucketBatchSampler::test_auto_boundaries PASSED [ 84%]
tests/train/test_bucket_batching.py::TestComputePadFraction::test_no_padding PASSED [ 84%]
tests/train/test_bucket_batching.py::TestComputePadFraction::test_heavy_padding PASSED [ 84%]
tests/train/test_bucket_batching.py::TestComputePadFraction::test_empty PASSED [ 85%]
tests/train/test_bucket_batching.py::TestComputePadFraction::test_single_item PASSED [ 85%]
tests/train/test_bucket_batching.py::TestDynamicPadCollate::test_pads_to_batch_max PASSED [ 85%]
tests/train/test_bucket_batching.py::TestDynamicPadCollate::test_preserves_values PASSED [ 85%]
tests/train/test_bucket_batching.py::TestAnalyzeBatchingEfficiency::test_bucket_better_than_naive PASSED [ 85%]
tests/train/test_bucket_batching.py::TestAnalyzeBatchingEfficiency::test_uniform_lengths PASSED [ 85%]
tests/train/test_bucket_batching.py::TestAnalyzeBatchingEfficiency::test_empty PASSED [ 85%]
tests/train/test_char_gru.py::TestBahdanauAttention::test_output_shapes PASSED [ 85%]
tests/train/test_char_gru.py::TestBahdanauAttention::test_weights_sum_to_one PASSED [ 85%]
tests/train/test_char_gru.py::TestMorphAtomizer::test_forward_with_teacher_forcing PASSED [ 85%]
tests/train/test_char_gru.py::TestMorphAtomizer::test_forward_without_target PASSED [ 86%]
tests/train/test_char_gru.py::TestMorphAtomizer::test_greedy_decode PASSED [ 86%]
tests/train/test_char_gru.py::TestMorphAtomizer::test_loss_decreases PASSED [ 86%]
tests/train/test_char_gru.py::TestMorphAtomizer::test_count_parameters PASSED [ 86%]
tests/train/test_copy_mechanism.py::TestForwardPass::test_forward_returns_tuple PASSED [ 86%]
tests/train/test_copy_mechanism.py::TestForwardPass::test_logits_shape PASSED [ 86%]
tests/train/test_copy_mechanism.py::TestForwardPass::test_root_logits_shape PASSED [ 86%]
tests/train/test_copy_mechanism.py::TestForwardPass::test_forward_no_target PASSED [ 86%]
tests/train/test_copy_mechanism.py::TestGreedyDecode::test_decode_shape PASSED [ 86%]
tests/train/test_copy_mechanism.py::TestGreedyDecode::test_decode_dtype PASSED [ 87%]
tests/train/test_copy_mechanism.py::TestCopyTagDecoder::test_p_gen_range PASSED [ 87%]
tests/train/test_copy_mechanism.py::TestRootHead::test_root_head_output_shape PASSED [ 87%]
tests/train/test_copy_mechanism.py::TestCountParameters::test_count_positive PASSED [ 87%]
tests/train/test_copy_mechanism.py::TestCountParameters::test_copy_model_larger_than_base PASSED [ 87%]
tests/train/test_curriculum.py::TestGetCurriculumPhase::test_epoch_1_gold_only PASSED [ 87%]
tests/train/test_curriculum.py::TestGetCurriculumPhase::test_epoch_3_gold_only PASSED [ 87%]
tests/train/test_curriculum.py::TestGetCurriculumPhase::test_epoch_4_gold_and_silver PASSED [ 87%]
tests/train/test_curriculum.py::TestGetCurriculumPhase::test_epoch_12_gold_and_silver PASSED [ 87%]
tests/train/test_curriculum.py::TestGetCurriculumPhase::test_epoch_13_all_tiers PASSED [ 87%]
tests/train/test_curriculum.py::TestGetCurriculumPhase::test_epoch_20_all_tiers PASSED [ 88%]
tests/train/test_curriculum.py::TestGetCurriculumPhase::test_epoch_21_gold_only PASSED [ 88%]
tests/train/test_curriculum.py::TestGetCurriculumPhase::test_epoch_25_gold_only PASSED [ 88%]
tests/train/test_curriculum.py::TestGetCurriculumPhase::test_epoch_26_all_tiers PASSED [ 88%]
tests/train/test_curriculum.py::TestGetCurriculumPhase::test_epoch_30_all_tiers PASSED [ 88%]
tests/train/test_curriculum.py::TestGetAllowedTiers::test_gold_only PASSED [ 88%]
tests/train/test_curriculum.py::TestGetAllowedTiers::test_gold_and_silver_auto PASSED [ 88%]
tests/train/test_curriculum.py::TestGetAllowedTiers::test_all_tiers PASSED [ 88%]
tests/train/test_curriculum.py::TestScheduledSamplingRatio::test_epoch_0_near_one PASSED [ 88%]
tests/train/test_curriculum.py::TestScheduledSamplingRatio::test_monotonically_decreasing PASSED [ 89%]
tests/train/test_curriculum.py::TestScheduledSamplingRatio::test_approaches_zero PASSED [ 89%]
tests/train/test_curriculum.py::TestGetLearningRate::test_epoch_1_warmup_start PASSED [ 89%]
tests/train/test_curriculum.py::TestGetLearningRate::test_epoch_3_warmup_end PASSED [ 89%]
tests/train/test_curriculum.py::TestGetLearningRate::test_epoch_25_constant PASSED [ 89%]
tests/train/test_curriculum.py::TestGetLearningRate::test_epoch_30_constant PASSED [ 89%]
tests/train/test_curriculum.py::TestComputeTierWeights::test_gold_weight PASSED [ 89%]
tests/train/test_curriculum.py::TestComputeTierWeights::test_silver_auto_weight PASSED [ 89%]
tests/train/test_curriculum.py::TestComputeTierWeights::test_silver_agreed_weight PASSED [ 89%]
tests/train/test_curriculum.py::TestComputeTierWeights::test_batch PASSED [ 90%]
tests/train/test_domain_curriculum.py::test_trendyol_clean_review_strips_noise PASSED [ 90%]
tests/train/test_domain_curriculum.py::test_trendyol_skips_short_reviews PASSED [ 90%]
tests/train/test_domain_curriculum.py::test_bounti_missing_path_returns_zero PASSED [ 90%]
tests/train/test_domain_curriculum.py::test_bounti_reads_local_txt PASSED [ 90%]
tests/train/test_domain_curriculum.py::test_domain_curriculum_initial_state PASSED [ 90%]
tests/train/test_domain_curriculum.py::test_domain_curriculum_manual_advance PASSED [ 90%]
tests/train/test_domain_curriculum.py::test_domain_curriculum_delegates_to_taac PASSED [ 90%]
tests/train/test_dual_head.py::test_attention_pooling_shape PASSED       [ 90%]
tests/train/test_dual_head.py::test_root_head_shape PASSED               [ 90%]
tests/train/test_dual_head.py::test_dual_head_forward_shapes PASSED      [ 91%]
tests/train/test_dual_head.py::test_tag_target_alignment PASSED          [ 91%]
tests/train/test_dual_head.py::test_loss_decreases PASSED                [ 91%]
tests/train/test_dual_head.py::test_greedy_decode_produces_string PASSED [ 91%]
tests/train/test_dual_head.py::test_root_head_uses_gold_at_train PASSED  [ 91%]
tests/train/test_dual_head.py::test_no_sos_first_step PASSED             [ 91%]
tests/train/test_ema.py::test_shadow_matches_initial_params PASSED       [ 91%]
tests/train/test_ema.py::test_update_math PASSED                         [ 91%]
tests/train/test_ema.py::test_apply_restore_roundtrip PASSED             [ 91%]
tests/train/test_ema.py::test_decay_one_never_updates PASSED             [ 92%]
tests/train/test_losses.py::test_focal_gamma_zero_equals_ce PASSED       [ 92%]
tests/train/test_losses.py::test_focal_gamma_positive_differs_from_ce PASSED [ 92%]
tests/train/test_losses.py::test_focal_ignore_index_zero_contribution PASSED [ 92%]
tests/train/test_losses.py::test_focal_no_nan_on_extreme_logits PASSED   [ 92%]
tests/train/test_losses.py::test_focal_label_smoothing_nonzero PASSED    [ 92%]
tests/train/test_losses.py::test_label_smoothing_eps_zero_equals_ce PASSED [ 92%]
tests/train/test_losses.py::test_label_smoothing_ignore_index PASSED     [ 92%]
tests/train/test_losses.py::test_sce_shape_and_finiteness PASSED         [ 92%]
tests/train/test_losses.py::test_sce_ignore_index PASSED                 [ 92%]
tests/train/test_losses.py::test_sce_no_neg_inf_on_onehot_log PASSED     [ 93%]
tests/train/test_losses.py::test_tier_weight_integration_shape PASSED    [ 93%]
tests/train/test_losses.py::test_build_loss_factory PASSED               [ 93%]
tests/train/test_model_registry.py::TestRegisterModel::test_register_model_builds_correct_uri PASSED [ 93%]
tests/train/test_model_registry.py::TestRegisterModel::test_register_model_default_name PASSED [ 93%]
tests/train/test_model_registry.py::TestPromoteToChampion::test_promote_calls_set_alias PASSED [ 93%]
tests/train/test_model_registry.py::TestGetChampionUri::test_default_model_name PASSED [ 93%]
tests/train/test_model_registry.py::TestGetChampionUri::test_custom_model_name PASSED [ 93%]
tests/train/test_model_registry.py::TestRollback::test_rollback_sets_champion_to_old_version PASSED [ 93%]
tests/train/test_rdrop.py::test_symmetric_kl_zero_when_identical PASSED  [ 94%]
tests/train/test_rdrop.py::test_symmetric_kl_is_symmetric PASSED         [ 94%]
tests/train/test_rdrop.py::test_rdrop_alpha_zero_matches_avg_ce PASSED   [ 94%]
tests/train/test_rdrop.py::test_rdrop_ignore_index_masks_kl PASSED       [ 94%]
tests/train/test_rdrop.py::test_rdrop_3d_logits_flatten PASSED           [ 94%]
tests/train/test_rdrop.py::test_rdrop_integrates_with_focal_loss PASSED  [ 94%]
tests/train/test_rdrop.py::test_rdrop_integrates_with_label_smoothing PASSED [ 94%]
tests/train/test_reproducibility.py::TestSeedEverything::test_same_seed_deterministic_torch PASSED [ 94%]
tests/train/test_reproducibility.py::TestSeedEverything::test_same_seed_deterministic_numpy PASSED [ 94%]
tests/train/test_reproducibility.py::TestSeedEverything::test_different_seeds_produce_different_output PASSED [ 95%]
tests/train/test_reproducibility.py::TestSeedEverything::test_cudnn_flags_set PASSED [ 95%]
tests/train/test_reproducibility.py::TestWorkerInitFn::test_different_workers_different_seeds PASSED [ 95%]
tests/train/test_reproducibility.py::TestCaptureEnvironment::test_returns_expected_keys PASSED [ 95%]
tests/train/test_reproducibility.py::TestCaptureEnvironment::test_python_version_populated PASSED [ 95%]
tests/train/test_reproducibility.py::TestCaptureEnvironment::test_torch_version_populated PASSED [ 95%]
tests/train/test_reproducibility.py::TestCaptureEnvironment::test_git_commit_not_empty PASSED [ 95%]
tests/train/test_scheduled_sampling.py::TestScheduledSampling::test_epoch_0_value PASSED [ 95%]
tests/train/test_scheduled_sampling.py::TestScheduledSampling::test_epoch_5_less_than_epoch_0 PASSED [ 95%]
tests/train/test_scheduled_sampling.py::TestScheduledSampling::test_epoch_20_near_zero PASSED [ 95%]
tests/train/test_scheduled_sampling.py::TestScheduledSampling::test_always_positive PASSED [ 96%]
tests/train/test_scheduled_sampling.py::TestScheduledSampling::test_monotonically_decreasing PASSED [ 96%]
tests/train/test_smoke.py::TestTrainingPipeline::test_end_to_end_tiny PASSED [ 96%]
tests/train/test_taac.py::TestInitialState::test_initial_phase PASSED    [ 96%]
tests/train/test_taac.py::TestInitialState::test_initial_allowed_tiers PASSED [ 96%]
tests/train/test_taac.py::TestInitialState::test_initial_phase_before_any_step PASSED [ 96%]
tests/train/test_taac.py::TestTransitionOnPlateau::test_transitions_after_patience_plateau_epochs PASSED [ 96%]
tests/train/test_taac.py::TestTransitionOnPlateau::test_no_transition_if_loss_keeps_improving PASSED [ 96%]
tests/train/test_taac.py::TestTransitionOnPlateau::test_plateau_count_resets_on_improvement PASSED [ 96%]
tests/train/test_taac.py::TestMinEpochs::test_no_transition_before_min_epochs PASSED [ 97%]
tests/train/test_taac.py::TestMinEpochs::test_still_at_initial_phase_after_one_plateau_step_with_high_min PASSED [ 97%]
tests/train/test_taac.py::TestMaxEpochs::test_force_transition_at_max_epochs PASSED [ 97%]
tests/train/test_taac.py::TestMaxEpochs::test_hard_cap_overrides_patience PASSED [ 97%]
tests/train/test_taac.py::TestFinalPhaseStability::test_stays_at_all_final PASSED [ 97%]
tests/train/test_taac.py::TestFinalPhaseStability::test_phase_idx_does_not_exceed_bound PASSED [ 97%]
tests/train/test_taac.py::TestStepReturnDict::test_returns_all_required_keys PASSED [ 97%]
tests/train/test_taac.py::TestStepReturnDict::test_phase_is_string PASSED [ 97%]
tests/train/test_taac.py::TestStepReturnDict::test_allowed_tiers_is_set PASSED [ 97%]
tests/train/test_taac.py::TestStepReturnDict::test_should_transition_is_bool PASSED [ 97%]
tests/train/test_taac.py::TestStepReturnDict::test_tier_weights_is_dict PASSED [ 98%]
tests/train/test_taac.py::TestLRMultipliers::test_lr_multipliers_non_increasing PASSED [ 98%]
tests/train/test_taac.py::TestLRMultipliers::test_lr_multiplier_at_gold_only_is_1 PASSED [ 98%]
tests/train/test_taac.py::TestLRMultipliers::test_lr_multiplier_all_final_is_smallest PASSED [ 98%]
tests/train/test_taac.py::TestAllowedTiersPerPhase::test_gold_only_tiers PASSED [ 98%]
tests/train/test_taac.py::TestAllowedTiersPerPhase::test_gold_and_silver_auto_tiers PASSED [ 98%]
tests/train/test_taac.py::TestAllowedTiersPerPhase::test_all_tiers PASSED [ 98%]
tests/train/test_taac.py::TestAllowedTiersPerPhase::test_gold_calibration_same_as_gold_only PASSED [ 98%]
tests/train/test_taac.py::TestAllowedTiersPerPhase::test_all_final_same_as_all_tiers PASSED [ 98%]
tests/train/test_taac.py::TestAllowedTiersPerPhase::test_taac_phases_list_coverage PASSED [ 99%]
tests/train/test_taac_component.py::TestComponentAware::test_waits_for_slow_head PASSED [ 99%]
tests/train/test_taac_component.py::TestComponentAware::test_tag_gates_transition PASSED [ 99%]
tests/train/test_taac_component.py::TestComponentAware::test_max_epochs_forces_transition PASSED [ 99%]
tests/train/test_taac_component.py::TestComponentAware::test_fallback_to_loss_when_no_component_losses PASSED [ 99%]
tests/train/test_taac_component.py::TestEnsemble::test_needs_two_votes PASSED [ 99%]
tests/train/test_taac_component.py::TestEnsemble::test_grad_norm_stability PASSED [ 99%]
tests/train/test_taac_component.py::TestBackwardCompatibility::test_step_with_val_loss_only PASSED [ 99%]
tests/train/test_taac_component.py::TestBackwardCompatibility::test_loss_mode_ignores_component_args PASSED [ 99%]
tests/train/test_taac_component.py::TestBackwardCompatibility::test_default_transition_mode_is_component PASSED [100%]

=================================== FAILURES ===================================
_________________ TestLfGazetteer.test_known_propn_votes_noun __________________
tests/data/test_labeling_functions.py:156: in test_known_propn_votes_noun
    assert result == 0
E   assert -1 == 0
- generated xml file: /arf/home/scolakoglu/NLP_Project/audit/results/12_pytest.xml -
=========================== short test summary info ============================
SKIPPED [1] tests/train/test_hpo.py:6: could not import 'optuna': No module named 'optuna'
SKIPPED [1] tests/benchmark/test_ensemble.py:118: No ensemble checkpoints found
SKIPPED [1] tests/benchmark/test_ensemble.py:127: No ensemble checkpoints found
SKIPPED [1] tests/models/test_contrastive_root.py:141: v2 checkpoint not present in this environment
FAILED tests/data/test_labeling_functions.py::TestLfGazetteer::test_known_propn_votes_noun
====== 1 failed, 937 passed, 4 skipped, 2 deselected in 81.42s (0:01:21) =======
