<?xml version="1.0" encoding="utf-8"?><testsuites name="pytest tests"><testsuite name="pytest" errors="0" failures="1" skipped="4" tests="942" time="81.408" timestamp="2026-05-15T23:30:48.213869+03:00" hostname="arf-ui1"><testcase classname="" name="tests.train.test_hpo" time="0.000"><skipped message="collection skipped">('/arf/home/scolakoglu/NLP_Project/tests/train/test_hpo.py', 6, "Skipped: could not import 'optuna': No module named 'optuna'")</skipped></testcase><testcase classname="tests.annotation.test_auto_accept.TestAutoAccept" name="test_unambiguous_high_conf_accepted" time="0.004" /><testcase classname="tests.annotation.test_auto_accept.TestAutoAccept" name="test_ambiguous_low_conf_not_accepted" time="0.001" /><testcase classname="tests.annotation.test_auto_accept.TestAutoAccept" name="test_already_labeled_preserved" time="0.001" /><testcase classname="tests.annotation.test_merge.TestMerge" name="test_seed_only" time="0.001" /><testcase classname="tests.annotation.test_merge.TestMerge" name="test_seed_plus_batch" time="0.001" /><testcase classname="tests.annotation.test_merge.TestMerge" name="test_deduplicates_by_sentence_id" time="0.001" /><testcase classname="tests.benchmark.test_checklist_morpho" name="test_mft_covers_six_cases_and_six_persons" time="0.001" /><testcase classname="tests.benchmark.test_checklist_morpho" name="test_mft_includes_negation_and_harmony" time="0.000" /><testcase classname="tests.benchmark.test_checklist_morpho" name="test_inv_nonempty" time="0.000" /><testcase classname="tests.benchmark.test_checklist_morpho" name="test_dir_nonempty" time="0.000" /><testcase classname="tests.benchmark.test_checklist_morpho" name="test_run_checklist_collects_pass_fail" time="0.001" /><testcase classname="tests.benchmark.test_competitor_accuracy" name="test_convert_delegates_to_ud_to_canonical" time="0.000" /><testcase classname="tests.benchmark.test_competitor_accuracy" name="test_convert_empty_feats" time="0.000" /><testcase classname="tests.benchmark.test_competitor_accuracy" name="test_compare_tags_exact_match" time="0.000" /><testcase classname="tests.benchmark.test_competitor_accuracy" name="test_compare_tags_different_feats" time="0.000" /><testcase classname="tests.benchmark.test_competitor_accuracy" name="test_compare_tags_different_pos" time="0.000" /><testcase classname="tests.benchmark.test_competitor_accuracy" name="test_evaluate_stanza_returns_none_when_missing" time="0.001" /><testcase classname="tests.benchmark.test_competitor_accuracy" name="test_evaluate_spacy_returns_none_when_missing" time="0.000" /><testcase classname="tests.benchmark.test_competitor_accuracy" name="test_evaluate_udpipe_returns_none_when_missing" time="0.000" /><testcase classname="tests.benchmark.test_competitor_accuracy" name="test_competitor_result_dataclass" time="0.000" /><testcase classname="tests.benchmark.test_competitor_accuracy" name="test_generate_positioning_summary_nonempty" time="0.000" /><testcase classname="tests.benchmark.test_competitor_accuracy" name="test_generate_positioning_summary_empty_results" time="0.000" /><testcase classname="tests.benchmark.test_competitor_accuracy" name="test_run_benchmark_writes_table" time="0.001" /><testcase classname="tests.benchmark.test_compound_eval" name="test_depth_bucket_splits_deep_tail" time="0.000" /><testcase classname="tests.benchmark.test_compound_eval" name="test_compound_verb_roots_all_in_table" time="0.000" /><testcase classname="tests.benchmark.test_compound_eval" name="test_evaluate_compound_handling_counts_correctly" time="0.000" /><testcase classname="tests.benchmark.test_compound_eval" name="test_evaluate_compound_handling_misses_count" time="0.000" /><testcase classname="tests.benchmark.test_compound_eval" name="test_si_ambiguity_primary_stratum" time="0.000" /><testcase classname="tests.benchmark.test_compound_eval" name="test_si_ambiguity_compound_context_via_preceding_gen" time="0.000" /><testcase classname="tests.benchmark.test_corpus_stats.TestComputeCorpusStats" name="test_basic_stats" time="0.002" /><testcase classname="tests.benchmark.test_corpus_stats.TestComputeCorpusStats" name="test_coverage_at_k_monotonic" time="0.003" /><testcase classname="tests.benchmark.test_corpus_stats.TestComputeCorpusStats" name="test_zipf_alpha_positive" time="0.017" /><testcase classname="tests.benchmark.test_corpus_stats.TestComputeCorpusStats" name="test_empty_corpus" time="0.001" /><testcase classname="tests.benchmark.test_corpus_stats.TestComputeCorpusStats" name="test_frozen_dataclass" time="0.002" /><testcase classname="tests.benchmark.test_corpus_stats.TestRecommendCacheSize" name="test_returns_reasonable_int" time="0.010" /><testcase classname="tests.benchmark.test_corpus_stats.TestRecommendCacheSize" name="test_high_target_returns_large" time="0.005" /><testcase classname="tests.benchmark.test_corpus_stats.TestRecommendCacheSize" name="test_empty_coverage" time="0.000" /><testcase classname="tests.benchmark.test_corpus_stats.TestRecommendCacheSize" name="test_already_met" time="0.001" /><testcase classname="tests.benchmark.test_domain_bias.TestClassifyDomain" name="test_boun_source_is_formal" time="0.000" /><testcase classname="tests.benchmark.test_domain_bias.TestClassifyDomain" name="test_imst_source_is_formal" time="0.000" /><testcase classname="tests.benchmark.test_domain_bias.TestClassifyDomain" name="test_bounti_source_is_social_media" time="0.000" /><testcase classname="tests.benchmark.test_domain_bias.TestClassifyDomain" name="test_tweet_source_is_social_media" time="0.000" /><testcase classname="tests.benchmark.test_domain_bias.TestClassifyDomain" name="test_trendyol_source_is_informal" time="0.000" /><testcase classname="tests.benchmark.test_domain_bias.TestClassifyDomain" name="test_ttc_source_is_news" time="0.000" /><testcase classname="tests.benchmark.test_domain_bias.TestClassifyDomain" name="test_hashtag_text_is_social_media" time="0.000" /><testcase classname="tests.benchmark.test_domain_bias.TestClassifyDomain" name="test_mention_text_is_social_media" time="0.000" /><testcase classname="tests.benchmark.test_domain_bias.TestClassifyDomain" name="test_default_is_formal" time="0.000" /><testcase classname="tests.benchmark.test_domain_bias.TestMeasureDomainBias" name="test_perfect_predictions_dpd_zero" time="0.000" /><testcase classname="tests.benchmark.test_domain_bias.TestMeasureDomainBias" name="test_dpd_computation" time="0.000" /><testcase classname="tests.benchmark.test_domain_bias.TestMeasureDomainBias" name="test_tpr_disparity_sums_near_zero" time="0.000" /><testcase classname="tests.benchmark.test_domain_bias.TestMeasureDomainBias" name="test_small_domain_excluded_from_dpd" time="0.000" /><testcase classname="tests.benchmark.test_domain_bias.TestMeasureDomainBias" name="test_single_domain_dpd_zero" time="0.000" /><testcase classname="tests.benchmark.test_domain_bias.TestMeasureDomainBias" name="test_predictions_override" time="0.000" /><testcase classname="tests.benchmark.test_domain_bias.TestMeasureDomainBias" name="test_domain_results_contain_n" time="0.000" /><testcase classname="tests.benchmark.test_domain_bias.TestGenerateBiasSummary" name="test_returns_string" time="0.000" /><testcase classname="tests.benchmark.test_domain_bias.TestGenerateBiasSummary" name="test_mentions_dpd" time="0.000" /><testcase classname="tests.benchmark.test_domain_bias.TestGenerateBiasSummary" name="test_insufficient_data" time="0.000" /><testcase classname="tests.benchmark.test_domain_bias.TestFrozenDataclass" name="test_domain_bias_report_is_frozen" time="0.000" /><testcase classname="tests.benchmark.test_ensemble.TestMajorityVoteLogic" name="test_clear_majority" time="0.000" /><testcase classname="tests.benchmark.test_ensemble.TestMajorityVoteLogic" name="test_unanimous" time="0.000" /><testcase classname="tests.benchmark.test_ensemble.TestMajorityVoteLogic" name="test_all_different_picks_first_in_counter" time="0.000" /><testcase classname="tests.benchmark.test_ensemble.TestMajorityVoteLogic" name="test_tie_breaking_by_em" time="0.000" /><testcase classname="tests.benchmark.test_ensemble.TestDecodePrediction" name="test_decode_stops_at_eos" time="0.001" /><testcase classname="tests.benchmark.test_ensemble.TestDecodePrediction" name="test_decode_skips_special_tokens" time="0.001" /><testcase classname="tests.benchmark.test_ensemble.TestEnsembleIntegration" name="test_instantiation" time="0.000"><skipped type="pytest.skip" message="No ensemble checkpoints found">/arf/home/scolakoglu/NLP_Project/tests/benchmark/test_ensemble.py:118: No ensemble checkpoints found</skipped></testcase><testcase classname="tests.benchmark.test_ensemble.TestEnsembleIntegration" name="test_analyze_returns_string" time="0.000"><skipped type="pytest.skip" message="No ensemble checkpoints found">/arf/home/scolakoglu/NLP_Project/tests/benchmark/test_ensemble.py:127: No ensemble checkpoints found</skipped></testcase><testcase classname="tests.benchmark.test_error_analysis" name="test_levenshtein_basic" time="0.000" /><testcase classname="tests.benchmark.test_error_analysis" name="test_levenshtein_diacritic_aware" time="0.000" /><testcase classname="tests.benchmark.test_error_analysis" name="test_classify_root_substitution" time="0.000" /><testcase classname="tests.benchmark.test_error_analysis" name="test_classify_root_truncation" time="0.000" /><testcase classname="tests.benchmark.test_error_analysis" name="test_classify_root_extension" time="0.000" /><testcase classname="tests.benchmark.test_error_analysis" name="test_classify_root_hallucination" time="0.000" /><testcase classname="tests.benchmark.test_error_analysis" name="test_classify_tag_missing_and_extra" time="0.000" /><testcase classname="tests.benchmark.test_error_analysis" name="test_classify_exact_match_skipped" time="0.000" /><testcase classname="tests.benchmark.test_error_analysis" name="test_severity_monotonic_root_worse_than_tag" time="0.000" /><testcase classname="tests.benchmark.test_error_analysis" name="test_compute_severity_hallucination_weights_1" time="0.000" /><testcase classname="tests.benchmark.test_error_analysis" name="test_oracle_projection_arithmetic" time="0.000" /><testcase classname="tests.benchmark.test_error_analysis" name="test_confusion_matrix_case_shape" time="0.000" /><testcase classname="tests.benchmark.test_error_analysis" name="test_generate_error_report_writes_files" time="0.001" /><testcase classname="tests.benchmark.test_intrinsic_eval.TestExactMatch" name="test_perfect" time="0.000" /><testcase classname="tests.benchmark.test_intrinsic_eval.TestExactMatch" name="test_none" time="0.000" /><testcase classname="tests.benchmark.test_intrinsic_eval.TestExactMatch" name="test_partial" time="0.000" /><testcase classname="tests.benchmark.test_intrinsic_eval.TestExactMatch" name="test_empty" time="0.000" /><testcase classname="tests.benchmark.test_intrinsic_eval.TestRootAccuracy" name="test_correct_roots" time="0.000" /><testcase classname="tests.benchmark.test_intrinsic_eval.TestRootAccuracy" name="test_wrong_roots" time="0.000" /><testcase classname="tests.benchmark.test_intrinsic_eval.TestTagF1" name="test_perfect" time="0.000" /><testcase classname="tests.benchmark.test_intrinsic_eval.TestTagF1" name="test_partial_overlap" time="0.000" /><testcase classname="tests.benchmark.test_intrinsic_eval.TestTagF1" name="test_no_tags" time="0.000" /><testcase classname="tests.benchmark.test_intrinsic_eval.TestAllMetrics" name="test_with_parse_counts" time="0.000" /><testcase classname="tests.benchmark.test_llm_baseline" name="test_build_prompt_interpolation" time="0.000" /><testcase classname="tests.benchmark.test_llm_baseline" name="test_build_prompt_with_context" time="0.000" /><testcase classname="tests.benchmark.test_llm_baseline" name="test_parse_valid_json" time="0.000" /><testcase classname="tests.benchmark.test_llm_baseline" name="test_parse_fenced_json" time="0.000" /><testcase classname="tests.benchmark.test_llm_baseline" name="test_parse_fenced_no_lang" time="0.000" /><testcase classname="tests.benchmark.test_llm_baseline" name="test_parse_json_with_surrounding_text" time="0.000" /><testcase classname="tests.benchmark.test_llm_baseline" name="test_parse_garbage_returns_none" time="0.000" /><testcase classname="tests.benchmark.test_llm_baseline" name="test_parse_json_missing_keys_returns_none" time="0.000" /><testcase classname="tests.benchmark.test_llm_baseline" name="test_evaluate_anthropic_returns_none_without_key" time="0.000" /><testcase classname="tests.benchmark.test_llm_baseline" name="test_evaluate_openai_returns_none_without_key" time="0.000" /><testcase classname="tests.benchmark.test_llm_baseline" name="test_generate_prompt_templates_writes_json" time="0.001" /><testcase classname="tests.benchmark.test_llm_baseline" name="test_llm_baseline_result_dataclass" time="0.000" /><testcase classname="tests.benchmark.test_llm_baseline" name="test_llm_baseline_result_none_cost" time="0.000" /><testcase classname="tests.benchmark.test_minimal_pairs" name="test_load_pairs_from_yaml" time="0.014" /><testcase classname="tests.benchmark.test_minimal_pairs" name="test_load_pairs_has_phenomenon_coverage" time="0.013" /><testcase classname="tests.benchmark.test_minimal_pairs" name="test_evaluate_oracle_model" time="0.001" /><testcase classname="tests.benchmark.test_minimal_pairs" name="test_evaluate_broken_model_fails" time="0.000" /><testcase classname="tests.benchmark.test_mis_metric.TestEmptyParses" name="test_compute_mis_empty_list" time="0.000" /><testcase classname="tests.benchmark.test_mis_metric.TestEmptyParses" name="test_entropy_empty_returns_zero" time="0.000" /><testcase classname="tests.benchmark.test_mis_metric.TestEmptyParses" name="test_density_empty_tags_returns_one" time="0.000" /><testcase classname="tests.benchmark.test_mis_metric.TestEmptyParses" name="test_complexity_root_only_returns_zero" time="0.000" /><testcase classname="tests.benchmark.test_mis_metric.TestSingleParse" name="test_single_parse_entropy_zero" time="0.000" /><testcase classname="tests.benchmark.test_mis_metric.TestSingleParse" name="test_mis_single_unambiguous_parse" time="0.000" /><testcase classname="tests.benchmark.test_mis_metric.TestEntropyIncreasesWithAmbiguity" name="test_one_parse_lower_than_two" time="0.000" /><testcase classname="tests.benchmark.test_mis_metric.TestEntropyIncreasesWithAmbiguity" name="test_two_parses_lower_than_four" time="0.000" /><testcase classname="tests.benchmark.test_mis_metric.TestEntropyIncreasesWithAmbiguity" name="test_entropy_equals_log2_of_n_parses" time="0.000" /><testcase classname="tests.benchmark.test_mis_metric.TestEntropyIncreasesWithAmbiguity" name="test_mis_increases_with_more_parses" time="0.000" /><testcase classname="tests.benchmark.test_mis_metric.TestCanonicalizationDensity" name="test_loc_tag_uses_count_four" time="0.000" /><testcase classname="tests.benchmark.test_mis_metric.TestCanonicalizationDensity" name="test_plu_tag_uses_count_two" time="0.000" /><testcase classname="tests.benchmark.test_mis_metric.TestCanonicalizationDensity" name="test_unknown_tag_defaults_to_one" time="0.000" /><testcase classname="tests.benchmark.test_mis_metric.TestCanonicalizationDensity" name="test_mean_over_multiple_tags" time="0.000" /><testcase classname="tests.benchmark.test_mis_metric.TestCanonicalizationDensity" name="test_mean_over_multiple_parses" time="0.000" /><testcase classname="tests.benchmark.test_mis_metric.TestStructuralComplexity" name="test_longer_chain_higher_complexity" time="0.000" /><testcase classname="tests.benchmark.test_mis_metric.TestStructuralComplexity" name="test_root_only_zero_complexity" time="0.000" /><testcase classname="tests.benchmark.test_mis_metric.TestStructuralComplexity" name="test_single_non_deriv_tag" time="0.000" /><testcase classname="tests.benchmark.test_mis_metric.TestStructuralComplexity" name="test_complexity_is_mean_over_parses" time="0.000" /><testcase classname="tests.benchmark.test_mis_metric.TestDerivationalTags" name="test_derivational_tag_increases_complexity_vs_nonderiv" time="0.000" /><testcase classname="tests.benchmark.test_mis_metric.TestDerivationalTags" name="test_all_derivational_tags_in_frozenset" time="0.000" /><testcase classname="tests.benchmark.test_mis_metric.TestDerivationalTags" name="test_mixed_deriv_ratio" time="0.000" /><testcase classname="tests.benchmark.test_mis_metric.TestDerivationalTags" name="test_full_deriv_chain" time="0.000" /><testcase classname="tests.benchmark.test_mis_metric.TestComputeMisReturnType" name="test_returns_float" time="0.000" /><testcase classname="tests.benchmark.test_mis_metric.TestComputeMisReturnType" name="test_result_in_unit_range" time="0.000" /><testcase classname="tests.benchmark.test_mis_metric.TestComputeMisReturnType" name="test_token_arg_ignored" time="0.000" /><testcase classname="tests.benchmark.test_mis_metric.TestComputeMisReturnType" name="test_consistency_with_normalized_components" time="0.000" /><testcase classname="tests.benchmark.test_mis_metric.TestWeights" name="test_weights_sum_to_one" time="0.000" /><testcase classname="tests.benchmark.test_mis_metric.TestWeights" name="test_individual_weights_positive" time="0.000" /><testcase classname="tests.benchmark.test_mis_metric.TestWeights" name="test_allomorph_counts_non_empty" time="0.000" /><testcase classname="tests.benchmark.test_robustness" name="test_deasciification_deterministic_with_seed" time="0.000" /><testcase classname="tests.benchmark.test_robustness" name="test_deasciification_respects_prob_zero" time="0.000" /><testcase classname="tests.benchmark.test_robustness" name="test_casing_turkish_i_rules" time="0.000" /><testcase classname="tests.benchmark.test_robustness" name="test_casing_mode_unknown_raises" time="0.000" /><testcase classname="tests.benchmark.test_robustness" name="test_elongation_lengthens_vowels_and_appends_punct" time="0.000" /><testcase classname="tests.benchmark.test_robustness" name="test_code_switch_replaces_known_roots" time="0.001" /><testcase classname="tests.benchmark.test_robustness" name="test_hashtag_fuses_words" time="0.000" /><testcase classname="tests.benchmark.test_robustness" name="test_run_suite_records_all_attacks" time="0.001" /><testcase classname="tests.benchmark.test_significance.TestPairedBootstrap" name="test_identical_systems" time="0.134" /><testcase classname="tests.benchmark.test_significance.TestPairedBootstrap" name="test_better_system_significant" time="0.198" /><testcase classname="tests.benchmark.test_significance.TestPairedBootstrap" name="test_cohens_d_positive" time="0.133" /><testcase classname="tests.benchmark.test_significance.TestHolmBonferroni" name="test_single_pvalue" time="0.000" /><testcase classname="tests.benchmark.test_significance.TestHolmBonferroni" name="test_correction_increases_pvalues" time="0.000" /><testcase classname="tests.benchmark.test_significance.TestHolmBonferroni" name="test_capped_at_one" time="0.000" /><testcase classname="tests.benchmark.test_significance.TestHolmBonferroni" name="test_empty" time="0.000" /><testcase classname="tests.benchmark.test_significance" name="test_multi_system_significance_report" time="0.005" /><testcase classname="tests.benchmark.test_speed_benchmark" name="test_percentile_basic" time="0.000" /><testcase classname="tests.benchmark.test_speed_benchmark" name="test_percentile_empty_returns_zero" time="0.000" /><testcase classname="tests.benchmark.test_speed_benchmark" name="test_benchmark_inference_runs_stub_model" time="0.000" /><testcase classname="tests.benchmark.test_speed_benchmark" name="test_benchmark_competitors_skips_missing_gracefully" time="2.088" /><testcase classname="tests.benchmark.test_speed_benchmark" name="test_generate_speed_report_writes_markdown" time="0.001" /><testcase classname="tests.benchmark.test_standard_benchmarks" name="test_ud_to_canonical_case_and_number" time="0.000" /><testcase classname="tests.benchmark.test_standard_benchmarks" name="test_ud_to_canonical_possessive_joins" time="0.000" /><testcase classname="tests.benchmark.test_standard_benchmarks" name="test_ud_to_canonical_unknown_feat_skipped" time="0.001" /><testcase classname="tests.benchmark.test_standard_benchmarks" name="test_load_trmorph2018" time="0.001" /><testcase classname="tests.benchmark.test_standard_benchmarks" name="test_load_trmorph2018_missing_raises" time="0.001" /><testcase classname="tests.benchmark.test_standard_benchmarks" name="test_load_ud_test_split" time="0.001" /><testcase classname="tests.benchmark.test_standard_benchmarks" name="test_evaluate_generation_mode_perfect" time="0.000" /><testcase classname="tests.benchmark.test_standard_benchmarks" name="test_evaluate_disambiguation_mode_mock_zeyrek" time="0.000" /><testcase classname="tests.benchmark.test_standard_benchmarks" name="test_run_standard_benchmarks_writes_report" time="0.001" /><testcase classname="tests.benchmark.test_stratified_eval" name="test_morpheme_depth" time="0.000" /><testcase classname="tests.benchmark.test_stratified_eval" name="test_exact_and_f1" time="0.000" /><testcase classname="tests.benchmark.test_stratified_eval" name="test_per_tag_prf" time="0.000" /><testcase classname="tests.benchmark.test_stratified_eval" name="test_stratify_by_depth" time="0.000" /><testcase classname="tests.benchmark.test_stratified_eval" name="test_top20_confusion_aligned" time="0.000" /><testcase classname="tests.benchmark.test_stratified_eval" name="test_build_report_with_balanced" time="0.001" /><testcase classname="tests.benchmark.test_stratified_eval" name="test_balanced_subset_builder" time="0.001" /><testcase classname="tests.benchmark.test_tag_frequency" name="test_extract_tags_basic" time="0.000" /><testcase classname="tests.benchmark.test_tag_frequency" name="test_count_tags_and_classes" time="0.004" /><testcase classname="tests.benchmark.test_tag_frequency" name="test_resolve_corpus_path_fails_loudly" time="0.001" /><testcase classname="tests.benchmark.test_tag_frequency" name="test_resolve_corpus_path_picks_jsonl_first" time="0.001" /><testcase classname="tests.benchmark.test_tag_frequency" name="test_write_json_roundtrip" time="0.001" /><testcase classname="tests.benchmark.test_tag_frequency" name="test_format_markdown_has_header" time="0.000" /><testcase classname="tests.benchmark.test_tag_frequency" name="test_tsv_corpus_last_column" time="0.001" /><testcase classname="tests.benchmark.test_training_efficiency.TestTimeToThreshold" name="test_basic" time="0.000" /><testcase classname="tests.benchmark.test_training_efficiency.TestTimeToThreshold" name="test_never_reached" time="0.000" /><testcase classname="tests.benchmark.test_training_efficiency.TestTimeToThreshold" name="test_empty_history" time="0.000" /><testcase classname="tests.benchmark.test_training_efficiency.TestTimeToThreshold" name="test_first_epoch" time="0.000" /><testcase classname="tests.benchmark.test_training_efficiency.TestTimeToThreshold" name="test_custom_final_em" time="0.000" /><testcase classname="tests.benchmark.test_training_efficiency.TestAULC" name="test_constant" time="0.000" /><testcase classname="tests.benchmark.test_training_efficiency.TestAULC" name="test_increasing" time="0.000" /><testcase classname="tests.benchmark.test_training_efficiency.TestAULC" name="test_empty" time="0.000" /><testcase classname="tests.benchmark.test_training_efficiency.TestRelativeEfficiency" name="test_faster" time="0.000" /><testcase classname="tests.benchmark.test_training_efficiency.TestRelativeEfficiency" name="test_same" time="0.000" /><testcase classname="tests.benchmark.test_training_efficiency.TestRelativeEfficiency" name="test_slower" time="0.000" /><testcase classname="tests.benchmark.test_training_efficiency.TestComputeAll" name="test_basic" time="0.000" /><testcase classname="tests.benchmark.test_training_efficiency.TestComputeAll" name="test_with_baseline" time="0.000" /><testcase classname="tests.benchmark.test_training_efficiency.TestFormatTable" name="test_output" time="0.000" /><testcase classname="tests.benchmark.test_weighted_em" name="test_emma_identical" time="0.000" /><testcase classname="tests.benchmark.test_weighted_em" name="test_emma_disjoint" time="0.000" /><testcase classname="tests.benchmark.test_weighted_em" name="test_emma_empty_both" time="0.000" /><testcase classname="tests.benchmark.test_weighted_em" name="test_emma_family_partial" time="0.000" /><testcase classname="tests.benchmark.test_weighted_em" name="test_weighted_em_perfect" time="0.000" /><testcase classname="tests.benchmark.test_weighted_em" name="test_weighted_em_root_wrong" time="0.000" /><testcase classname="tests.benchmark.test_weighted_em" name="test_weighted_em_tags_wrong" time="0.000" /><testcase classname="tests.benchmark.test_weighted_em" name="test_score_pair_perfect" time="0.000" /><testcase classname="tests.benchmark.test_weighted_em" name="test_corpus_weighted_em" time="0.000" /><testcase classname="tests.benchmark.test_weighted_em" name="test_corpus_weighted_em_mixed" time="0.000" /><testcase classname="tests.classify.test_embeddings.TestTfidfPipeline" name="test_tfidf_logreg_basic" time="0.009" /><testcase classname="tests.classify.test_morph_features.TestFitTransform" name="test_fit_returns_self" time="0.000" /><testcase classname="tests.classify.test_morph_features.TestFitTransform" name="test_transform_returns_ndarray" time="0.001" /><testcase classname="tests.classify.test_morph_features.TestFitTransform" name="test_output_shape" time="0.000" /><testcase classname="tests.classify.test_morph_features.TestFitTransform" name="test_output_dtype" time="0.000" /><testcase classname="tests.classify.test_morph_features.TestFeatureValues" name="test_noun_doc_has_high_noun_ratio" time="0.000" /><testcase classname="tests.classify.test_morph_features.TestFeatureValues" name="test_plural_doc_has_high_plu_ratio" time="0.000" /><testcase classname="tests.classify.test_morph_features.TestFeatureValues" name="test_lexical_diversity_all_unique" time="0.000" /><testcase classname="tests.classify.test_morph_features.TestFeatureValues" name="test_verb_doc_higher_verb_ratio" time="0.000" /><testcase classname="tests.classify.test_morph_features.TestFeatureNames" name="test_feature_names_count" time="0.000" /><testcase classname="tests.classify.test_morph_features.TestFeatureNames" name="test_feature_names_are_strings" time="0.000" /><testcase classname="tests.classify.test_morph_features.TestFeatureNames" name="test_feature_names_include_expected" time="0.000" /><testcase classname="tests.core.test_analyzer.TestMorphoAnalyzerInit" name="test_default_backend" time="2.035" /><testcase classname="tests.core.test_analyzer.TestMorphoAnalyzerInit" name="test_explicit_zeyrek" time="2.467" /><testcase classname="tests.core.test_analyzer.TestMorphoAnalyzerInit" name="test_unknown_backend_raises" time="0.001" /><testcase classname="tests.core.test_analyzer.TestMorphoAnalyzerAnalyze" name="test_returns_token_analyses" time="1.962" /><testcase classname="tests.core.test_analyzer.TestMorphoAnalyzerAnalyze" name="test_parses_simple_word" time="1.934" /><testcase classname="tests.core.test_analyzer.TestMorphoAnalyzerAnalyze" name="test_parses_inflected_word" time="2.332" /><testcase classname="tests.core.test_analyzer.TestMorphoAnalyzerAnalyze" name="test_deduplicates_across_backends" time="2.420" /><testcase classname="tests.core.test_analyzer.TestMorphoAnalyzerCache" name="test_cache_hit" time="1.941" /><testcase classname="tests.core.test_analyzer.TestMorphoAnalyzerCache" name="test_cache_miss" time="2.367" /><testcase classname="tests.core.test_analyzer.TestMorphoAnalyzerCache" name="test_cache_returns_same_result" time="2.421" /><testcase classname="tests.core.test_analyzer.TestMorphoAnalyzerPipe" name="test_pipe_basic" time="2.009" /><testcase classname="tests.core.test_analyzer.TestMorphoAnalyzerContextManager" name="test_context_manager" time="2.431" /><testcase classname="tests.core.test_analyzer_cache.TestEnableCache" name="test_enable_cache_replaces" time="0.001" /><testcase classname="tests.core.test_analyzer_cache.TestEnableCache" name="test_enable_cache_disk" time="0.015" /><testcase classname="tests.core.test_analyzer_cache.TestCacheStats" name="test_cache_stats_property" time="0.000" /><testcase classname="tests.core.test_analyzer_cache.TestCacheStats" name="test_cache_stats_after_usage" time="0.000" /><testcase classname="tests.core.test_cache.TestAnalysisCache" name="test_put_and_get" time="0.000" /><testcase classname="tests.core.test_cache.TestAnalysisCache" name="test_miss" time="0.000" /><testcase classname="tests.core.test_cache.TestAnalysisCache" name="test_eviction" time="0.000" /><testcase classname="tests.core.test_cache.TestAnalysisCache" name="test_lru_order" time="0.000" /><testcase classname="tests.core.test_cache.TestAnalysisCache" name="test_hit_rate" time="0.000" /><testcase classname="tests.core.test_cache.TestAnalysisCache" name="test_clear" time="0.000" /><testcase classname="tests.core.test_cache.TestAnalysisCacheStats" name="test_stats_keys" time="0.000" /><testcase classname="tests.core.test_cache.TestAnalysisCacheStats" name="test_stats_empty" time="0.000" /><testcase classname="tests.core.test_cache.TestDiskCache" name="test_disk_roundtrip" time="0.007" /><testcase classname="tests.core.test_cache.TestDiskCache" name="test_disk_miss" time="0.005" /><testcase classname="tests.core.test_cache.TestDiskCache" name="test_disk_promotes_to_memory" time="0.008" /><testcase classname="tests.core.test_cache.TestDiskCache" name="test_disk_stats" time="0.005" /><testcase classname="tests.core.test_cache.TestDiskCache" name="test_warm_from_disk" time="0.007" /><testcase classname="tests.core.test_cache.TestDiskCache" name="test_warm_from_disk_no_disk" time="0.000" /><testcase classname="tests.core.test_cache.TestDiskCache" name="test_clear_both_tiers" time="0.005" /><testcase classname="tests.core.test_cache.TestBackwardCompat" name="test_no_disk_path" time="0.000" /><testcase classname="tests.core.test_code_switch.TestSplitForeignSuffix" name="test_ascii_apostrophe" time="0.000" /><testcase classname="tests.core.test_code_switch.TestSplitForeignSuffix" name="test_unicode_right_quote" time="0.000" /><testcase classname="tests.core.test_code_switch.TestSplitForeignSuffix" name="test_unicode_modifier_apostrophe" time="0.000" /><testcase classname="tests.core.test_code_switch.TestSplitForeignSuffix" name="test_unicode_left_quote" time="0.000" /><testcase classname="tests.core.test_code_switch.TestSplitForeignSuffix" name="test_no_apostrophe" time="0.000" /><testcase classname="tests.core.test_code_switch.TestSplitForeignSuffix" name="test_empty" time="0.000" /><testcase classname="tests.core.test_code_switch.TestSplitForeignSuffix" name="test_apostrophe_at_start" time="0.000" /><testcase classname="tests.core.test_code_switch.TestSplitForeignSuffix" name="test_apostrophe_at_end" time="0.000" /><testcase classname="tests.core.test_code_switch.TestSplitForeignSuffix" name="test_iphone" time="0.000" /><testcase classname="tests.core.test_code_switch.TestSplitForeignSuffix" name="test_biden" time="0.000" /><testcase classname="tests.core.test_code_switch.TestSplitForeignSuffix" name="test_netflix" time="0.000" /><testcase classname="tests.core.test_code_switch.TestClassifyForeignRoot" name="test_verb_stem_la" time="0.000" /><testcase classname="tests.core.test_code_switch.TestClassifyForeignRoot" name="test_verb_stem_le" time="0.000" /><testcase classname="tests.core.test_code_switch.TestClassifyForeignRoot" name="test_proper_noun_uppercase" time="0.000" /><testcase classname="tests.core.test_code_switch.TestClassifyForeignRoot" name="test_proper_noun_genitive" time="0.000" /><testcase classname="tests.core.test_code_switch.TestClassifyForeignRoot" name="test_noun_lowercase" time="0.000" /><testcase classname="tests.core.test_code_switch.TestClassifyForeignRoot" name="test_noun_default" time="0.000" /><testcase classname="tests.core.test_code_switch.TestDetectCodeSwitch" name="test_google_ladim" time="0.003" /><testcase classname="tests.core.test_code_switch.TestDetectCodeSwitch" name="test_iphone_possessive" time="0.000" /><testcase classname="tests.core.test_code_switch.TestDetectCodeSwitch" name="test_biden_dative" time="0.000" /><testcase classname="tests.core.test_code_switch.TestDetectCodeSwitch" name="test_netflix_ablative" time="0.000" /><testcase classname="tests.core.test_code_switch.TestDetectCodeSwitch" name="test_tweet_verb" time="0.000" /><testcase classname="tests.core.test_code_switch.TestDetectCodeSwitch" name="test_abbreviation_defers" time="0.000" /><testcase classname="tests.core.test_code_switch.TestDetectCodeSwitch" name="test_abbreviation_ab_defers" time="0.000" /><testcase classname="tests.core.test_code_switch.TestDetectCodeSwitch" name="test_no_apostrophe" time="0.000" /><testcase classname="tests.core.test_code_switch.TestDetectCodeSwitch" name="test_empty" time="0.000" /><testcase classname="tests.core.test_code_switch.TestDetectCodeSwitch" name="test_turkish_root_defers" time="0.000" /><testcase classname="tests.core.test_code_switch.TestDetectCodeSwitch" name="test_original_preserved" time="0.000" /><testcase classname="tests.core.test_code_switch.TestAnalyzeForeignSuffixes" name="test_ladim" time="0.000" /><testcase classname="tests.core.test_code_switch.TestAnalyzeForeignSuffixes" name="test_ledim" time="0.000" /><testcase classname="tests.core.test_code_switch.TestAnalyzeForeignSuffixes" name="test_genitive_un" time="0.000" /><testcase classname="tests.core.test_code_switch.TestAnalyzeForeignSuffixes" name="test_genitive_in" time="0.000" /><testcase classname="tests.core.test_code_switch.TestAnalyzeForeignSuffixes" name="test_dative_a" time="0.000" /><testcase classname="tests.core.test_code_switch.TestAnalyzeForeignSuffixes" name="test_dative_e" time="0.000" /><testcase classname="tests.core.test_code_switch.TestAnalyzeForeignSuffixes" name="test_ablative_ten" time="0.000" /><testcase classname="tests.core.test_code_switch.TestAnalyzeForeignSuffixes" name="test_ablative_dan" time="0.000" /><testcase classname="tests.core.test_code_switch.TestAnalyzeForeignSuffixes" name="test_plural_ler" time="0.000" /><testcase classname="tests.core.test_code_switch.TestAnalyzeForeignSuffixes" name="test_plural_lar" time="0.000" /><testcase classname="tests.core.test_code_switch.TestAnalyzeForeignSuffixes" name="test_empty_suffix" time="0.000" /><testcase classname="tests.core.test_code_switch.TestAnalyzeForeignSuffixes" name="test_none_vowel" time="0.000" /><testcase classname="tests.core.test_code_switch.TestAnalyzeForeignSuffixes" name="test_relaxed_harmony_default" time="0.000" /><testcase classname="tests.core.test_code_switch.TestAnalyzeForeignSuffixes" name="test_locative_da" time="0.000" /><testcase classname="tests.core.test_code_switch.TestAnalyzeForeignSuffixes" name="test_verb_prog" time="0.000" /><testcase classname="tests.core.test_code_switch.TestAnalyzerCodeSwitchIntegration" name="test_disabled_by_default" time="0.000" /><testcase classname="tests.core.test_code_switch.TestAnalyzerCodeSwitchIntegration" name="test_enabled_detects_foreign" time="0.000" /><testcase classname="tests.core.test_code_switch.TestAnalyzerCodeSwitchIntegration" name="test_cache_isolation" time="0.000" /><testcase classname="tests.core.test_code_switch.TestAnalyzerCodeSwitchIntegration" name="test_score_is_0_9" time="0.000" /><testcase classname="tests.core.test_code_switch.TestAnalyzerCodeSwitchIntegration" name="test_non_code_switch_falls_through" time="0.000" /><testcase classname="tests.core.test_code_switch.TestAnalyzerCodeSwitchIntegration" name="test_abbreviation_not_captured" time="0.000" /><testcase classname="tests.core.test_compound_lexicon.TestDecomposeFusedLvc" name="test_known_gemination_form" time="0.000" /><testcase classname="tests.core.test_compound_lexicon.TestDecomposeFusedLvc" name="test_known_progressive_form" time="0.000" /><testcase classname="tests.core.test_compound_lexicon.TestDecomposeFusedLvc" name="test_known_ol_form" time="0.000" /><testcase classname="tests.core.test_compound_lexicon.TestDecomposeFusedLvc" name="test_known_elision_form" time="0.000" /><testcase classname="tests.core.test_compound_lexicon.TestDecomposeFusedLvc" name="test_non_fused_returns_none" time="0.000" /><testcase classname="tests.core.test_compound_lexicon.TestDecomposeFusedLvc" name="test_empty_input" time="0.000" /><testcase classname="tests.core.test_compound_lexicon.TestDecomposeFusedLvc" name="test_longest_prefix_match_wins" time="0.000" /><testcase classname="tests.core.test_compound_lexicon.TestDecomposeFusedLvc" name="test_case_insensitive" time="0.000" /><testcase classname="tests.core.test_compound_lexicon.TestDecomposeFusedLvc" name="test_is_fused_lvc" time="0.000" /><testcase classname="tests.core.test_compound_lexicon.TestMorphophonologicalFilter" name="test_gemination_accepted" time="0.000" /><testcase classname="tests.core.test_compound_lexicon.TestMorphophonologicalFilter" name="test_elision_accepted" time="0.000" /><testcase classname="tests.core.test_compound_lexicon.TestMorphophonologicalFilter" name="test_voicing_accepted" time="0.000" /><testcase classname="tests.core.test_compound_lexicon.TestMorphophonologicalFilter" name="test_plain_concatenation_rejected" time="0.000" /><testcase classname="tests.core.test_compound_lexicon.TestMorphophonologicalFilter" name="test_unrelated_rejected" time="0.000" /><testcase classname="tests.core.test_compound_lexicon.TestRestoreCandidates" name="test_degemination_candidate" time="0.000" /><testcase classname="tests.core.test_compound_lexicon.TestRestoreCandidates" name="test_devoicing_candidate" time="0.000" /><testcase classname="tests.core.test_compound_lexicon.TestMineCorpus" name="test_mining_smoke_skips_normal_verbs" time="0.000" /><testcase classname="tests.core.test_compound_lexicon.TestMineCorpus" name="test_mining_handles_zeyrek_exceptions" time="0.000" /><testcase classname="tests.core.test_compound_lexicon" name="test_table_entries_are_well_formed" time="0.000" /><testcase classname="tests.core.test_compound_lexicon" name="test_analyzer_decompose_lvc_flag" time="0.000" /><testcase classname="tests.core.test_constants.TestZeyrekToCanonical" name="test_all_canonical_tags_follow_format" time="0.000" /><testcase classname="tests.core.test_constants.TestZeyrekToCanonical" name="test_no_none_values" time="0.000" /><testcase classname="tests.core.test_constants.TestZeyrekToCanonical" name="test_case_suffixes_present" time="0.000" /><testcase classname="tests.core.test_constants.TestZeyrekToCanonical" name="test_possession_paradigm_complete" time="0.000" /><testcase classname="tests.core.test_constants.TestZeyrekToCanonical" name="test_tense_tags_present" time="0.000" /><testcase classname="tests.core.test_constants.TestZeyrekToCanonical" name="test_known_mappings" time="0.000" /><testcase classname="tests.core.test_constants.TestZeyrekToCanonical" name="test_unmarked_features_are_empty" time="0.000" /><testcase classname="tests.core.test_constants.TestZeyrekToCanonical" name="test_has_sufficient_mappings" time="0.000" /><testcase classname="tests.core.test_constants.TestTRMorphToCanonical" name="test_all_canonical_tags_follow_format" time="0.000" /><testcase classname="tests.core.test_constants.TestTRMorphToCanonical" name="test_canonical_alignment" time="0.000" /><testcase classname="tests.core.test_constants.TestUnmarkedFeatures" name="test_unmarked_set_populated" time="0.000" /><testcase classname="tests.core.test_datatypes.TestMorpheme" name="test_creation" time="0.000" /><testcase classname="tests.core.test_datatypes.TestMorpheme" name="test_frozen" time="0.000" /><testcase classname="tests.core.test_datatypes.TestMorpheme" name="test_equality" time="0.000" /><testcase classname="tests.core.test_datatypes.TestMorpheme" name="test_hashable" time="0.000" /><testcase classname="tests.core.test_datatypes.TestMorphologicalAnalysis" name="test_creation" time="0.000" /><testcase classname="tests.core.test_datatypes.TestMorphologicalAnalysis" name="test_frozen" time="0.000" /><testcase classname="tests.core.test_datatypes.TestMorphologicalAnalysis" name="test_lemma" time="0.000" /><testcase classname="tests.core.test_datatypes.TestMorphologicalAnalysis" name="test_to_str" time="0.000" /><testcase classname="tests.core.test_datatypes.TestMorphologicalAnalysis" name="test_to_str_root_only" time="0.000" /><testcase classname="tests.core.test_datatypes.TestMorphologicalAnalysis" name="test_tag_order_preserved" time="0.000" /><testcase classname="tests.core.test_datatypes.TestMorphologicalAnalysis" name="test_to_conllu" time="0.000" /><testcase classname="tests.core.test_datatypes.TestMorphologicalAnalysis" name="test_parse_identity" time="0.000" /><testcase classname="tests.core.test_datatypes.TestMorphologicalAnalysis" name="test_different_parses_different_identity" time="0.000" /><testcase classname="tests.core.test_datatypes.TestTokenAnalyses" name="test_ambiguous" time="0.000" /><testcase classname="tests.core.test_datatypes.TestTokenAnalyses" name="test_unambiguous" time="0.000" /><testcase classname="tests.core.test_datatypes.TestTokenAnalyses" name="test_empty" time="0.000" /><testcase classname="tests.core.test_datatypes.TestTokenAnalyses" name="test_best" time="0.000" /><testcase classname="tests.core.test_output_formats.TestOutputFormatterInit" name="test_valid_modes" time="0.000" /><testcase classname="tests.core.test_output_formats.TestOutputFormatterInit" name="test_invalid_mode_raises" time="0.000" /><testcase classname="tests.core.test_output_formats.TestTextMode" name="test_contains_surface_and_tags" time="0.000" /><testcase classname="tests.core.test_output_formats.TestTextMode" name="test_empty_analyses" time="0.000" /><testcase classname="tests.core.test_output_formats.TestJsonMode" name="test_valid_json" time="0.000" /><testcase classname="tests.core.test_output_formats.TestJsonMode" name="test_root_and_tags" time="0.000" /><testcase classname="tests.core.test_output_formats.TestJsonMode" name="test_turkish_chars_preserved" time="0.000" /><testcase classname="tests.core.test_output_formats.TestJsonMode" name="test_empty_analyses" time="0.000" /><testcase classname="tests.core.test_output_formats.TestMinimalMode" name="test_no_ansi_codes" time="0.000" /><testcase classname="tests.core.test_output_formats.TestMinimalMode" name="test_tab_separated" time="0.000" /><testcase classname="tests.core.test_output_formats.TestMinimalMode" name="test_empty_analyses" time="0.000" /><testcase classname="tests.core.test_output_formats.TestBatchFormatting" name="test_json_batch_valid" time="0.000" /><testcase classname="tests.core.test_output_formats.TestBatchFormatting" name="test_text_batch_newline_separated" time="0.000" /><testcase classname="tests.core.test_output_formats.TestBatchFormatting" name="test_empty_batch" time="0.000" /><testcase classname="tests.core.test_output_formats.TestBatchFormatting" name="test_minimal_batch" time="0.000" /><testcase classname="tests.core.test_phonology.TestLastVowel" name="test_simple" time="0.000" /><testcase classname="tests.core.test_phonology.TestLastVowel" name="test_no_vowels" time="0.000" /><testcase classname="tests.core.test_phonology.TestLastVowel" name="test_turkish_vowels" time="0.000" /><testcase classname="tests.core.test_phonology.TestVowelHarmony" name="test_front" time="0.000" /><testcase classname="tests.core.test_phonology.TestVowelHarmony" name="test_back" time="0.000" /><testcase classname="tests.core.test_phonology.TestVowelHarmony" name="test_rounded" time="0.000" /><testcase classname="tests.core.test_special_tokens.TestAbbreviations" name="test_acronym_word_pronunciation" time="0.000" /><testcase classname="tests.core.test_special_tokens.TestAbbreviations" name="test_letter_pronunciation_for_initialism" time="0.000" /><testcase classname="tests.core.test_special_tokens.TestAbbreviations" name="test_unknown_letter_returns_none_or_vowel" time="0.000" /><testcase classname="tests.core.test_special_tokens.TestAbbreviations" name="test_split_apostrophe" time="0.000" /><testcase classname="tests.core.test_special_tokens.TestAbbreviations" name="test_split_period_ending" time="0.000" /><testcase classname="tests.core.test_special_tokens.TestAbbreviations" name="test_split_missing_apostrophe" time="0.000" /><testcase classname="tests.core.test_special_tokens.TestAbbreviations" name="test_dispatch_natonu" time="0.000" /><testcase classname="tests.core.test_special_tokens.TestAbbreviations" name="test_dispatch_tdkye" time="0.000" /><testcase classname="tests.core.test_special_tokens.TestNumerics" name="test_1990_doksan_back_vowel" time="0.000" /><testcase classname="tests.core.test_special_tokens.TestNumerics" name="test_3_uc_front_rounded" time="0.000" /><testcase classname="tests.core.test_special_tokens.TestNumerics" name="test_split_1990larda" time="0.000" /><testcase classname="tests.core.test_special_tokens.TestNumerics" name="test_split_3un" time="0.000" /><testcase classname="tests.core.test_special_tokens.TestNumerics" name="test_dispatch_1990larda" time="0.000" /><testcase classname="tests.core.test_special_tokens.TestNumerics" name="test_dispatch_bare_2024" time="0.000" /><testcase classname="tests.core.test_special_tokens.TestReduplication" name="test_lexicon_masmavi" time="0.000" /><testcase classname="tests.core.test_special_tokens.TestReduplication" name="test_lexicon_tertemiz" time="0.000" /><testcase classname="tests.core.test_special_tokens.TestReduplication" name="test_non_redup_returns_none" time="0.000" /><testcase classname="tests.core.test_special_tokens.TestReduplication" name="test_dispatch_masmavi" time="0.000" /><testcase classname="tests.core.test_special_tokens.TestDispatcherFallthrough" name="test_normal_word_returns_none" time="0.000" /><testcase classname="tests.core.test_special_tokens.TestDispatcherFallthrough" name="test_empty_returns_none" time="0.000" /><testcase classname="tests.core.test_special_tokens" name="test_analyzer_handle_special_tokens_flag" time="0.000" /><testcase classname="tests.data.test_acquisition.TestMAD" name="test_single_parse_returns_zero" time="0.001" /><testcase classname="tests.data.test_acquisition.TestMAD" name="test_zero_parses_returns_zero" time="0.000" /><testcase classname="tests.data.test_acquisition.TestMAD" name="test_multiple_parses_positive" time="0.000" /><testcase classname="tests.data.test_acquisition.TestMAD" name="test_max_parses_returns_one" time="0.000" /><testcase classname="tests.data.test_acquisition.TestMAD" name="test_more_parses_higher_score" time="0.000" /><testcase classname="tests.data.test_acquisition.TestBALD" name="test_returns_zero_without_model" time="0.000" /><testcase classname="tests.data.test_acquisition.TestCONF" name="test_returns_zero_when_disabled" time="0.000" /><testcase classname="tests.data.test_acquisition.TestCONF" name="test_returns_zero_when_single_backend" time="0.000" /><testcase classname="tests.data.test_acquisition.TestCONF" name="test_agreement_returns_zero" time="0.000" /><testcase classname="tests.data.test_acquisition.TestCONF" name="test_disagreement_returns_one" time="0.000" /><testcase classname="tests.data.test_acquisition.TestSentenceScoring" name="test_empty_sentence_zero" time="0.000" /><testcase classname="tests.data.test_acquisition.TestSentenceScoring" name="test_unambiguous_sentence_low" time="0.000" /><testcase classname="tests.data.test_acquisition.TestSentenceScoring" name="test_ambiguous_sentence_higher" time="0.000" /><testcase classname="tests.data.test_acquisition.TestSentenceScoring" name="test_mad_only_mode" time="0.000" /><testcase classname="tests.data.test_acquisition.TestBatchSelection" name="test_selects_correct_count" time="0.001" /><testcase classname="tests.data.test_acquisition.TestBatchSelection" name="test_excludes_annotated" time="0.000" /><testcase classname="tests.data.test_acquisition.TestBatchSelection" name="test_highest_scored_first" time="0.000" /><testcase classname="tests.data.test_acquisition.TestWeightedLabelModel" name="test_confidence_in_range" time="0.000" /><testcase classname="tests.data.test_char_augmentation" name="test_keyboard_identity_when_prob_zero" time="0.000" /><testcase classname="tests.data.test_char_augmentation" name="test_keyboard_only_substitutes_adjacent_keys" time="0.000" /><testcase classname="tests.data.test_char_augmentation" name="test_keyboard_handles_turkish_chars" time="0.000" /><testcase classname="tests.data.test_char_augmentation" name="test_diacritic_strip_mode" time="0.000" /><testcase classname="tests.data.test_char_augmentation" name="test_diacritic_identity_when_prob_zero" time="0.000" /><testcase classname="tests.data.test_char_augmentation" name="test_diacritic_harmony_safe_swap" time="0.000" /><testcase classname="tests.data.test_char_augmentation" name="test_stemcorrupt_tags_unchanged" time="0.000" /><testcase classname="tests.data.test_char_augmentation" name="test_stemcorrupt_noop_when_prob_zero" time="0.000" /><testcase classname="tests.data.test_char_augmentation" name="test_composite_chains_augmenters" time="0.000" /><testcase classname="tests.data.test_char_augmentation" name="test_composite_probability_zero_skips" time="0.000" /><testcase classname="tests.data.test_char_augmentation" name="test_empty_and_single_char" time="0.000" /><testcase classname="tests.data.test_char_augmentation" name="test_turkish_qwerty_coords_shape" time="0.000" /><testcase classname="tests.data.test_corpus_builder.TestCorpusBuilder" name="test_builds_three_tiers" time="0.001" /><testcase classname="tests.data.test_corpus_builder.TestCorpusBuilder" name="test_gold_excluded_from_silver" time="0.001" /><testcase classname="tests.data.test_corpus_builder_v2.TestExtractPos" name="test_noun" time="0.000" /><testcase classname="tests.data.test_corpus_builder_v2.TestExtractPos" name="test_verb" time="0.000" /><testcase classname="tests.data.test_corpus_builder_v2.TestExtractPos" name="test_no_tag_returns_default" time="0.000" /><testcase classname="tests.data.test_corpus_builder_v2.TestExtractPos" name="test_punctuation" time="0.000" /><testcase classname="tests.data.test_corpus_builder_v2.TestPosThresholds" name="test_is_dict" time="0.000" /><testcase classname="tests.data.test_corpus_builder_v2.TestPosThresholds" name="test_values_are_float_pairs" time="0.000" /><testcase classname="tests.data.test_corpus_builder_v2.TestPosThresholds" name="test_has_default" time="0.000" /><testcase classname="tests.data.test_corpus_builder_v2.TestPosThresholds" name="test_verb_higher_than_noun" time="0.000" /><testcase classname="tests.data.test_corpus_builder_v2.TestCorpusBuilderPosThresholds" name="test_pos_thresholds_reject_low_verb" time="0.001" /><testcase classname="tests.data.test_corpus_builder_v2.TestCorpusBuilderPosThresholds" name="test_flat_thresholds_accept_verb" time="0.001" /><testcase classname="tests.data.test_corpus_builder_v2.TestCorpusBuilderPosThresholds" name="test_gold_tokens_never_filtered" time="0.001" /><testcase classname="tests.data.test_labeling_functions.TestLfZeyrekUnambiguous" name="test_single_parse_returns_index" time="0.000" /><testcase classname="tests.data.test_labeling_functions.TestLfZeyrekUnambiguous" name="test_multiple_parses_abstains" time="0.000" /><testcase classname="tests.data.test_labeling_functions.TestLfZeyrekUnambiguous" name="test_no_zeyrek_parses_abstains" time="0.000" /><testcase classname="tests.data.test_labeling_functions.TestLfZeyrekUnambiguous" name="test_empty_analyses_abstains" time="0.000" /><testcase classname="tests.data.test_labeling_functions.TestLfTRMorphUnambiguous" name="test_single_trmorph_returns_index" time="0.000" /><testcase classname="tests.data.test_labeling_functions.TestLfTRMorphUnambiguous" name="test_no_trmorph_abstains" time="0.000" /><testcase classname="tests.data.test_labeling_functions.TestLfSuffixRegex" name="test_ablative_suffix" time="0.000" /><testcase classname="tests.data.test_labeling_functions.TestLfSuffixRegex" name="test_locative_suffix" time="0.000" /><testcase classname="tests.data.test_labeling_functions.TestLfSuffixRegex" name="test_evidential_suffix" time="0.000" /><testcase classname="tests.data.test_labeling_functions.TestLfSuffixRegex" name="test_ambiguous_suffix_abstains" time="0.000" /><testcase classname="tests.data.test_labeling_functions.TestLfSuffixRegex" name="test_no_suffix_match_abstains" time="0.000" /><testcase classname="tests.data.test_labeling_functions.TestLfPosBigram" name="test_det_followed_by_noun" time="0.000" /><testcase classname="tests.data.test_labeling_functions.TestLfPosBigram" name="test_no_prev_pos_abstains" time="0.000" /><testcase classname="tests.data.test_labeling_functions.TestLfGazetteer" name="test_known_propn_votes_noun" time="0.001"><failure message="assert -1 == 0">tests/data/test_labeling_functions.py:156: in test_known_propn_votes_noun
    assert result == 0
E   assert -1 == 0</failure></testcase><testcase classname="tests.data.test_labeling_functions.TestLfGazetteer" name="test_unknown_word_abstains" time="0.000" /><testcase classname="tests.data.test_labeling_functions.TestLfNeuralDraft" name="test_always_abstains" time="0.000" /><testcase classname="tests.data.test_labeling_functions.TestBuildLabelMatrix" name="test_matrix_shape" time="0.001" /><testcase classname="tests.data.test_labeling_functions.TestBuildLabelMatrix" name="test_all_lfs_registered" time="0.000" /><testcase classname="tests.data.test_noise_audit" name="test_adapter_shapes_and_softmax_normalised" time="0.001" /><testcase classname="tests.data.test_noise_audit" name="test_adapter_strips_padding_positions" time="0.000" /><testcase classname="tests.data.test_noise_audit" name="test_adapter_handles_length_mismatch" time="0.000" /><testcase classname="tests.data.test_noise_audit" name="test_run_cleanlab_token_audit_writes_payload" time="0.002" /><testcase classname="tests.data.test_noise_audit" name="test_run_cleanlab_token_audit_assertion_on_mismatched_input" time="0.000" /><testcase classname="tests.data.test_paradigm_augmentation" name="test_attach_suffix_vowel_harmony_basic" time="0.000" /><testcase classname="tests.data.test_paradigm_augmentation" name="test_attach_suffix_buffer_consonants" time="0.000" /><testcase classname="tests.data.test_paradigm_augmentation" name="test_attach_suffix_voicing_alternation" time="0.000" /><testcase classname="tests.data.test_paradigm_augmentation" name="test_attach_suffix_ben_dan" time="0.000" /><testcase classname="tests.data.test_paradigm_augmentation" name="test_attach_suffix_su_da" time="0.000" /><testcase classname="tests.data.test_paradigm_augmentation" name="test_mine_voicing_alternations" time="0.001" /><testcase classname="tests.data.test_paradigm_augmentation" name="test_augmentation_budget_rarity_rule" time="0.001" /><testcase classname="tests.data.test_paradigm_augmentation" name="test_generate_paradigm_nominal" time="0.000" /><testcase classname="tests.data.test_paradigm_augmentation" name="test_augment_corpus_writes_synthetic_tier" time="0.001" /><testcase classname="tests.data.test_paradigm_augmentation" name="test_augment_corpus_validator_discard" time="0.001" /><testcase classname="tests.data.test_pii_scan.TestRegexPatterns" name="test_tc_kimlik_matches_11_digits" time="0.000" /><testcase classname="tests.data.test_pii_scan.TestRegexPatterns" name="test_tc_kimlik_no_match_10_digits" time="0.000" /><testcase classname="tests.data.test_pii_scan.TestRegexPatterns" name="test_tc_kimlik_no_match_12_digits" time="0.000" /><testcase classname="tests.data.test_pii_scan.TestRegexPatterns" name="test_tc_kimlik_word_boundary" time="0.000" /><testcase classname="tests.data.test_pii_scan.TestRegexPatterns" name="test_phone_plus90_format" time="0.000" /><testcase classname="tests.data.test_pii_scan.TestRegexPatterns" name="test_phone_plus90_compact" time="0.000" /><testcase classname="tests.data.test_pii_scan.TestRegexPatterns" name="test_phone_zero_prefix" time="0.000" /><testcase classname="tests.data.test_pii_scan.TestRegexPatterns" name="test_phone_no_match_short" time="0.000" /><testcase classname="tests.data.test_pii_scan.TestRegexPatterns" name="test_email_standard" time="0.000" /><testcase classname="tests.data.test_pii_scan.TestRegexPatterns" name="test_email_with_dots" time="0.000" /><testcase classname="tests.data.test_pii_scan.TestRegexPatterns" name="test_email_no_match_incomplete" time="0.000" /><testcase classname="tests.data.test_pii_scan.TestRegexPatterns" name="test_iban_turkish_compact" time="0.000" /><testcase classname="tests.data.test_pii_scan.TestRegexPatterns" name="test_iban_turkish_with_spaces" time="0.000" /><testcase classname="tests.data.test_pii_scan.TestRegexPatterns" name="test_iban_no_match_non_tr" time="0.000" /><testcase classname="tests.data.test_pii_scan.TestScanFile" name="test_finds_email_in_file" time="0.001" /><testcase classname="tests.data.test_pii_scan.TestScanFile" name="test_finds_multiple_types" time="0.001" /><testcase classname="tests.data.test_pii_scan.TestScanFile" name="test_empty_file_returns_empty" time="0.001" /><testcase classname="tests.data.test_pii_scan.TestScanFile" name="test_context_contains_match" time="0.001" /><testcase classname="tests.data.test_pii_scan.TestScanCorpus" name="test_recursive_scan" time="0.001" /><testcase classname="tests.data.test_pii_scan.TestScanCorpus" name="test_skips_non_matching_extensions" time="0.001" /><testcase classname="tests.data.test_pii_scan.TestCountProperNouns" name="test_counts_propn_tags" time="0.001" /><testcase classname="tests.data.test_pii_scan.TestCountProperNouns" name="test_empty_corpus" time="0.001" /><testcase classname="tests.data.test_pii_scan.TestGenerateReport" name="test_report_contains_summary" time="0.000" /><testcase classname="tests.data.test_pii_scan.TestGenerateReport" name="test_report_writes_file" time="0.001" /><testcase classname="tests.data.test_pii_scan.TestGenerateReport" name="test_empty_findings_report" time="0.000" /><testcase classname="tests.data.test_pii_scan.TestFrozenDataclass" name="test_pii_finding_is_frozen" time="0.000" /><testcase classname="tests.data.test_silver_correction" name="test_rule1_poss_on_verb_forces_noun" time="0.000" /><testcase classname="tests.data.test_silver_correction" name="test_rule2_adj_gazetteer_next_noun" time="0.000" /><testcase classname="tests.data.test_silver_correction" name="test_rule3_flags_only_no_mutation" time="0.000" /><testcase classname="tests.data.test_silver_correction" name="test_apply_corrections_skips_gold" time="0.001" /><testcase classname="tests.data.test_silver_correction" name="test_gold_sanity_check_high_agreement" time="0.001" /><testcase classname="tests.data.test_silver_correction" name="test_build_adj_gazetteer_from_fallback" time="0.001" /><testcase classname="tests.data.test_silver_correction" name="test_generate_human_audit_sample" time="0.001" /><testcase classname="tests.data.test_split_corpus.TestSplitCorpus" name="test_proportions" time="0.002" /><testcase classname="tests.data.test_split_corpus.TestSplitCorpus" name="test_no_sentence_overlap" time="0.002" /><testcase classname="tests.models.test_contextual_dual_head.TestPOSBigramContext" name="test_shape" time="0.016" /><testcase classname="tests.models.test_contextual_dual_head.TestPOSBigramContext" name="test_padding_zeros" time="0.001" /><testcase classname="tests.models.test_contextual_dual_head.TestPOSBigramContext" name="test_output_dim_property" time="0.000" /><testcase classname="tests.models.test_contextual_dual_head.TestWord2VecContext" name="test_shape" time="0.003" /><testcase classname="tests.models.test_contextual_dual_head.TestWord2VecContext" name="test_pretrained_weights_frozen" time="0.001" /><testcase classname="tests.models.test_contextual_dual_head.TestWord2VecContext" name="test_output_dim_property" time="0.001" /><testcase classname="tests.models.test_contextual_dual_head.TestSentenceBiGRUContext" name="test_shape" time="0.028" /><testcase classname="tests.models.test_contextual_dual_head.TestSentenceBiGRUContext" name="test_different_positions_differ" time="0.021" /><testcase classname="tests.models.test_contextual_dual_head.TestSentenceBiGRUContext" name="test_output_dim_property" time="0.001" /><testcase classname="tests.models.test_contextual_dual_head.TestBERTurkContext" name="test_shape" time="0.005" /><testcase classname="tests.models.test_contextual_dual_head.TestBERTurkContext" name="test_output_dim_property" time="0.002" /><testcase classname="tests.models.test_contextual_dual_head.TestBERTurkContext" name="test_bert_not_called_before_forward" time="0.002" /><testcase classname="tests.models.test_contextual_dual_head.TestContextualDualHeadAtomizerForward" name="test_shapes_with_word2vec_context" time="0.013" /><testcase classname="tests.models.test_contextual_dual_head.TestContextualDualHeadAtomizerForward" name="test_shapes_with_tuple_context" time="0.013" /><testcase classname="tests.models.test_contextual_dual_head.TestContextAffectsOutput" name="test_different_context_different_root_logits" time="0.011" /><testcase classname="tests.models.test_contextual_dual_head.TestContextualLossDecreases" name="test_loss_decreases" time="1.459" /><testcase classname="tests.models.test_contextual_dual_head.TestContextualGreedyDecode" name="test_decode_produces_strings" time="0.009" /><testcase classname="tests.models.test_contextual_dual_head.TestContextualGreedyDecode" name="test_decode_without_vocab_inv" time="0.008" /><testcase classname="tests.models.test_contrastive_root" name="test_build_prefix_groups_shared_prefix" time="0.001" /><testcase classname="tests.models.test_contrastive_root" name="test_contrastive_head_forward_shapes" time="0.008" /><testcase classname="tests.models.test_contrastive_root" name="test_contrastive_head_loss_drops_with_training" time="0.072" /><testcase classname="tests.models.test_contrastive_root" name="test_contrastive_head_no_gold_returns_distances_only" time="0.001" /><testcase classname="tests.models.test_contrastive_root" name="test_polysemous_roots_yaml_loader" time="0.001" /><testcase classname="tests.models.test_contrastive_root" name="test_dual_head_default_mlp_state_dict_unchanged" time="0.002" /><testcase classname="tests.models.test_contrastive_root" name="test_dual_head_contrastive_mode_creates_extra_params" time="0.003" /><testcase classname="tests.models.test_contrastive_root" name="test_dual_head_contrastive_forward_caches_loss" time="0.006" /><testcase classname="tests.models.test_contrastive_root" name="test_v2_checkpoint_backward_compat" time="0.001"><skipped type="pytest.skip" message="v2 checkpoint not present in this environment">/arf/home/scolakoglu/NLP_Project/tests/models/test_contrastive_root.py:141: v2 checkpoint not present in this environment</skipped></testcase><testcase classname="tests.models.test_contrastive_root" name="test_evaluate_polysemy_basic" time="0.000" /><testcase classname="tests.models.test_disambiguator.TestCandidateEncoder" name="test_output_shape" time="0.011" /><testcase classname="tests.models.test_disambiguator.TestCandidateEncoder" name="test_output_dim_property" time="0.001" /><testcase classname="tests.models.test_disambiguator.TestCandidateEncoder" name="test_padding_idx_zero" time="0.002" /><testcase classname="tests.models.test_disambiguator.TestBERTurkDisambiguator" name="test_forward_shape" time="0.032" /><testcase classname="tests.models.test_disambiguator.TestBERTurkDisambiguator" name="test_forward_no_loss_without_gold" time="0.020" /><testcase classname="tests.models.test_disambiguator.TestBERTurkDisambiguator" name="test_cached_bert_embeds" time="0.018" /><testcase classname="tests.models.test_disambiguator.TestScoreMasking" name="test_invalid_candidates_masked" time="0.018" /><testcase classname="tests.models.test_disambiguator.TestScoreMasking" name="test_argmax_ignores_masked" time="0.020" /><testcase classname="tests.models.test_disambiguator.TestSingleCandidate" name="test_single_candidate_always_selected" time="0.018" /><testcase classname="tests.models.test_disambiguator.TestTraining" name="test_loss_decreases" time="0.524" /><testcase classname="tests.models.test_disambiguator.TestGoldMatching" name="test_to_str_format_matches_gold" time="0.000" /><testcase classname="tests.models.test_disambiguator.TestGoldMatching" name="test_root_only_format" time="0.000" /><testcase classname="tests.models.test_disambiguator.TestOOVHandling" name="test_oov_gold_added_as_candidate" time="0.000" /><testcase classname="tests.models.test_grammar.TestVowelHarmony" name="test_valid_front" time="0.000" /><testcase classname="tests.models.test_grammar.TestVowelHarmony" name="test_valid_back" time="0.000" /><testcase classname="tests.models.test_grammar.TestVowelHarmony" name="test_two_way_violation" time="0.000" /><testcase classname="tests.models.test_grammar.TestVowelHarmony" name="test_four_way_warning" time="0.000" /><testcase classname="tests.models.test_grammar.TestVowelHarmony" name="test_single_vowel" time="0.000" /><testcase classname="tests.models.test_grammar.TestSpellChecker" name="test_deasciify_guzel" time="2.119" /><testcase classname="tests.models.test_grammar.TestSpellChecker" name="test_casing_istanbul" time="2.559" /><testcase classname="tests.models.test_grammar.TestSpellChecker" name="test_apostrophe_turkiyede" time="2.169" /><testcase classname="tests.models.test_grammar.TestSpellChecker" name="test_correct_applies_high_confidence" time="2.681" /><testcase classname="tests.models.test_grammar.TestSpellChecker" name="test_valid_word_no_suggestion" time="2.140" /><testcase classname="tests.models.test_grammar.TestGrammarChecker" name="test_genitive_possessive" time="2.632" /><testcase classname="tests.models.test_grammar.TestGrammarChecker" name="test_no_false_positive_possessive" time="2.114" /><testcase classname="tests.models.test_grammar.TestGrammarChecker" name="test_de_da_voiceless_rule" time="2.072" /><testcase classname="tests.models.test_grammar.TestGrammarChecker" name="test_well_formed_sentence" time="2.544" /><testcase classname="tests.models.test_grammar.TestPunctuationLabels" name="test_label_count" time="0.000" /><testcase classname="tests.models.test_grammar.TestPunctuationLabels" name="test_symbol_mapping" time="0.000" /><testcase classname="tests.models.test_grammar.TestPunctuationRestorer" name="test_forward_shape" time="0.019" /><testcase classname="tests.models.test_grammar.TestPunctuationRestorer" name="test_forward_with_labels" time="0.004" /><testcase classname="tests.models.test_grammar.TestPunctuationRestorer" name="test_loss_decreases" time="0.026" /><testcase classname="tests.models.test_grammar.TestUnifiedGrammarChecker" name="test_check_aggregates" time="2.041" /><testcase classname="tests.models.test_grammar.TestUnifiedGrammarChecker" name="test_correct_returns_fixed" time="2.544" /><testcase classname="tests.models.test_grammar.TestUnifiedGrammarChecker" name="test_result_dataclass" time="0.000" /><testcase classname="tests.models.test_grammar.TestUnifiedGrammarChecker" name="test_disabled_modules_skipped" time="0.000" /><testcase classname="tests.models.test_morphotactic_mask" name="test_full_canonical_coverage" time="0.000" /><testcase classname="tests.models.test_morphotactic_mask" name="test_legal_chain_passes" time="0.001" /><testcase classname="tests.models.test_morphotactic_mask" name="test_case_after_case_blocked" time="0.000" /><testcase classname="tests.models.test_morphotactic_mask" name="test_inflectional_before_derivational_allowed_via_state" time="0.000" /><testcase classname="tests.models.test_morphotactic_mask" name="test_pad_never_allowed" time="0.000" /><testcase classname="tests.models.test_morphotactic_mask" name="test_sos_only_allowed_in_start" time="0.000" /><testcase classname="tests.models.test_morphotactic_mask" name="test_batch_independent_state" time="0.000" /><testcase classname="tests.models.test_morphotactic_mask" name="test_reset_between_words" time="0.000" /><testcase classname="tests.models.test_morphotactic_mask" name="test_voice_to_deriv_allowed" time="0.000" /><testcase classname="tests.models.test_variational_dropout" name="test_variational_dropout_identity_when_p_zero" time="0.000" /><testcase classname="tests.models.test_variational_dropout" name="test_variational_dropout_identity_in_eval" time="0.000" /><testcase classname="tests.models.test_variational_dropout" name="test_variational_dropout_mask_locked_across_time" time="0.006" /><testcase classname="tests.models.test_variational_dropout" name="test_variational_dropout_scaling_preserves_mean" time="0.002" /><testcase classname="tests.models.test_variational_dropout" name="test_weight_dropout_drops_during_train_restores_in_eval" time="0.003" /><testcase classname="tests.models.test_variational_dropout" name="test_weight_dropout_zero_is_noop" time="0.001" /><testcase classname="tests.regression.test_golden" name="test_golden_root_present[gold_001]" time="1.991" /><testcase classname="tests.regression.test_golden" name="test_golden_root_present[gold_002]" time="0.001" /><testcase classname="tests.regression.test_golden" name="test_golden_root_present[gold_003]" time="0.002" /><testcase classname="tests.regression.test_golden" name="test_golden_root_present[gold_004]" time="0.002" /><testcase classname="tests.regression.test_golden" name="test_golden_root_present[gold_005]" time="0.002" /><testcase classname="tests.regression.test_golden" name="test_golden_root_present[gold_006]" time="0.002" /><testcase classname="tests.regression.test_golden" name="test_golden_root_present[gold_007]" time="0.001" /><testcase classname="tests.regression.test_golden" name="test_golden_root_present[gold_008]" time="0.001" /><testcase classname="tests.regression.test_golden" name="test_golden_root_present[gold_009]" time="0.001" /><testcase classname="tests.regression.test_golden" name="test_golden_root_present[gold_010]" time="0.003" /><testcase classname="tests.regression.test_golden" name="test_golden_root_present[gold_011]" time="0.001" /><testcase classname="tests.regression.test_golden" name="test_golden_root_present[gold_012]" time="0.002" /><testcase classname="tests.regression.test_golden" name="test_golden_root_present[gold_013]" time="0.002" /><testcase classname="tests.regression.test_golden" name="test_golden_root_present[gold_014]" time="0.004" /><testcase classname="tests.regression.test_golden" name="test_golden_root_present[gold_015]" time="0.002" /><testcase classname="tests.regression.test_golden" name="test_golden_root_present[gold_016]" time="0.002" /><testcase classname="tests.regression.test_golden" name="test_golden_root_present[gold_017]" time="0.001" /><testcase classname="tests.regression.test_golden" name="test_golden_root_present[gold_018]" time="0.003" /><testcase classname="tests.regression.test_golden" name="test_golden_root_present[gold_019]" time="0.002" /><testcase classname="tests.regression.test_golden" name="test_golden_root_present[gold_020]" time="0.001" /><testcase classname="tests.regression.test_golden" name="test_golden_root_present[gold_021]" time="0.001" /><testcase classname="tests.regression.test_golden" name="test_golden_root_present[gold_022]" time="0.002" /><testcase classname="tests.regression.test_golden" name="test_golden_root_present[gold_023]" time="0.002" /><testcase classname="tests.regression.test_golden" name="test_golden_root_present[gold_024]" time="0.002" /><testcase classname="tests.regression.test_golden" name="test_golden_root_present[gold_025]" time="0.002" /><testcase classname="tests.regression.test_golden" name="test_golden_root_present[gold_026]" time="0.001" /><testcase classname="tests.regression.test_golden" name="test_golden_root_present[gold_027]" time="0.001" /><testcase classname="tests.regression.test_golden" name="test_golden_root_present[gold_028]" time="0.002" /><testcase classname="tests.regression.test_golden" name="test_golden_root_present[gold_029]" time="0.002" /><testcase classname="tests.regression.test_golden" name="test_golden_root_present[gold_030]" time="0.002" /><testcase classname="tests.regression.test_golden" name="test_golden_root_present[gold_031]" time="0.001" /><testcase classname="tests.regression.test_golden" name="test_golden_root_present[gold_032]" time="0.002" /><testcase classname="tests.regression.test_golden" name="test_golden_root_present[gold_033]" time="0.002" /><testcase classname="tests.regression.test_golden" name="test_golden_root_present[gold_034]" time="0.002" /><testcase classname="tests.regression.test_golden" name="test_golden_root_present[gold_035]" time="0.003" /><testcase classname="tests.regression.test_golden" name="test_golden_root_present[gold_036]" time="0.002" /><testcase classname="tests.regression.test_golden" name="test_golden_root_present[gold_037]" time="0.001" /><testcase classname="tests.regression.test_golden" name="test_golden_root_present[gold_038]" time="0.002" /><testcase classname="tests.regression.test_golden" name="test_golden_root_present[gold_039]" time="0.002" /><testcase classname="tests.regression.test_golden" name="test_golden_root_present[gold_040]" time="0.001" /><testcase classname="tests.regression.test_golden" name="test_golden_root_present[gold_041]" time="0.002" /><testcase classname="tests.regression.test_golden" name="test_golden_root_present[gold_042]" time="0.001" /><testcase classname="tests.regression.test_golden" name="test_golden_root_present[gold_043]" time="0.001" /><testcase classname="tests.regression.test_golden" name="test_golden_root_present[gold_044]" time="0.001" /><testcase classname="tests.regression.test_golden" name="test_golden_root_present[gold_045]" time="0.001" /><testcase classname="tests.regression.test_golden" name="test_golden_root_present[gold_046]" time="0.003" /><testcase classname="tests.regression.test_golden" name="test_golden_root_present[gold_047]" time="0.002" /><testcase classname="tests.regression.test_golden" name="test_golden_root_present[gold_048]" time="0.002" /><testcase classname="tests.regression.test_golden" name="test_golden_root_present[gold_049]" time="0.001" /><testcase classname="tests.regression.test_golden" name="test_golden_root_present[gold_050]" time="0.002" /><testcase classname="tests.regression.test_golden" name="test_golden_root_present[gold_051]" time="0.003" /><testcase classname="tests.regression.test_golden" name="test_golden_root_present[gold_052]" time="0.002" /><testcase classname="tests.regression.test_golden" name="test_golden_tags_present[gold_001]" time="0.000" /><testcase classname="tests.regression.test_golden" name="test_golden_tags_present[gold_002]" time="0.000" /><testcase classname="tests.regression.test_golden" name="test_golden_tags_present[gold_003]" time="0.000" /><testcase classname="tests.regression.test_golden" name="test_golden_tags_present[gold_004]" time="0.000" /><testcase classname="tests.regression.test_golden" name="test_golden_tags_present[gold_005]" time="0.000" /><testcase classname="tests.regression.test_golden" name="test_golden_tags_present[gold_006]" time="0.000" /><testcase classname="tests.regression.test_golden" name="test_golden_tags_present[gold_007]" time="0.000" /><testcase classname="tests.regression.test_golden" name="test_golden_tags_present[gold_008]" time="0.000" /><testcase classname="tests.regression.test_golden" name="test_golden_tags_present[gold_009]" time="0.000" /><testcase classname="tests.regression.test_golden" name="test_golden_tags_present[gold_010]" time="0.000" /><testcase classname="tests.regression.test_golden" name="test_golden_tags_present[gold_011]" time="0.000" /><testcase classname="tests.regression.test_golden" name="test_golden_tags_present[gold_012]" time="0.000" /><testcase classname="tests.regression.test_golden" name="test_golden_tags_present[gold_013]" time="0.000" /><testcase classname="tests.regression.test_golden" name="test_golden_tags_present[gold_014]" time="0.000" /><testcase classname="tests.regression.test_golden" name="test_golden_tags_present[gold_015]" time="0.000" /><testcase classname="tests.regression.test_golden" name="test_golden_tags_present[gold_016]" time="0.000" /><testcase classname="tests.regression.test_golden" name="test_golden_tags_present[gold_017]" time="0.000" /><testcase classname="tests.regression.test_golden" name="test_golden_tags_present[gold_018]" time="0.000" /><testcase classname="tests.regression.test_golden" name="test_golden_tags_present[gold_019]" time="0.000" /><testcase classname="tests.regression.test_golden" name="test_golden_tags_present[gold_020]" time="0.000" /><testcase classname="tests.regression.test_golden" name="test_golden_tags_present[gold_021]" time="0.000" /><testcase classname="tests.regression.test_golden" name="test_golden_tags_present[gold_022]" time="0.000" /><testcase classname="tests.regression.test_golden" name="test_golden_tags_present[gold_023]" time="0.000" /><testcase classname="tests.regression.test_golden" name="test_golden_tags_present[gold_024]" time="0.000" /><testcase classname="tests.regression.test_golden" name="test_golden_tags_present[gold_025]" time="0.000" /><testcase classname="tests.regression.test_golden" name="test_golden_tags_present[gold_026]" time="0.000" /><testcase classname="tests.regression.test_golden" name="test_golden_tags_present[gold_027]" time="0.000" /><testcase classname="tests.regression.test_golden" name="test_golden_tags_present[gold_028]" time="0.000" /><testcase classname="tests.regression.test_golden" name="test_golden_tags_present[gold_029]" time="0.000" /><testcase classname="tests.regression.test_golden" name="test_golden_tags_present[gold_030]" time="0.000" /><testcase classname="tests.regression.test_golden" name="test_golden_tags_present[gold_031]" time="0.000" /><testcase classname="tests.regression.test_golden" name="test_golden_tags_present[gold_032]" time="0.000" /><testcase classname="tests.regression.test_golden" name="test_golden_tags_present[gold_033]" time="0.000" /><testcase classname="tests.regression.test_golden" name="test_golden_tags_present[gold_034]" time="0.000" /><testcase classname="tests.regression.test_golden" name="test_golden_tags_present[gold_035]" time="0.000" /><testcase classname="tests.regression.test_golden" name="test_golden_tags_present[gold_036]" time="0.000" /><testcase classname="tests.regression.test_golden" name="test_golden_tags_present[gold_037]" time="0.000" /><testcase classname="tests.regression.test_golden" name="test_golden_tags_present[gold_038]" time="0.000" /><testcase classname="tests.regression.test_golden" name="test_golden_tags_present[gold_039]" time="0.000" /><testcase classname="tests.regression.test_golden" name="test_golden_tags_present[gold_040]" time="0.000" /><testcase classname="tests.regression.test_golden" name="test_golden_tags_present[gold_041]" time="0.000" /><testcase classname="tests.regression.test_golden" name="test_golden_tags_present[gold_042]" time="0.000" /><testcase classname="tests.regression.test_golden" name="test_golden_tags_present[gold_043]" time="0.000" /><testcase classname="tests.regression.test_golden" name="test_golden_tags_present[gold_044]" time="0.000" /><testcase classname="tests.regression.test_golden" name="test_golden_tags_present[gold_045]" time="0.000" /><testcase classname="tests.regression.test_golden" name="test_golden_tags_present[gold_046]" time="0.000" /><testcase classname="tests.regression.test_golden" name="test_golden_tags_present[gold_047]" time="0.000" /><testcase classname="tests.regression.test_golden" name="test_golden_tags_present[gold_048]" time="0.000" /><testcase classname="tests.regression.test_golden" name="test_golden_tags_prese
[...]
="test_basic_clean" time="0.000" /><testcase classname="tests.test_ariturk.TestTextCleaner" name="test_no_lowercase" time="0.000" /><testcase classname="tests.test_ariturk.TestTextCleaner" name="test_remove_punctuation" time="0.000" /><testcase classname="tests.test_ariturk.TestTextCleaner" name="test_min_word_length" time="0.000" /><testcase classname="tests.test_ariturk.TestTextCleaner" name="test_clean_batch" time="0.000" /><testcase classname="tests.test_ariturk.TestTextCleaner" name="test_is_clean" time="0.000" /><testcase classname="tests.test_ariturk.TestQualityChecker" name="test_gold_from_boun" time="0.000" /><testcase classname="tests.test_ariturk.TestQualityChecker" name="test_gold_from_imst" time="0.000" /><testcase classname="tests.test_ariturk.TestQualityChecker" name="test_silver" time="0.000" /><testcase classname="tests.test_ariturk.TestQualityChecker" name="test_bronze_single_source" time="0.000" /><testcase classname="tests.test_ariturk.TestQualityChecker" name="test_bronze_disagree" time="0.000" /><testcase classname="tests.test_ariturk.TestQualityChecker" name="test_validate_ok" time="0.000" /><testcase classname="tests.test_ariturk.TestQualityChecker" name="test_validate_missing_prefix" time="0.000" /><testcase classname="tests.test_ariturk.TestQualityChecker" name="test_validate_empty" time="0.000" /><testcase classname="tests.test_ariturk.TestBoundaryExtractor" name="test_simple_plural" time="0.000" /><testcase classname="tests.test_ariturk.TestBoundaryExtractor" name="test_possessive_ablative" time="0.000" /><testcase classname="tests.test_ariturk.TestBoundaryExtractor" name="test_no_suffix" time="0.000" /><testcase classname="tests.test_ariturk.TestBoundaryExtractor" name="test_extract_batch" time="0.000" /><testcase classname="tests.test_kokturk" name="test_atomizer_import" time="0.000" /><testcase classname="tests.test_kokturk" name="test_analysis_result_import" time="0.000" /><testcase classname="tests.test_kokturk" name="test_version" time="0.000" /><testcase classname="tests.test_kokturk" name="test_atomizer_analyze" time="2.012" /><testcase classname="tests.test_kokturk" name="test_atomizer_analyze_all" time="2.543" /><testcase classname="tests.test_kokturk" name="test_to_canonical" time="2.118" /><testcase classname="tests.test_kokturk" name="test_analyze_batch" time="2.027" /><testcase classname="tests.test_kokturk" name="test_unknown_word_returns_string" time="2.645" /><testcase classname="tests.train.test_bucket_batching.TestBucketBatchSampler" name="test_all_indices_covered" time="0.002" /><testcase classname="tests.train.test_bucket_batching.TestBucketBatchSampler" name="test_batch_size_respected" time="0.001" /><testcase classname="tests.train.test_bucket_batching.TestBucketBatchSampler" name="test_drop_last" time="0.000" /><testcase classname="tests.train.test_bucket_batching.TestBucketBatchSampler" name="test_len" time="0.000" /><testcase classname="tests.train.test_bucket_batching.TestBucketBatchSampler" name="test_subset_indices" time="0.000" /><testcase classname="tests.train.test_bucket_batching.TestBucketBatchSampler" name="test_shuffle_changes_order" time="0.001" /><testcase classname="tests.train.test_bucket_batching.TestBucketBatchSampler" name="test_auto_boundaries" time="0.000" /><testcase classname="tests.train.test_bucket_batching.TestComputePadFraction" name="test_no_padding" time="0.000" /><testcase classname="tests.train.test_bucket_batching.TestComputePadFraction" name="test_heavy_padding" time="0.000" /><testcase classname="tests.train.test_bucket_batching.TestComputePadFraction" name="test_empty" time="0.000" /><testcase classname="tests.train.test_bucket_batching.TestComputePadFraction" name="test_single_item" time="0.000" /><testcase classname="tests.train.test_bucket_batching.TestDynamicPadCollate" name="test_pads_to_batch_max" time="0.001" /><testcase classname="tests.train.test_bucket_batching.TestDynamicPadCollate" name="test_preserves_values" time="0.000" /><testcase classname="tests.train.test_bucket_batching.TestAnalyzeBatchingEfficiency" name="test_bucket_better_than_naive" time="0.001" /><testcase classname="tests.train.test_bucket_batching.TestAnalyzeBatchingEfficiency" name="test_uniform_lengths" time="0.001" /><testcase classname="tests.train.test_bucket_batching.TestAnalyzeBatchingEfficiency" name="test_empty" time="0.000" /><testcase classname="tests.train.test_char_gru.TestBahdanauAttention" name="test_output_shapes" time="0.008" /><testcase classname="tests.train.test_char_gru.TestBahdanauAttention" name="test_weights_sum_to_one" time="0.002" /><testcase classname="tests.train.test_char_gru.TestMorphAtomizer" name="test_forward_with_teacher_forcing" time="0.014" /><testcase classname="tests.train.test_char_gru.TestMorphAtomizer" name="test_forward_without_target" time="0.007" /><testcase classname="tests.train.test_char_gru.TestMorphAtomizer" name="test_greedy_decode" time="0.008" /><testcase classname="tests.train.test_char_gru.TestMorphAtomizer" name="test_loss_decreases" time="0.173" /><testcase classname="tests.train.test_char_gru.TestMorphAtomizer" name="test_count_parameters" time="0.002" /><testcase classname="tests.train.test_copy_mechanism.TestForwardPass" name="test_forward_returns_tuple" time="0.016" /><testcase classname="tests.train.test_copy_mechanism.TestForwardPass" name="test_logits_shape" time="0.016" /><testcase classname="tests.train.test_copy_mechanism.TestForwardPass" name="test_root_logits_shape" time="0.016" /><testcase classname="tests.train.test_copy_mechanism.TestForwardPass" name="test_forward_no_target" time="0.022" /><testcase classname="tests.train.test_copy_mechanism.TestGreedyDecode" name="test_decode_shape" time="0.017" /><testcase classname="tests.train.test_copy_mechanism.TestGreedyDecode" name="test_decode_dtype" time="0.017" /><testcase classname="tests.train.test_copy_mechanism.TestCopyTagDecoder" name="test_p_gen_range" time="0.004" /><testcase classname="tests.train.test_copy_mechanism.TestRootHead" name="test_root_head_output_shape" time="0.005" /><testcase classname="tests.train.test_copy_mechanism.TestCountParameters" name="test_count_positive" time="0.004" /><testcase classname="tests.train.test_copy_mechanism.TestCountParameters" name="test_copy_model_larger_than_base" time="0.009" /><testcase classname="tests.train.test_curriculum.TestGetCurriculumPhase" name="test_epoch_1_gold_only" time="0.000" /><testcase classname="tests.train.test_curriculum.TestGetCurriculumPhase" name="test_epoch_3_gold_only" time="0.000" /><testcase classname="tests.train.test_curriculum.TestGetCurriculumPhase" name="test_epoch_4_gold_and_silver" time="0.000" /><testcase classname="tests.train.test_curriculum.TestGetCurriculumPhase" name="test_epoch_12_gold_and_silver" time="0.000" /><testcase classname="tests.train.test_curriculum.TestGetCurriculumPhase" name="test_epoch_13_all_tiers" time="0.000" /><testcase classname="tests.train.test_curriculum.TestGetCurriculumPhase" name="test_epoch_20_all_tiers" time="0.000" /><testcase classname="tests.train.test_curriculum.TestGetCurriculumPhase" name="test_epoch_21_gold_only" time="0.000" /><testcase classname="tests.train.test_curriculum.TestGetCurriculumPhase" name="test_epoch_25_gold_only" time="0.000" /><testcase classname="tests.train.test_curriculum.TestGetCurriculumPhase" name="test_epoch_26_all_tiers" time="0.000" /><testcase classname="tests.train.test_curriculum.TestGetCurriculumPhase" name="test_epoch_30_all_tiers" time="0.000" /><testcase classname="tests.train.test_curriculum.TestGetAllowedTiers" name="test_gold_only" time="0.000" /><testcase classname="tests.train.test_curriculum.TestGetAllowedTiers" name="test_gold_and_silver_auto" time="0.000" /><testcase classname="tests.train.test_curriculum.TestGetAllowedTiers" name="test_all_tiers" time="0.000" /><testcase classname="tests.train.test_curriculum.TestScheduledSamplingRatio" name="test_epoch_0_near_one" time="0.000" /><testcase classname="tests.train.test_curriculum.TestScheduledSamplingRatio" name="test_monotonically_decreasing" time="0.000" /><testcase classname="tests.train.test_curriculum.TestScheduledSamplingRatio" name="test_approaches_zero" time="0.000" /><testcase classname="tests.train.test_curriculum.TestGetLearningRate" name="test_epoch_1_warmup_start" time="0.000" /><testcase classname="tests.train.test_curriculum.TestGetLearningRate" name="test_epoch_3_warmup_end" time="0.000" /><testcase classname="tests.train.test_curriculum.TestGetLearningRate" name="test_epoch_25_constant" time="0.000" /><testcase classname="tests.train.test_curriculum.TestGetLearningRate" name="test_epoch_30_constant" time="0.000" /><testcase classname="tests.train.test_curriculum.TestComputeTierWeights" name="test_gold_weight" time="0.000" /><testcase classname="tests.train.test_curriculum.TestComputeTierWeights" name="test_silver_auto_weight" time="0.000" /><testcase classname="tests.train.test_curriculum.TestComputeTierWeights" name="test_silver_agreed_weight" time="0.000" /><testcase classname="tests.train.test_curriculum.TestComputeTierWeights" name="test_batch" time="0.001" /><testcase classname="tests.train.test_domain_curriculum" name="test_trendyol_clean_review_strips_noise" time="0.000" /><testcase classname="tests.train.test_domain_curriculum" name="test_trendyol_skips_short_reviews" time="0.003" /><testcase classname="tests.train.test_domain_curriculum" name="test_bounti_missing_path_returns_zero" time="0.001" /><testcase classname="tests.train.test_domain_curriculum" name="test_bounti_reads_local_txt" time="0.001" /><testcase classname="tests.train.test_domain_curriculum" name="test_domain_curriculum_initial_state" time="0.000" /><testcase classname="tests.train.test_domain_curriculum" name="test_domain_curriculum_manual_advance" time="0.000" /><testcase classname="tests.train.test_domain_curriculum" name="test_domain_curriculum_delegates_to_taac" time="0.000" /><testcase classname="tests.train.test_dual_head" name="test_attention_pooling_shape" time="0.001" /><testcase classname="tests.train.test_dual_head" name="test_root_head_shape" time="0.001" /><testcase classname="tests.train.test_dual_head" name="test_dual_head_forward_shapes" time="0.031" /><testcase classname="tests.train.test_dual_head" name="test_tag_target_alignment" time="0.046" /><testcase classname="tests.train.test_dual_head" name="test_loss_decreases" time="0.093" /><testcase classname="tests.train.test_dual_head" name="test_greedy_decode_produces_string" time="0.010" /><testcase classname="tests.train.test_dual_head" name="test_root_head_uses_gold_at_train" time="0.015" /><testcase classname="tests.train.test_dual_head" name="test_no_sos_first_step" time="0.009" /><testcase classname="tests.train.test_ema" name="test_shadow_matches_initial_params" time="0.005" /><testcase classname="tests.train.test_ema" name="test_update_math" time="0.002" /><testcase classname="tests.train.test_ema" name="test_apply_restore_roundtrip" time="0.002" /><testcase classname="tests.train.test_ema" name="test_decay_one_never_updates" time="0.002" /><testcase classname="tests.train.test_losses" name="test_focal_gamma_zero_equals_ce" time="0.013" /><testcase classname="tests.train.test_losses" name="test_focal_gamma_positive_differs_from_ce" time="0.003" /><testcase classname="tests.train.test_losses" name="test_focal_ignore_index_zero_contribution" time="0.002" /><testcase classname="tests.train.test_losses" name="test_focal_no_nan_on_extreme_logits" time="0.001" /><testcase classname="tests.train.test_losses" name="test_focal_label_smoothing_nonzero" time="0.002" /><testcase classname="tests.train.test_losses" name="test_label_smoothing_eps_zero_equals_ce" time="0.002" /><testcase classname="tests.train.test_losses" name="test_label_smoothing_ignore_index" time="0.002" /><testcase classname="tests.train.test_losses" name="test_sce_shape_and_finiteness" time="0.002" /><testcase classname="tests.train.test_losses" name="test_sce_ignore_index" time="0.002" /><testcase classname="tests.train.test_losses" name="test_sce_no_neg_inf_on_onehot_log" time="0.002" /><testcase classname="tests.train.test_losses" name="test_tier_weight_integration_shape" time="0.002" /><testcase classname="tests.train.test_losses" name="test_build_loss_factory" time="0.002" /><testcase classname="tests.train.test_model_registry.TestRegisterModel" name="test_register_model_builds_correct_uri" time="1.008" /><testcase classname="tests.train.test_model_registry.TestRegisterModel" name="test_register_model_default_name" time="0.001" /><testcase classname="tests.train.test_model_registry.TestPromoteToChampion" name="test_promote_calls_set_alias" time="0.001" /><testcase classname="tests.train.test_model_registry.TestGetChampionUri" name="test_default_model_name" time="0.000" /><testcase classname="tests.train.test_model_registry.TestGetChampionUri" name="test_custom_model_name" time="0.000" /><testcase classname="tests.train.test_model_registry.TestRollback" name="test_rollback_sets_champion_to_old_version" time="0.001" /><testcase classname="tests.train.test_rdrop" name="test_symmetric_kl_zero_when_identical" time="0.003" /><testcase classname="tests.train.test_rdrop" name="test_symmetric_kl_is_symmetric" time="0.002" /><testcase classname="tests.train.test_rdrop" name="test_rdrop_alpha_zero_matches_avg_ce" time="0.016" /><testcase classname="tests.train.test_rdrop" name="test_rdrop_ignore_index_masks_kl" time="0.054" /><testcase classname="tests.train.test_rdrop" name="test_rdrop_3d_logits_flatten" time="0.055" /><testcase classname="tests.train.test_rdrop" name="test_rdrop_integrates_with_focal_loss" time="0.037" /><testcase classname="tests.train.test_rdrop" name="test_rdrop_integrates_with_label_smoothing" time="0.036" /><testcase classname="tests.train.test_reproducibility.TestSeedEverything" name="test_same_seed_deterministic_torch" time="0.006" /><testcase classname="tests.train.test_reproducibility.TestSeedEverything" name="test_same_seed_deterministic_numpy" time="0.003" /><testcase classname="tests.train.test_reproducibility.TestSeedEverything" name="test_different_seeds_produce_different_output" time="0.002" /><testcase classname="tests.train.test_reproducibility.TestSeedEverything" name="test_cudnn_flags_set" time="0.001" /><testcase classname="tests.train.test_reproducibility.TestWorkerInitFn" name="test_different_workers_different_seeds" time="0.002" /><testcase classname="tests.train.test_reproducibility.TestCaptureEnvironment" name="test_returns_expected_keys" time="0.582" /><testcase classname="tests.train.test_reproducibility.TestCaptureEnvironment" name="test_python_version_populated" time="0.521" /><testcase classname="tests.train.test_reproducibility.TestCaptureEnvironment" name="test_torch_version_populated" time="0.512" /><testcase classname="tests.train.test_reproducibility.TestCaptureEnvironment" name="test_git_commit_not_empty" time="0.509" /><testcase classname="tests.train.test_scheduled_sampling.TestScheduledSampling" name="test_epoch_0_value" time="0.002" /><testcase classname="tests.train.test_scheduled_sampling.TestScheduledSampling" name="test_epoch_5_less_than_epoch_0" time="0.000" /><testcase classname="tests.train.test_scheduled_sampling.TestScheduledSampling" name="test_epoch_20_near_zero" time="0.000" /><testcase classname="tests.train.test_scheduled_sampling.TestScheduledSampling" name="test_always_positive" time="0.000" /><testcase classname="tests.train.test_scheduled_sampling.TestScheduledSampling" name="test_monotonically_decreasing" time="0.000" /><testcase classname="tests.train.test_smoke.TestTrainingPipeline" name="test_end_to_end_tiny" time="0.080" /><testcase classname="tests.train.test_taac.TestInitialState" name="test_initial_phase" time="0.000" /><testcase classname="tests.train.test_taac.TestInitialState" name="test_initial_allowed_tiers" time="0.000" /><testcase classname="tests.train.test_taac.TestInitialState" name="test_initial_phase_before_any_step" time="0.000" /><testcase classname="tests.train.test_taac.TestTransitionOnPlateau" name="test_transitions_after_patience_plateau_epochs" time="0.000" /><testcase classname="tests.train.test_taac.TestTransitionOnPlateau" name="test_no_transition_if_loss_keeps_improving" time="0.000" /><testcase classname="tests.train.test_taac.TestTransitionOnPlateau" name="test_plateau_count_resets_on_improvement" time="0.000" /><testcase classname="tests.train.test_taac.TestMinEpochs" name="test_no_transition_before_min_epochs" time="0.000" /><testcase classname="tests.train.test_taac.TestMinEpochs" name="test_still_at_initial_phase_after_one_plateau_step_with_high_min" time="0.000" /><testcase classname="tests.train.test_taac.TestMaxEpochs" name="test_force_transition_at_max_epochs" time="0.000" /><testcase classname="tests.train.test_taac.TestMaxEpochs" name="test_hard_cap_overrides_patience" time="0.000" /><testcase classname="tests.train.test_taac.TestFinalPhaseStability" name="test_stays_at_all_final" time="0.000" /><testcase classname="tests.train.test_taac.TestFinalPhaseStability" name="test_phase_idx_does_not_exceed_bound" time="0.000" /><testcase classname="tests.train.test_taac.TestStepReturnDict" name="test_returns_all_required_keys" time="0.000" /><testcase classname="tests.train.test_taac.TestStepReturnDict" name="test_phase_is_string" time="0.000" /><testcase classname="tests.train.test_taac.TestStepReturnDict" name="test_allowed_tiers_is_set" time="0.000" /><testcase classname="tests.train.test_taac.TestStepReturnDict" name="test_should_transition_is_bool" time="0.000" /><testcase classname="tests.train.test_taac.TestStepReturnDict" name="test_tier_weights_is_dict" time="0.000" /><testcase classname="tests.train.test_taac.TestLRMultipliers" name="test_lr_multipliers_non_increasing" time="0.000" /><testcase classname="tests.train.test_taac.TestLRMultipliers" name="test_lr_multiplier_at_gold_only_is_1" time="0.000" /><testcase classname="tests.train.test_taac.TestLRMultipliers" name="test_lr_multiplier_all_final_is_smallest" time="0.000" /><testcase classname="tests.train.test_taac.TestAllowedTiersPerPhase" name="test_gold_only_tiers" time="0.000" /><testcase classname="tests.train.test_taac.TestAllowedTiersPerPhase" name="test_gold_and_silver_auto_tiers" time="0.000" /><testcase classname="tests.train.test_taac.TestAllowedTiersPerPhase" name="test_all_tiers" time="0.000" /><testcase classname="tests.train.test_taac.TestAllowedTiersPerPhase" name="test_gold_calibration_same_as_gold_only" time="0.000" /><testcase classname="tests.train.test_taac.TestAllowedTiersPerPhase" name="test_all_final_same_as_all_tiers" time="0.000" /><testcase classname="tests.train.test_taac.TestAllowedTiersPerPhase" name="test_taac_phases_list_coverage" time="0.000" /><testcase classname="tests.train.test_taac_component.TestComponentAware" name="test_waits_for_slow_head" time="0.000" /><testcase classname="tests.train.test_taac_component.TestComponentAware" name="test_tag_gates_transition" time="0.000" /><testcase classname="tests.train.test_taac_component.TestComponentAware" name="test_max_epochs_forces_transition" time="0.000" /><testcase classname="tests.train.test_taac_component.TestComponentAware" name="test_fallback_to_loss_when_no_component_losses" time="0.000" /><testcase classname="tests.train.test_taac_component.TestEnsemble" name="test_needs_two_votes" time="0.000" /><testcase classname="tests.train.test_taac_component.TestEnsemble" name="test_grad_norm_stability" time="0.000" /><testcase classname="tests.train.test_taac_component.TestBackwardCompatibility" name="test_step_with_val_loss_only" time="0.000" /><testcase classname="tests.train.test_taac_component.TestBackwardCompatibility" name="test_loss_mode_ignores_component_args" time="0.000" /><testcase classname="tests.train.test_taac_component.TestBackwardCompatibility" name="test_default_transition_mode_is_component" time="0.002" /></testsuite></testsuites>